2023-09-29 16:50:09,126 [INFO] Activator:177 - 


2023-09-29 16:50:09,128 [INFO] Activator:178 - !SESSION log4j initialized
2023-09-29 16:50:16,177 [INFO] McuFinderGlobals:39 - Set McuFinder mode to 2 (CubeIDE integrated)
2023-09-29 16:50:18,991 [INFO] ApplicationProperties:181 - Using Application install path: D:\STM32\STM32CubeIDE_1.7.0\STM32CubeIDE\plugins\com.st.stm32cube.common.mx_6.3.0.202107141111
2023-09-29 16:50:19,009 [INFO] DbMcusXml:74 - Set database path to: D:\STM32\STM32CubeIDE_1.7.0\STM32CubeIDE\plugins\com.st.stm32cube.common.mx_6.3.0.202107141111\\db\/mcu/
2023-09-29 16:50:19,014 [INFO] DbBoardsPdsc:56 - Set plugin database path to: D:\STM32\STM32CubeIDE_1.7.0\STM32CubeIDE\plugins\com.st.stm32cube.common.mx_6.3.0.202107141111\\db\/plugins/boardmanager/
2023-09-29 16:50:19,016 [INFO] DbMcus:258 - Set plugin images path to: D:\STM32\STM32CubeIDE_1.7.0\STM32CubeIDE\plugins\com.st.stm32cube.common.mx_6.3.0.202107141111\\db\/plugins/mcufinder/images/
2023-09-29 16:50:19,016 [INFO] DbBoards:264 - Set plugin images path to: D:\STM32\STM32CubeIDE_1.7.0\STM32CubeIDE\plugins\com.st.stm32cube.common.mx_6.3.0.202107141111\\db\/plugins/mcufinder/images/
2023-09-29 16:50:19,021 [INFO] DbExamples:333 - Set plugin images path to: D:\STM32\STM32CubeIDE_1.7.0\STM32CubeIDE\plugins\com.st.stm32cube.common.mx_6.3.0.202107141111\\db\/plugins/mcufinder/images/
2023-09-29 16:50:19,030 [INFO] DbMcusAds:119 - Set database path to: C:\Users\Administrator\.stmcufinder\plugins\mcufinder//mcu/
2023-09-29 16:50:19,030 [INFO] DbMcusDocs:110 - Set database path to: C:\Users\Administrator\.stmcufinder\plugins\mcufinder//mcu/
2023-09-29 16:50:19,034 [INFO] DbMcusJson:64 - Set database path to: C:\Users\Administrator\.stmcufinder\plugins\mcufinder//mcu/
2023-09-29 16:50:19,035 [INFO] DbBoardsDocs:110 - Set database path to: C:\Users\Administrator\.stmcufinder\plugins\mcufinder//mcu/
2023-09-29 16:50:19,036 [INFO] DbBoardsJson:57 - Set database path to: C:\Users\Administrator\.stmcufinder\plugins\mcufinder//mcu/
2023-09-29 16:50:19,040 [INFO] CrossReferenceDbSqlite:196 - Set database path to: C:\Users\Administrator\.stmcufinder\plugins\mcufinder//mcu/cs/
2023-09-29 16:50:19,044 [INFO] DbExamplesSqlite:767 - Set database path to: C:\Users\Administrator\.stmcufinder\plugins\mcufinder//mcu/
2023-09-29 16:50:19,193 [INFO] RulesReader:57 - Compatibility file has been processed (242 Rules)
2023-09-29 16:50:19,331 [INFO] DbMcusXml:74 - Set database path to: D:\STM32\STM32CubeIDE_1.7.0\STM32CubeIDE\plugins\com.st.stm32cube.common.mx_6.3.0.202107141111\\db\/mcu/
2023-09-29 16:50:19,332 [INFO] DbBoardsPdsc:56 - Set plugin database path to: D:\STM32\STM32CubeIDE_1.7.0\STM32CubeIDE\plugins\com.st.stm32cube.common.mx_6.3.0.202107141111\\db\/plugins/boardmanager/
2023-09-29 16:50:19,333 [INFO] DbMcus:258 - Set plugin images path to: D:\STM32\STM32CubeIDE_1.7.0\STM32CubeIDE\plugins\com.st.stm32cube.common.mx_6.3.0.202107141111\\db\/plugins/mcufinder/images/
2023-09-29 16:50:19,333 [INFO] DbBoards:264 - Set plugin images path to: D:\STM32\STM32CubeIDE_1.7.0\STM32CubeIDE\plugins\com.st.stm32cube.common.mx_6.3.0.202107141111\\db\/plugins/mcufinder/images/
2023-09-29 16:50:19,333 [INFO] DbExamples:333 - Set plugin images path to: D:\STM32\STM32CubeIDE_1.7.0\STM32CubeIDE\plugins\com.st.stm32cube.common.mx_6.3.0.202107141111\\db\/plugins/mcufinder/images/
2023-09-29 16:50:19,333 [WARN] DbFile:35 - Overriding database path with different value: C:\Users\Administrator\.stmcufinder\plugins\mcufinder/ => C:\Users\Administrator\.stmcufinder\plugins\mcufinder
2023-09-29 16:50:19,333 [INFO] DbMcusAds:119 - Set database path to: C:\Users\Administrator\.stmcufinder\plugins\mcufinder//mcu/
2023-09-29 16:50:19,334 [WARN] DbFile:35 - Overriding database path with different value: C:\Users\Administrator\.stmcufinder\plugins\mcufinder/ => C:\Users\Administrator\.stmcufinder\plugins\mcufinder
2023-09-29 16:50:19,334 [INFO] DbMcusDocs:110 - Set database path to: C:\Users\Administrator\.stmcufinder\plugins\mcufinder//mcu/
2023-09-29 16:50:19,334 [WARN] DbFile:35 - Overriding database path with different value: C:\Users\Administrator\.stmcufinder\plugins\mcufinder/ => C:\Users\Administrator\.stmcufinder\plugins\mcufinder
2023-09-29 16:50:19,334 [INFO] DbMcusJson:64 - Set database path to: C:\Users\Administrator\.stmcufinder\plugins\mcufinder//mcu/
2023-09-29 16:50:19,334 [WARN] DbFile:35 - Overriding database path with different value: C:\Users\Administrator\.stmcufinder\plugins\mcufinder/ => C:\Users\Administrator\.stmcufinder\plugins\mcufinder
2023-09-29 16:50:19,334 [INFO] DbBoardsDocs:110 - Set database path to: C:\Users\Administrator\.stmcufinder\plugins\mcufinder//mcu/
2023-09-29 16:50:19,335 [WARN] DbFile:35 - Overriding database path with different value: C:\Users\Administrator\.stmcufinder\plugins\mcufinder/ => C:\Users\Administrator\.stmcufinder\plugins\mcufinder
2023-09-29 16:50:19,335 [INFO] DbBoardsJson:57 - Set database path to: C:\Users\Administrator\.stmcufinder\plugins\mcufinder//mcu/
2023-09-29 16:50:19,335 [WARN] DbFile:35 - Overriding database path with different value: C:\Users\Administrator\.stmcufinder\plugins\mcufinder/ => C:\Users\Administrator\.stmcufinder\plugins\mcufinder
2023-09-29 16:50:19,335 [WARN] DbFile:35 - Overriding database path with different value: C:\Users\Administrator\.stmcufinder\plugins\mcufinder/ => C:\Users\Administrator\.stmcufinder\plugins\mcufinder
2023-09-29 16:50:19,335 [INFO] CrossReferenceDbSqlite:196 - Set database path to: C:\Users\Administrator\.stmcufinder\plugins\mcufinder//mcu/cs/
2023-09-29 16:50:19,335 [WARN] DbFile:35 - Overriding database path with different value: C:\Users\Administrator\.stmcufinder\plugins\mcufinder/ => C:\Users\Administrator\.stmcufinder\plugins\mcufinder
2023-09-29 16:50:19,335 [INFO] DbExamplesSqlite:767 - Set database path to: C:\Users\Administrator\.stmcufinder\plugins\mcufinder//mcu/
2023-09-29 16:50:19,428 [INFO] MainPanel:214 - HeapMemory: 268435456
2023-09-29 16:50:19,559 [INFO] DbMcusXml:74 - Set database path to: D:\STM32\STM32CubeIDE_1.7.0\STM32CubeIDE\plugins\com.st.stm32cube.common.mx_6.3.0.202107141111\\db\/mcu/
2023-09-29 16:50:19,560 [INFO] DbBoardsPdsc:56 - Set plugin database path to: D:\STM32\STM32CubeIDE_1.7.0\STM32CubeIDE\plugins\com.st.stm32cube.common.mx_6.3.0.202107141111\\db\/plugins/boardmanager/
2023-09-29 16:50:19,560 [INFO] DbMcus:258 - Set plugin images path to: D:\STM32\STM32CubeIDE_1.7.0\STM32CubeIDE\plugins\com.st.stm32cube.common.mx_6.3.0.202107141111\\db\/plugins/mcufinder/images/
2023-09-29 16:50:19,560 [INFO] DbBoards:264 - Set plugin images path to: D:\STM32\STM32CubeIDE_1.7.0\STM32CubeIDE\plugins\com.st.stm32cube.common.mx_6.3.0.202107141111\\db\/plugins/mcufinder/images/
2023-09-29 16:50:19,560 [INFO] DbExamples:333 - Set plugin images path to: D:\STM32\STM32CubeIDE_1.7.0\STM32CubeIDE\plugins\com.st.stm32cube.common.mx_6.3.0.202107141111\\db\/plugins/mcufinder/images/
2023-09-29 16:50:19,561 [WARN] DbFile:35 - Overriding database path with different value: C:\Users\Administrator\.stmcufinder\plugins\mcufinder/ => C:\Users\Administrator\.stmcufinder\plugins\mcufinder
2023-09-29 16:50:19,561 [INFO] DbMcusAds:119 - Set database path to: C:\Users\Administrator\.stmcufinder\plugins\mcufinder//mcu/
2023-09-29 16:50:19,561 [WARN] DbFile:35 - Overriding database path with different value: C:\Users\Administrator\.stmcufinder\plugins\mcufinder/ => C:\Users\Administrator\.stmcufinder\plugins\mcufinder
2023-09-29 16:50:19,597 [INFO] DbMcusDocs:110 - Set database path to: C:\Users\Administrator\.stmcufinder\plugins\mcufinder//mcu/
2023-09-29 16:50:19,600 [WARN] DbFile:35 - Overriding database path with different value: C:\Users\Administrator\.stmcufinder\plugins\mcufinder/ => C:\Users\Administrator\.stmcufinder\plugins\mcufinder
2023-09-29 16:50:19,601 [INFO] DbMcusJson:64 - Set database path to: C:\Users\Administrator\.stmcufinder\plugins\mcufinder//mcu/
2023-09-29 16:50:19,602 [WARN] DbFile:35 - Overriding database path with different value: C:\Users\Administrator\.stmcufinder\plugins\mcufinder/ => C:\Users\Administrator\.stmcufinder\plugins\mcufinder
2023-09-29 16:50:19,602 [INFO] DbBoardsDocs:110 - Set database path to: C:\Users\Administrator\.stmcufinder\plugins\mcufinder//mcu/
2023-09-29 16:50:19,603 [WARN] DbFile:35 - Overriding database path with different value: C:\Users\Administrator\.stmcufinder\plugins\mcufinder/ => C:\Users\Administrator\.stmcufinder\plugins\mcufinder
2023-09-29 16:50:19,603 [INFO] DbBoardsJson:57 - Set database path to: C:\Users\Administrator\.stmcufinder\plugins\mcufinder//mcu/
2023-09-29 16:50:19,603 [WARN] DbFile:35 - Overriding database path with different value: C:\Users\Administrator\.stmcufinder\plugins\mcufinder/ => C:\Users\Administrator\.stmcufinder\plugins\mcufinder
2023-09-29 16:50:19,604 [WARN] DbFile:35 - Overriding database path with different value: C:\Users\Administrator\.stmcufinder\plugins\mcufinder/ => C:\Users\Administrator\.stmcufinder\plugins\mcufinder
2023-09-29 16:50:19,604 [INFO] CrossReferenceDbSqlite:196 - Set database path to: C:\Users\Administrator\.stmcufinder\plugins\mcufinder//mcu/cs/
2023-09-29 16:50:19,604 [WARN] DbFile:35 - Overriding database path with different value: C:\Users\Administrator\.stmcufinder\plugins\mcufinder/ => C:\Users\Administrator\.stmcufinder\plugins\mcufinder
2023-09-29 16:50:19,604 [INFO] DbExamplesSqlite:767 - Set database path to: C:\Users\Administrator\.stmcufinder\plugins\mcufinder//mcu/
2023-09-29 16:50:19,628 [INFO] ApplicationProperties:181 - Using Application install path: D:\STM32\STM32CubeIDE_1.7.0\STM32CubeIDE\plugins\com.st.stm32cube.common.mx_6.3.0.202107141111
2023-09-29 16:50:19,630 [INFO] PluginManage:188 - Search for loadable plugins [exclusion list=, ]
2023-09-29 16:50:19,632 [INFO] PluginManage:302 - Check plugin analytics
2023-09-29 16:50:24,410 [INFO] AnalyticsPlugin:257 - Accepted Software Licenses: 
2023-09-29 16:50:24,411 [INFO] AnalyticsPlugin:259 - Accepted CMSIS Pack Licenses: 
2023-09-29 16:50:24,411 [INFO] AnalyticsPlugin:261 - Accepted Firmware Licenses: 
2023-09-29 16:50:24,411 [INFO] PluginManage:352 - Loaded plugin analytics (category:tool,tabindex:-1)
2023-09-29 16:50:24,411 [INFO] PluginManage:302 - Check plugin clock
2023-09-29 16:50:24,425 [INFO] PluginManage:352 - Loaded plugin clock (category:base,tabindex:2)
2023-09-29 16:50:24,425 [INFO] PluginManage:302 - Check plugin ddr
2023-09-29 16:50:24,429 [INFO] PluginManage:352 - Loaded plugin ddr (category:tool,tabindex:6)
2023-09-29 16:50:24,429 [INFO] PluginManage:302 - Check plugin filemanager
2023-09-29 16:50:24,582 [INFO] PluginManage:352 - Loaded plugin filemanager (category:base,tabindex:10)
2023-09-29 16:50:24,583 [INFO] PluginManage:302 - Check plugin ipmanager
2023-09-29 16:50:24,594 [INFO] PluginManage:352 - Loaded plugin ipmanager (category:base,tabindex:5)
2023-09-29 16:50:24,594 [INFO] PluginManage:302 - Check plugin pinoutandconfiguration
2023-09-29 16:50:24,607 [INFO] PluginManage:352 - Loaded plugin pinoutandconfiguration (category:base,tabindex:1)
2023-09-29 16:50:24,607 [INFO] PluginManage:302 - Check plugin pinoutconfig
2023-09-29 16:50:24,643 [INFO] PluginManage:352 - Loaded plugin pinoutconfig (category:base,tabindex:0)
2023-09-29 16:50:24,644 [INFO] PluginManage:302 - Check plugin power
2023-09-29 16:50:24,660 [INFO] PluginManage:352 - Loaded plugin power (category:power,tabindex:4)
2023-09-29 16:50:24,661 [INFO] PluginManage:302 - Check plugin projectmanager
2023-09-29 16:50:24,682 [INFO] PluginManage:352 - Loaded plugin projectmanager (category:projectmanager,tabindex:3)
2023-09-29 16:50:24,682 [INFO] PluginManage:302 - Check plugin thirdparty
2023-09-29 16:50:24,851 [WARN] IntegrityCheckThread:78 - waiting for thirdparty lock release [integrity check]
2023-09-29 16:50:24,852 [INFO] PluginManage:352 - Loaded plugin thirdparty (category:base,tabindex:-1)
2023-09-29 16:50:24,852 [INFO] IntegrityCheckThread:80 - entering critical section [integrity check]
2023-09-29 16:50:24,852 [INFO] PluginManage:302 - Check plugin tools
2023-09-29 16:50:24,852 [INFO] ThirdPartyUpdaterWithRetryManager:66 - Updater plugin not ready yet. [1/15]
2023-09-29 16:50:24,856 [INFO] PluginManage:352 - Loaded plugin tools (category:base,tabindex:7)
2023-09-29 16:50:24,856 [INFO] PluginManage:302 - Check plugin tutovideos
2023-09-29 16:50:25,124 [INFO] PluginManage:352 - Loaded plugin tutovideos (category:base,tabindex:-1)
2023-09-29 16:50:25,124 [INFO] PluginManage:302 - Check plugin updater
2023-09-29 16:50:25,140 [INFO] PluginManage:352 - Loaded plugin updater (category:base,tabindex:12)
2023-09-29 16:50:25,140 [INFO] PluginManage:275 - PluginManage : Loaded plugins [13]
2023-09-29 16:50:25,358 [INFO] PinOutPanel:1463 - setPackage(No Configuration,No Configuration)
2023-09-29 16:50:25,465 [INFO] IPUIPlugin:74 - create IPUIPlugin
2023-09-29 16:50:25,465 [INFO] PluginManager:213 - loadIPPluginJar : add adc
2023-09-29 16:50:25,469 [INFO] IPUIPlugin:74 - create IPUIPlugin
2023-09-29 16:50:25,469 [INFO] PluginManager:213 - loadIPPluginJar : add aes
2023-09-29 16:50:25,472 [INFO] IPUIPlugin:74 - create IPUIPlugin
2023-09-29 16:50:25,472 [INFO] PluginManager:213 - loadIPPluginJar : add can
2023-09-29 16:50:25,474 [INFO] IPUIPlugin:74 - create IPUIPlugin
2023-09-29 16:50:25,474 [INFO] PluginManager:213 - loadIPPluginJar : add comp
2023-09-29 16:50:25,478 [INFO] IPUIPlugin:74 - create IPUIPlugin
2023-09-29 16:50:25,478 [INFO] PluginManager:213 - loadIPPluginJar : add cryp
2023-09-29 16:50:25,482 [INFO] IPUIPlugin:74 - create IPUIPlugin
2023-09-29 16:50:25,482 [INFO] PluginManager:213 - loadIPPluginJar : add dfsdm
2023-09-29 16:50:25,489 [INFO] IPUIPlugin:74 - create IPUIPlugin
2023-09-29 16:50:25,491 [INFO] PluginManager:213 - loadIPPluginJar : add dma
2023-09-29 16:50:25,494 [INFO] IPUIPlugin:74 - create IPUIPlugin
2023-09-29 16:50:25,494 [INFO] PluginManager:213 - loadIPPluginJar : add dma3
2023-09-29 16:50:25,497 [INFO] IPUIPlugin:74 - create IPUIPlugin
2023-09-29 16:50:25,497 [INFO] PluginManager:213 - loadIPPluginJar : add fatfs
2023-09-29 16:50:25,502 [INFO] IPUIPlugin:74 - create IPUIPlugin
2023-09-29 16:50:25,503 [INFO] PluginManager:213 - loadIPPluginJar : add fmc
2023-09-29 16:50:25,514 [INFO] IPUIPlugin:74 - create IPUIPlugin
2023-09-29 16:50:25,515 [INFO] PluginManager:213 - loadIPPluginJar : add freertos
2023-09-29 16:50:25,516 [INFO] IPUIPlugin:74 - create IPUIPlugin
2023-09-29 16:50:25,517 [INFO] PluginManager:213 - loadIPPluginJar : add genericplugin
2023-09-29 16:50:25,520 [INFO] IPUIPlugin:74 - create IPUIPlugin
2023-09-29 16:50:25,520 [INFO] PluginManager:213 - loadIPPluginJar : add gfxmmu
2023-09-29 16:50:25,528 [INFO] IPUIPlugin:74 - create IPUIPlugin
2023-09-29 16:50:25,528 [INFO] PluginManager:213 - loadIPPluginJar : add gic
2023-09-29 16:50:25,533 [INFO] IPUIPlugin:74 - create IPUIPlugin
2023-09-29 16:50:25,533 [INFO] PluginManager:213 - loadIPPluginJar : add gpio
2023-09-29 16:50:25,537 [INFO] IPUIPlugin:74 - create IPUIPlugin
2023-09-29 16:50:25,538 [INFO] PluginManager:213 - loadIPPluginJar : add gtzc
2023-09-29 16:50:25,541 [INFO] IPUIPlugin:74 - create IPUIPlugin
2023-09-29 16:50:25,541 [INFO] PluginManager:213 - loadIPPluginJar : add hash
2023-09-29 16:50:25,545 [INFO] IPUIPlugin:74 - create IPUIPlugin
2023-09-29 16:50:25,545 [INFO] PluginManager:213 - loadIPPluginJar : add i2c
2023-09-29 16:50:25,549 [INFO] IPUIPlugin:74 - create IPUIPlugin
2023-09-29 16:50:25,549 [INFO] PluginManager:213 - loadIPPluginJar : add i2s
2023-09-29 16:50:25,552 [INFO] IPUIPlugin:74 - create IPUIPlugin
2023-09-29 16:50:25,553 [INFO] PluginManager:213 - loadIPPluginJar : add ipddr
2023-09-29 16:50:25,562 [INFO] IPUIPlugin:74 - create IPUIPlugin
2023-09-29 16:50:25,562 [INFO] PluginManager:213 - loadIPPluginJar : add linkedlist
2023-09-29 16:50:25,566 [INFO] IPUIPlugin:74 - create IPUIPlugin
2023-09-29 16:50:25,567 [INFO] PluginManager:213 - loadIPPluginJar : add lorawan
2023-09-29 16:50:25,569 [INFO] IPUIPlugin:74 - create IPUIPlugin
2023-09-29 16:50:25,569 [INFO] PluginManager:213 - loadIPPluginJar : add ltdc
2023-09-29 16:50:25,577 [INFO] IPUIPlugin:74 - create IPUIPlugin
2023-09-29 16:50:25,578 [INFO] PluginManager:213 - loadIPPluginJar : add mdma
2023-09-29 16:50:25,582 [INFO] IPUIPlugin:74 - create IPUIPlugin
2023-09-29 16:50:25,582 [INFO] PluginManager:213 - loadIPPluginJar : add nvic
2023-09-29 16:50:25,587 [INFO] IPUIPlugin:74 - create IPUIPlugin
2023-09-29 16:50:25,587 [INFO] PluginManager:213 - loadIPPluginJar : add opamp
2023-09-29 16:50:25,591 [INFO] IPUIPlugin:74 - create IPUIPlugin
2023-09-29 16:50:25,592 [INFO] PluginManager:213 - loadIPPluginJar : add openamp
2023-09-29 16:50:25,597 [INFO] IPUIPlugin:74 - create IPUIPlugin
2023-09-29 16:50:25,597 [INFO] PluginManager:213 - loadIPPluginJar : add pdm2pcm
2023-09-29 16:50:25,606 [INFO] IPUIPlugin:74 - create IPUIPlugin
2023-09-29 16:50:25,610 [INFO] PluginManager:213 - loadIPPluginJar : add plateformsettings
2023-09-29 16:50:25,613 [INFO] IPUIPlugin:74 - create IPUIPlugin
2023-09-29 16:50:25,613 [INFO] PluginManager:213 - loadIPPluginJar : add quadspi
2023-09-29 16:50:25,619 [INFO] IPUIPlugin:74 - create IPUIPlugin
2023-09-29 16:50:25,620 [INFO] PluginManager:213 - loadIPPluginJar : add resmgrutility
2023-09-29 16:50:25,625 [INFO] IPUIPlugin:74 - create IPUIPlugin
2023-09-29 16:50:25,625 [INFO] PluginManager:213 - loadIPPluginJar : add sai
2023-09-29 16:50:25,629 [INFO] IPUIPlugin:74 - create IPUIPlugin
2023-09-29 16:50:25,629 [INFO] PluginManager:213 - loadIPPluginJar : add spi
2023-09-29 16:50:25,634 [INFO] IPUIPlugin:74 - create IPUIPlugin
2023-09-29 16:50:25,634 [INFO] PluginManager:213 - loadIPPluginJar : add stm32_wpan
2023-09-29 16:50:25,636 [INFO] IPUIPlugin:74 - create IPUIPlugin
2023-09-29 16:50:25,636 [INFO] PluginManager:213 - loadIPPluginJar : add tim
2023-09-29 16:50:25,640 [INFO] IPUIPlugin:74 - create IPUIPlugin
2023-09-29 16:50:25,640 [INFO] PluginManager:213 - loadIPPluginJar : add touchsensing
2023-09-29 16:50:25,642 [INFO] IPUIPlugin:74 - create IPUIPlugin
2023-09-29 16:50:25,642 [INFO] PluginManager:213 - loadIPPluginJar : add tracer_emb
2023-09-29 16:50:25,645 [INFO] IPUIPlugin:74 - create IPUIPlugin
2023-09-29 16:50:25,646 [INFO] PluginManager:213 - loadIPPluginJar : add ts
2023-09-29 16:50:25,648 [INFO] IPUIPlugin:74 - create IPUIPlugin
2023-09-29 16:50:25,648 [INFO] PluginManager:213 - loadIPPluginJar : add tsc
2023-09-29 16:50:25,651 [INFO] IPUIPlugin:74 - create IPUIPlugin
2023-09-29 16:50:25,651 [INFO] PluginManager:213 - loadIPPluginJar : add ucpd
2023-09-29 16:50:25,655 [INFO] IPUIPlugin:74 - create IPUIPlugin
2023-09-29 16:50:25,655 [INFO] PluginManager:213 - loadIPPluginJar : add usart
2023-09-29 16:50:25,659 [INFO] IPUIPlugin:74 - create IPUIPlugin
2023-09-29 16:50:25,659 [INFO] PluginManager:213 - loadIPPluginJar : add usbx
2023-09-29 16:50:26,028 [FATAL] Updater:294 - Updater called before beeing initialized
2023-09-29 16:50:26,160 [FATAL] Updater:294 - Updater called before beeing initialized
2023-09-29 16:50:26,165 [INFO] DbMcusAds:47 - JSON generation date=Tue Mar 07 15:50:55 ICT 2023 (1678179055114)
2023-09-29 16:50:26,165 [FATAL] Updater:294 - Updater called before beeing initialized
2023-09-29 16:50:26,220 [WARN] DetailPanel:314 - Failed to get advertising image, set to default
2023-09-29 16:50:26,346 [FATAL] Updater:294 - Updater called before beeing initialized
2023-09-29 16:50:26,348 [FATAL] Updater:294 - Updater called before beeing initialized
2023-09-29 16:50:26,348 [FATAL] Updater:294 - Updater called before beeing initialized
2023-09-29 16:50:26,348 [WARN] DetailPanel:314 - Failed to get advertising image, set to default
2023-09-29 16:50:26,349 [FATAL] Updater:294 - Updater called before beeing initialized
2023-09-29 16:50:26,408 [ERROR] Updater:1075 - MainUpdater not yet initialized. External WinMGr cannot be set.
2023-09-29 16:50:26,410 [INFO] Updater:1012 - Updater Version found : 6.3.0
2023-09-29 16:50:26,433 [INFO] ApplicationProperties:181 - Using Application install path: D:\STM32\STM32CubeIDE_1.7.0\STM32CubeIDE\plugins\com.st.stm32cube.common.mx_6.3.0.202107141111
2023-09-29 16:50:27,243 [INFO] MainUpdater:2671 - connection check result : 10
2023-09-29 16:50:27,244 [INFO] MainUpdater:265 - Updater Check For Update Now.
2023-09-29 16:50:27,245 [INFO] MicroXplorer:478 - Change Database Version : DB.6.0.30
2023-09-29 16:50:27,460 [INFO] CheckServerUpdateThread:112 - End of CheckServer Thread
2023-09-29 16:50:27,473 [INFO] MainUpdater:2671 - connection check result : 10
2023-09-29 16:50:27,767 [INFO] McuFinderGlobals:52 - Set McuFinderConnectedMode to false
2023-09-29 16:50:27,889 [INFO] CrossSelectorPresenter:1330 - Cross Selector saved comparison directory: C:\Users\Administrator\.stmcufinder\plugins\mcufinder\mcu\cs_comparisons_mx
2023-09-29 16:50:27,899 [INFO] MultiScanPanel:197 - Auto-refresh data requested => check proxy status ongoing
2023-09-29 16:50:27,899 [INFO] MultiScanPanel:201 - Proxy status is invalid
2023-09-29 16:50:27,903 [INFO] FinderPluginLoader:87 - Searching for filters in installed packs
2023-09-29 16:50:27,905 [INFO] DbMcusXml:100 - Load MCU database from D:\STM32\STM32CubeIDE_1.7.0\STM32CubeIDE\plugins\com.st.stm32cube.common.mx_6.3.0.202107141111\\db\/mcu/families.xml
2023-09-29 16:50:28,086 [ERROR] Engine:463 - C:\Users\Administrator\.stm32cubemx\thirdparties\pdsc\STMicroelectronics.X-CUBE-SMBUS.2.1.0.pdsc: PDSC version is not supported
2023-09-29 16:50:28,172 [WARN] PackLoader:238 - Cannot read IP mode file for STMicroelectronics.X-CUBE-AZRTOS-F7.1.1.0
2023-09-29 16:50:28,236 [ERROR] Engine:463 - C:\Users\Administrator\.stm32cubemx\thirdparties\pdsc\STMicroelectronics.FP-SNS-MOTENV1.4.3.2.pdsc: PDSC version is not supported
2023-09-29 16:50:28,267 [ERROR] Engine:463 - C:\Users\Administrator\.stm32cubemx\thirdparties\pdsc\STMicroelectronics.FP-SNS-FLIGHT1.5.0.2.pdsc: PDSC version is not supported
2023-09-29 16:50:28,275 [ERROR] Engine:463 - C:\Users\Administrator\.stm32cubemx\thirdparties\pdsc\STMicroelectronics.X-CUBE-DISPLAY.3.0.0.pdsc: PDSC version is not supported
2023-09-29 16:50:28,289 [WARN] PackLoader:238 - Cannot read IP mode file for STMicroelectronics.X-CUBE-BLE1.7.0.0
2023-09-29 16:50:28,298 [ERROR] Engine:463 - C:\Users\Administrator\.stm32cubemx\thirdparties\pdsc\emotas.I-CUBE-CANOPEN.1.3.0.pdsc: PDSC version is not supported
2023-09-29 16:50:28,306 [WARN] PackLoader:238 - Cannot read IP mode file for STMicroelectronics.X-CUBE-TOUCHGFX.4.22.0
2023-09-29 16:50:28,312 [ERROR] Engine:463 - C:\Users\Administrator\.stm32cubemx\thirdparties\pdsc\STMicroelectronics.FP-SNS-SMARTAG2.1.2.0.pdsc: PDSC version is not supported
2023-09-29 16:50:28,338 [INFO] LogOutputStream:76 - [STDOUT_REDIRECT] 1 : Invalid condition id : UX_CORESTACK_Condition cause : null
2023-09-29 16:50:28,340 [INFO] LogOutputStream:76 - [STDOUT_REDIRECT] 1 : Invalid condition id : UX_CORESTACK_Condition cause : null
2023-09-29 16:50:28,342 [INFO] LogOutputStream:76 - [STDOUT_REDIRECT] 1 : Invalid condition id : UX_CORESTACK_Condition cause : null
2023-09-29 16:50:28,345 [INFO] LogOutputStream:76 - [STDOUT_REDIRECT] 1 : Invalid condition id : UX_CORESTACK_Condition cause : null
2023-09-29 16:50:28,348 [INFO] LogOutputStream:76 - [STDOUT_REDIRECT] 1 : Invalid condition id : UX_CORESTACK_Condition cause : null
2023-09-29 16:50:28,355 [WARN] PackLoader:238 - Cannot read IP mode file for STMicroelectronics.X-CUBE-AZRTOS-WL.2.0.0
2023-09-29 16:50:28,370 [WARN] PackLoader:238 - Cannot read IP mode file for WES.I-CUBE-Cesium.1.3.0
2023-09-29 16:50:28,381 [WARN] PackLoader:238 - Cannot read IP mode file for STMicroelectronics.X-CUBE-BLE2.3.3.0
2023-09-29 16:50:28,396 [WARN] PackLoader:238 - Cannot read IP mode file for STMicroelectronics.X-CUBE-ALGOBUILD.1.3.0
2023-09-29 16:50:28,521 [WARN] PackLoader:238 - Cannot read IP mode file for STMicroelectronics.X-CUBE-AZRTOS-G0.1.1.0
2023-09-29 16:50:28,541 [WARN] PackLoader:238 - Cannot read IP mode file for STMicroelectronics.X-CUBE-NFC4.3.0.0
2023-09-29 16:50:28,555 [WARN] PackLoader:238 - Cannot read IP mode file for STMicroelectronics.FP-ATR-SIGFOX1.3.2.0
2023-09-29 16:50:28,669 [WARN] PackLoader:238 - Cannot read IP mode file for SEGGER.I-CUBE-embOS.1.3.1
2023-09-29 16:50:28,840 [WARN] PackLoader:238 - Cannot read IP mode file for STMicroelectronics.X-CUBE-GNSS1.6.0.0
2023-09-29 16:50:28,897 [WARN] PackLoader:238 - Cannot read IP mode file for STMicroelectronics.X-CUBE-AZRTOS-F4.1.1.0
2023-09-29 16:50:28,910 [WARN] PackLoader:238 - Cannot read IP mode file for wolfSSL.I-CUBE-wolfSSL.5.6.3
2023-09-29 16:50:28,946 [WARN] PackLoader:238 - Cannot read IP mode file for STMicroelectronics.X-CUBE-AZRTOS-L5.2.0.0
2023-09-29 16:50:29,110 [WARN] PackLoader:238 - Cannot read IP mode file for STMicroelectronics.X-CUBE-MEMS1.9.6.0
2023-09-29 16:50:29,760 [WARN] PackLoader:238 - Cannot read IP mode file for STMicroelectronics.X-CUBE-BLEMGR.2.0.0
2023-09-29 16:50:29,810 [WARN] ConditionMgr:437 - getConditionDescription Invalid condition id : UX DEVICE CLASS RTOS Condition cause : null
2023-09-29 16:50:29,810 [WARN] ConditionMgr:437 - getConditionDescription Invalid condition id : UX DEVICE CLASS RTOS Condition cause : null
2023-09-29 16:50:29,818 [WARN] PackLoader:238 - Cannot read IP mode file for STMicroelectronics.X-CUBE-AZRTOS-H7.3.1.0
2023-09-29 16:50:29,821 [WARN] ConditionMgr:1038 - genDependencies : Invalid condition id : UX DEVICE CLASS RTOS Condition cause : null
2023-09-29 16:50:29,821 [WARN] ConditionMgr:1038 - genDependencies : Invalid condition id : UX DEVICE CLASS RTOS Condition cause : null
2023-09-29 16:50:29,823 [WARN] ConditionMgr:1038 - genDependencies : Invalid condition id : UX DEVICE CLASS RTOS Condition cause : null
2023-09-29 16:50:29,824 [WARN] ConditionMgr:1038 - genDependencies : Invalid condition id : UX DEVICE CLASS RTOS Condition cause : null
2023-09-29 16:50:29,824 [WARN] ConditionMgr:1038 - genDependencies : Invalid condition id : UX DEVICE CLASS RTOS Condition cause : null
2023-09-29 16:50:29,834 [WARN] PackLoader:238 - Cannot read IP mode file for STMicroelectronics.X-CUBE-NFC7.1.0.1
2023-09-29 16:50:29,846 [WARN] PackLoader:238 - Cannot read IP mode file for STMicroelectronics.X-CUBE-NFC6.3.0.0
2023-09-29 16:50:29,857 [WARN] PackLoader:238 - Cannot read IP mode file for STMicroelectronics.X-CUBE-EEPRMA1.4.1.0
2023-09-29 16:50:29,864 [WARN] PackLoader:238 - Cannot read IP mode file for STMicroelectronics.X-CUBE-AI.8.1.0
2023-09-29 16:50:29,875 [INFO] DbMcusJson:93 - JSON generation date=Tue Nov 16 23:17:54 ICT 2021 (1637079474)
2023-09-29 16:50:29,899 [WARN] ConditionMgr:437 - getConditionDescription Invalid condition id : LAN8742 Phy interface Condition cause : null
2023-09-29 16:50:29,900 [WARN] PackLoader:238 - Cannot read IP mode file for STMicroelectronics.X-CUBE-AZRTOS-L4.2.0.0
2023-09-29 16:50:29,904 [WARN] ConditionMgr:1038 - genDependencies : Invalid condition id : LAN8742 Phy interface Condition cause : null
2023-09-29 16:50:29,904 [WARN] ConditionMgr:1038 - genDependencies : Invalid condition id : LAN8742 Phy interface Condition cause : null
2023-09-29 16:50:29,906 [WARN] ConditionMgr:1038 - genDependencies : Invalid condition id : LAN8742 Phy interface Condition cause : null
2023-09-29 16:50:29,921 [WARN] PackLoader:238 - Cannot read IP mode file for STMicroelectronics.X-CUBE-SFXS2LP1.4.0.0
2023-09-29 16:50:29,929 [WARN] PackLoader:238 - Cannot read IP mode file for STMicroelectronics.X-CUBE-ISPU.1.1.0
2023-09-29 16:50:30,003 [WARN] ConditionMgr:437 - getConditionDescription Invalid condition id : UX DEVICE CLASS RTOS Condition cause : null
2023-09-29 16:50:30,004 [WARN] ConditionMgr:437 - getConditionDescription Invalid condition id : UX DEVICE CLASS RTOS Condition cause : null
2023-09-29 16:50:30,013 [WARN] PackLoader:238 - Cannot read IP mode file for STMicroelectronics.X-CUBE-AZRTOS-WB.2.0.0
2023-09-29 16:50:30,015 [WARN] ConditionMgr:1038 - genDependencies : Invalid condition id : UX DEVICE CLASS RTOS Condition cause : null
2023-09-29 16:50:30,015 [WARN] ConditionMgr:1038 - genDependencies : Invalid condition id : UX DEVICE CLASS RTOS Condition cause : null
2023-09-29 16:50:30,016 [WARN] ConditionMgr:1038 - genDependencies : Invalid condition id : UX DEVICE CLASS RTOS Condition cause : null
2023-09-29 16:50:30,017 [WARN] ConditionMgr:1038 - genDependencies : Invalid condition id : UX DEVICE CLASS RTOS Condition cause : null
2023-09-29 16:50:30,017 [WARN] ConditionMgr:1038 - genDependencies : Invalid condition id : UX DEVICE CLASS RTOS Condition cause : null
2023-09-29 16:50:30,081 [WARN] PackLoader:238 - Cannot read IP mode file for STMicroelectronics.X-CUBE-SUBG2.5.0.0
2023-09-29 16:50:30,106 [ERROR] Engine:463 - C:\Users\Administrator\.stm32cubemx\thirdparties\pdsc\STMicroelectronics.X-CUBE-TOF1.3.3.1.pdsc: PDSC version is not supported
2023-09-29 16:50:30,139 [WARN] PackLoader:238 - Cannot read IP mode file for STMicroelectronics.X-CUBE-AZRTOS-G4.2.0.0
2023-09-29 16:50:30,148 [ERROR] Engine:463 - C:\Users\Administrator\.stm32cubemx\thirdparties\pdsc\STMicroelectronics.X-CUBE-FREERTOS.1.1.0.pdsc: PDSC version is not supported
2023-09-29 16:50:30,159 [WARN] PackLoader:238 - Cannot read IP mode file for portGmbH.I-Cube-SoM-uGOAL.1.1.0
2023-09-29 16:50:30,167 [WARN] PackLoader:238 - Cannot read IP mode file for STMicroelectronics.X-CUBE-ALS.1.0.1
2023-09-29 16:50:30,173 [WARN] PackLoader:238 - Cannot read IP mode file for STMicroelectronics.FP-ATR-ASTRA1.2.0.0
2023-09-29 16:50:30,174 [INFO] ThirdParty:915 - Integrity check success = true
2023-09-29 16:50:30,174 [INFO] IntegrityCheckThread:94 - exiting critical section [integrity check]
2023-09-29 16:50:30,174 [INFO] IntegrityCheckThread:97 - End integrity checks thread
2023-09-29 16:50:31,096 [INFO] DbMcus:175 - Found 1951 MCUs (1903 are supported by CubeMX, 1914 are visible in CubeMX)
2023-09-29 16:50:31,097 [INFO] ApiDb:251 - Load user favorites file C:\Users\Administrator/.stm32cubeide/favorites.mcus.txt: 0 item(s)
2023-09-29 16:50:31,097 [INFO] ApiDb:255 - User favorites MCUs=[]
2023-09-29 16:50:31,097 [INFO] DbMcus:187 - Set 0 / 0 favorites MCUs
2023-09-29 16:50:31,871 [INFO] DetailPanel:309 - Set advertising image to C:/Users/Administrator/STM32Cube/Repository/\en.prom-stm32h5-mcu-finder.jpg
2023-09-29 16:50:32,525 [INFO] DbBoardsPdsc:90 - Found 25 items
2023-09-29 16:50:32,528 [INFO] DbBoardsPdsc:90 - Found 9 items
2023-09-29 16:50:32,532 [INFO] DbBoardsPdsc:90 - Found 33 items
2023-09-29 16:50:32,534 [INFO] DbBoardsPdsc:90 - Found 1 items
2023-09-29 16:50:32,549 [INFO] DbBoardsPdsc:90 - Found 48 items
2023-09-29 16:50:32,559 [INFO] DbBoardsPdsc:90 - Found 43 items
2023-09-29 16:50:32,560 [INFO] DbBoardsPdsc:90 - Found 2 items
2023-09-29 16:50:32,563 [INFO] DbBoardsPdsc:90 - Found 5 items
2023-09-29 16:50:32,569 [WARN] DbBoardsPdsc:254 - Board STM32H7B3I-DK: unknown feature type=Audio, name=, username=Audio stereo codec with Headphone Amp (CS42L51-CNZ), n=1
2023-09-29 16:50:32,570 [WARN] DbBoardsPdsc:254 - Board STM32H735G-DK: unknown feature type=Audio, name=, username=Audio stereo codec with Headphone Amp (WM8994ECS/R), n=1
2023-09-29 16:50:32,572 [WARN] DbBoardsPdsc:254 - Board STM32H7B3I-EVAL: unknown feature type=Audio, name=, username=Multi-Channel Audio Codec (CS42L51-CNZ), n=1
2023-09-29 16:50:32,572 [WARN] DbBoardsPdsc:254 - Board STM32H7B3I-EVAL: unknown feature type=Meter, name=, username=Power-metering and Temperature-monitoring with sigma-delta modulators, n=1
2023-09-29 16:50:32,572 [WARN] DbBoardsPdsc:254 - Board STM32H7B3I-EVAL: unknown feature type=Motor, name=, username=Motor Control, n=1
2023-09-29 16:50:32,573 [WARN] DbBoardsPdsc:254 - Board STM32U575I-EV: unknown feature type=joystick, name=, username=4-direction joystick with selection button, n=1
2023-09-29 16:50:32,601 [INFO] DbBoardsJson:86 - JSON generation date=Tue Nov 16 23:17:54 ICT 2021 (1637079474)
2023-09-29 16:50:32,611 [INFO] DbBoards:117 - Found 167 boards (163 are supported by CubeMX)
2023-09-29 16:50:32,616 [INFO] DbBoardsDocs:143 - JSON generation date=Tue Nov 16 23:17:54 ICT 2021 (1637079474)
2023-09-29 16:50:32,622 [INFO] DbBoardsDocs:79 - Found 209 boards documents
2023-09-29 16:50:32,622 [WARN] DbBoards:127 - board B-L475E-IOT01A2 has no document id list !
2023-09-29 16:50:32,624 [WARN] DbBoards:127 - board NUCLEO-H743ZI has no document id list !
2023-09-29 16:50:32,625 [WARN] DbBoards:127 - board NUCLEO-WL55JC2 has no document id list !
2023-09-29 16:50:32,626 [WARN] DbBoards:127 - board P-NUCLEO-WB55-Nucleo has no document id list !
2023-09-29 16:50:32,626 [WARN] DbBoards:127 - board P-NUCLEO-WB55-USBDongle has no document id list !
2023-09-29 16:50:32,626 [WARN] DbBoards:127 - board STEVAL-BFA001V1B has no document id list !
2023-09-29 16:50:32,626 [WARN] DbBoards:127 - board STEVAL-BFA001V2B has no document id list !
2023-09-29 16:50:32,626 [WARN] DbBoards:127 - board STEVAL-IDP005V1 has no document id list !
2023-09-29 16:50:32,626 [WARN] DbBoards:127 - board STEVAL-IDP005V2 has no document id list !
2023-09-29 16:50:32,626 [WARN] DbBoards:127 - board STEVAL-MKSBOX1V1 has no document id list !
2023-09-29 16:50:32,626 [WARN] DbBoards:127 - board STEVAL-STWINKT1 has no document id list !
2023-09-29 16:50:32,626 [WARN] DbBoards:127 - board STEVAL-STWINKT1B has no document id list !
2023-09-29 16:50:32,626 [WARN] DbBoards:127 - board STM32439I-EVAL2 has no document id list !
2023-09-29 16:50:32,627 [WARN] DbBoards:127 - board STM32F401C-DISCO has no document id list !
2023-09-29 16:50:32,628 [WARN] DbBoards:127 - board STM32F769I-DISC1 has no document id list !
2023-09-29 16:50:32,628 [WARN] DbBoards:127 - board STM32G474E-EVAL1 has no document id list !
2023-09-29 16:50:32,629 [WARN] DbBoards:127 - board STM32H743I-EVAL2 has no document id list !
2023-09-29 16:50:32,629 [WARN] DbBoards:127 - board STM32H747I-DISC1 has no document id list !
2023-09-29 16:50:32,629 [WARN] DbBoards:127 - board STM32H753I-EVAL2 has no document id list !
2023-09-29 16:50:32,629 [WARN] DbBoards:127 - board STM32L-DISCOVERY has no document id list !
2023-09-29 16:50:32,818 [ERROR] DbBoards:189 - Image file not found for board B-U585I-IOT02A: D:\STM32\STM32CubeIDE_1.7.0\STM32CubeIDE\plugins\com.st.stm32cube.common.mx_6.3.0.202107141111\\db\/plugins/mcufinder/images/boards/B-U585I-IOT02A_small.jpg
2023-09-29 16:50:32,965 [ERROR] DbBoards:189 - Image file not found for board NUCLEO-F413ZH: D:\STM32\STM32CubeIDE_1.7.0\STM32CubeIDE\plugins\com.st.stm32cube.common.mx_6.3.0.202107141111\\db\/plugins/mcufinder/images/boards/nucleo-f413zh_small.jpg
2023-09-29 16:50:33,292 [ERROR] DbBoards:189 - Image file not found for board NUCLEO-L552ZE-Q: D:\STM32\STM32CubeIDE_1.7.0\STM32CubeIDE\plugins\com.st.stm32cube.common.mx_6.3.0.202107141111\\db\/plugins/mcufinder/images/boards/nucleo_l552ze_q_small.jpg
2023-09-29 16:50:33,292 [ERROR] DbBoards:189 - Image file not found for board NUCLEO-U575ZI-Q: D:\STM32\STM32CubeIDE_1.7.0\STM32CubeIDE\plugins\com.st.stm32cube.common.mx_6.3.0.202107141111\\db\/plugins/mcufinder/images/boards/nucleo-u575zi-q_small.jpg
2023-09-29 16:50:33,292 [ERROR] DbBoards:189 - Image file not found for board NUCLEO-WB15CC: D:\STM32\STM32CubeIDE_1.7.0\STM32CubeIDE\plugins\com.st.stm32cube.common.mx_6.3.0.202107141111\\db\/plugins/mcufinder/images/boards/nucleo-wb15cc_small.jpg
2023-09-29 16:50:33,293 [ERROR] DbBoards:189 - Image file not found for board NUCLEO-WB55RG: D:\STM32\STM32CubeIDE_1.7.0\STM32CubeIDE\plugins\com.st.stm32cube.common.mx_6.3.0.202107141111\\db\/plugins/mcufinder/images/boards/nucleo-wb55rg_small.jpg
2023-09-29 16:50:35,396 [INFO] ApiDb:251 - Load user favorites file C:\Users\Administrator/.stm32cubeide/favorites.boards.txt: 0 item(s)
2023-09-29 16:50:35,396 [INFO] ApiDb:255 - User favorites Boards=[]
2023-09-29 16:50:35,397 [INFO] DbBoards:206 - Set 0 / 0 favorites Boards
2023-09-29 16:50:52,098 [INFO] DbMcusDocs:143 - JSON generation date=Tue Nov 16 23:17:54 ICT 2021 (1637079474)
2023-09-29 16:50:52,560 [INFO] DbMcusDocs:79 - Found 682 MCUs documents
2023-09-29 16:54:31,529 [INFO] MainUpdater:2671 - connection check result : 10
2023-09-29 16:54:31,530 [INFO] MainUpdater:2671 - connection check result : 10
2023-09-29 16:54:31,581 [INFO] MicroXplorer:448 - Change Database Path : 
2023-09-29 16:54:31,582 [INFO] MicroXplorer:478 - Change Database Version : DB.6.0.30
2023-09-29 16:54:31,583 [WARN] ThirdParty:813 - waiting for thirdparty lock release [close project]
2023-09-29 16:54:31,583 [INFO] ThirdParty:815 - entering critical section [close project]
2023-09-29 16:54:31,585 [INFO] ThirdParty:825 - exiting critical section [close project]
2023-09-29 16:54:31,593 [INFO] PinOutPanel:1463 - setPackage(No Configuration,No Configuration)
2023-09-29 16:54:31,595 [INFO] UtilMem:74 - Begin LoadConfig() Used Memory: 701648976 Bytes (898629632)
2023-09-29 16:54:31,596 [INFO] MicroXplorer:448 - Change Database Path : 
2023-09-29 16:54:31,597 [INFO] MicroXplorer:478 - Change Database Version : DB.6.0.30
2023-09-29 16:54:31,597 [INFO] OpenFileManager:313 - Change cursor
2023-09-29 16:54:32,803 [INFO] Context:592 - Trying to add GPIOservice into a context  which must be forbidden
2023-09-29 16:54:33,134 [INFO] ImportTextPane:167 - (OptionalMessage_ERROR) Unable to find key (Mcu.ThirdPartyNb) in loaded IOC file
2023-09-29 16:54:33,135 [INFO] ImportTextPane:167 - (OptionalMessage_ERROR) Unable to find key (Mcu.PinsNb) in loaded IOC file
2023-09-29 16:54:33,135 [INFO] ImportTextPane:167 - (OptionalMessage_ERROR) Unable to find key (Mcu.IPNb) in loaded IOC file
2023-09-29 16:54:33,202 [WARN] ApiManager:304 - Cannot register API 'Board Extension:GNSS1A1' from pack STMicroelectronics.X-CUBE-GNSS1.6.0.0: no header file found
2023-09-29 16:54:33,202 [WARN] ApiManager:304 - Cannot register API 'Board Support:Custom' from pack STMicroelectronics.X-CUBE-GNSS1.6.0.0: no header file found
2023-09-29 16:54:33,202 [WARN] ApiManager:304 - Cannot register API 'Data Exchange:lib_gnss' from pack STMicroelectronics.X-CUBE-GNSS1.6.0.0: no header file found
2023-09-29 16:54:33,210 [WARN] ApiManager:304 - Cannot register API 'Wireless:BlueNRG-MS' from pack STMicroelectronics.X-CUBE-BLE1.7.0.0: no header file found
2023-09-29 16:54:33,215 [WARN] ModelIntegratedComponent:60 - No mode defined for component null
2023-09-29 16:54:33,216 [WARN] ModelIntegratedComponent:60 - No mode defined for component null
2023-09-29 16:54:33,216 [WARN] ModelIntegratedComponent:60 - No mode defined for component null
2023-09-29 16:54:33,216 [WARN] ModelIntegratedComponent:60 - No mode defined for component null
2023-09-29 16:54:33,216 [WARN] ModelIntegratedComponent:60 - No mode defined for component null
2023-09-29 16:54:33,216 [WARN] ModelIntegratedComponent:60 - No mode defined for component null
2023-09-29 16:54:33,217 [WARN] ModelIntegratedComponent:60 - No mode defined for component null
2023-09-29 16:54:33,217 [WARN] ModelIntegratedComponent:60 - No mode defined for component null
2023-09-29 16:54:33,217 [WARN] ModelIntegratedComponent:60 - No mode defined for component null
2023-09-29 16:54:33,217 [WARN] ModelIntegratedComponent:60 - No mode defined for component null
2023-09-29 16:54:33,217 [WARN] ModelIntegratedComponent:60 - No mode defined for component null
2023-09-29 16:54:33,218 [WARN] ModelIntegratedComponent:60 - No mode defined for component null
2023-09-29 16:54:33,218 [WARN] ModelIntegratedComponent:60 - No mode defined for component null
2023-09-29 16:54:33,218 [WARN] ModelIntegratedComponent:60 - No mode defined for component null
2023-09-29 16:54:33,218 [WARN] ModelIntegratedComponent:60 - No mode defined for component null
2023-09-29 16:54:33,218 [WARN] ModelIntegratedComponent:60 - No mode defined for component null
2023-09-29 16:54:33,218 [WARN] ModelIntegratedComponent:60 - No mode defined for component null
2023-09-29 16:54:33,219 [WARN] ModelIntegratedComponent:60 - No mode defined for component null
2023-09-29 16:54:33,219 [WARN] ModelIntegratedComponent:60 - No mode defined for component null
2023-09-29 16:54:33,219 [WARN] ModelIntegratedComponent:60 - No mode defined for component null
2023-09-29 16:54:33,219 [WARN] ModelIntegratedComponent:60 - No mode defined for component null
2023-09-29 16:54:33,219 [WARN] ModelIntegratedComponent:60 - No mode defined for component null
2023-09-29 16:54:33,219 [WARN] ModelIntegratedComponent:60 - No mode defined for component null
2023-09-29 16:54:33,220 [WARN] ModelIntegratedComponent:60 - No mode defined for component null
2023-09-29 16:54:33,220 [WARN] ModelIntegratedComponent:60 - No mode defined for component null
2023-09-29 16:54:33,220 [WARN] ModelIntegratedComponent:60 - No mode defined for component null
2023-09-29 16:54:33,220 [WARN] ModelIntegratedComponent:60 - No mode defined for component null
2023-09-29 16:54:33,220 [WARN] ModelIntegratedComponent:60 - No mode defined for component null
2023-09-29 16:54:33,221 [WARN] ModelIntegratedComponent:60 - No mode defined for component null
2023-09-29 16:54:33,221 [WARN] ModelIntegratedComponent:60 - No mode defined for component null
2023-09-29 16:54:33,221 [WARN] ModelIntegratedComponent:60 - No mode defined for component null
2023-09-29 16:54:33,229 [WARN] ApiManager:304 - Cannot register API 'Board Extension:NFC07A1' from pack STMicroelectronics.X-CUBE-NFC7.1.0.1: no header file found
2023-09-29 16:54:33,237 [WARN] ApiManager:304 - Cannot register API 'Board Extension:NFC06A1' from pack STMicroelectronics.X-CUBE-NFC6.3.0.0: no header file found
2023-09-29 16:54:33,238 [WARN] ApiManager:304 - Cannot register API 'Board Extension:NFC08A1' from pack STMicroelectronics.X-CUBE-NFC6.3.0.0: no header file found
2023-09-29 16:54:33,240 [WARN] ApiManager:304 - Cannot register API 'Board Extension:EEPRMA1' from pack STMicroelectronics.X-CUBE-EEPRMA1.4.1.0: no header file found
2023-09-29 16:54:33,240 [WARN] ApiManager:304 - Cannot register API 'Board Extension:EEPRMA2' from pack STMicroelectronics.X-CUBE-EEPRMA1.4.1.0: no header file found
2023-09-29 16:54:33,240 [WARN] ApiManager:304 - Cannot register API 'Board Extension:PGEEZ1' from pack STMicroelectronics.X-CUBE-EEPRMA1.4.1.0: no header file found
2023-09-29 16:54:33,240 [WARN] ApiManager:304 - Cannot register API 'Board Part:M24' from pack STMicroelectronics.X-CUBE-EEPRMA1.4.1.0: no header file found
2023-09-29 16:54:33,241 [WARN] ApiManager:304 - Cannot register API 'Board Part:M95' from pack STMicroelectronics.X-CUBE-EEPRMA1.4.1.0: no header file found
2023-09-29 16:54:33,241 [WARN] ApiManager:304 - Cannot register API 'Board Part:M95P32' from pack STMicroelectronics.X-CUBE-EEPRMA1.4.1.0: no header file found
2023-09-29 16:54:33,241 [WARN] ApiManager:304 - Cannot register API 'PGEEZ1:SPI' from pack STMicroelectronics.X-CUBE-EEPRMA1.4.1.0: no header file found
2023-09-29 16:54:33,241 [WARN] ApiManager:304 - Cannot register API 'PGEEZ1:QDSPI' from pack STMicroelectronics.X-CUBE-EEPRMA1.4.1.0: no header file found
2023-09-29 16:54:33,631 [WARN] ApiManager:304 - Cannot register API 'Board Extension:IKS01A3' from pack STMicroelectronics.X-CUBE-MEMS1.9.6.0: no header file found
2023-09-29 16:54:33,632 [WARN] ApiManager:304 - Cannot register API 'Board Extension:IKS01A2' from pack STMicroelectronics.X-CUBE-MEMS1.9.6.0: no header file found
2023-09-29 16:54:33,632 [WARN] ApiManager:304 - Cannot register API 'Board Extension:IKS02A1' from pack STMicroelectronics.X-CUBE-MEMS1.9.6.0: no header file found
2023-09-29 16:54:33,657 [INFO] RtosManager:484 - Registered RTOS mode: class=CMSIS, group=RTOS, mode=CMSIS_V1, owner=FREERTOS
2023-09-29 16:54:33,657 [INFO] RtosManager:484 - Registered RTOS mode: class=CMSIS, group=RTOS2, mode=CMSIS_V2, owner=FREERTOS
2023-09-29 16:54:33,657 [INFO] RtosManager:484 - Registered RTOS mode: class=RTOS, group=Core, mode=CMSIS_V1, owner=FREERTOS
2023-09-29 16:54:33,658 [INFO] RtosManager:484 - Registered RTOS mode: class=RTOS, group=Core, mode=CMSIS_V2, owner=FREERTOS
2023-09-29 16:54:33,658 [WARN] ModelIntegratedComponent:181 - Missing modes for component STMicroelectronics:FreeRTOS:0.0.1:STMicroelectronics:RTOS:FreeRTOS:Core:::10.2.0:
2023-09-29 16:54:33,662 [WARN] ApiManager:304 - Cannot register API 'Board Extension:NFC04A1' from pack STMicroelectronics.X-CUBE-NFC4.3.0.0: no header file found
2023-09-29 16:54:33,667 [WARN] ApiManager:304 - Cannot register API 'Board Extension:S2868A1' from pack STMicroelectronics.X-CUBE-SUBG2.5.0.0: no header file found
2023-09-29 16:54:33,667 [WARN] ApiManager:304 - Cannot register API 'Board Extension:S2868A2' from pack STMicroelectronics.X-CUBE-SUBG2.5.0.0: no header file found
2023-09-29 16:54:33,668 [WARN] ApiManager:304 - Cannot register API 'Board Extension:S2915A1' from pack STMicroelectronics.X-CUBE-SUBG2.5.0.0: no header file found
2023-09-29 16:54:33,673 [WARN] ApiManager:304 - Cannot register API 'Board Extension:S2868A1' from pack STMicroelectronics.X-CUBE-SFXS2LP1.4.0.0: no header file found
2023-09-29 16:54:33,673 [WARN] ApiManager:304 - Cannot register API 'Board Extension:S2868A2' from pack STMicroelectronics.X-CUBE-SFXS2LP1.4.0.0: no header file found
2023-09-29 16:54:33,673 [WARN] ApiManager:304 - Cannot register API 'Board Extension:S2915A1' from pack STMicroelectronics.X-CUBE-SFXS2LP1.4.0.0: no header file found
2023-09-29 16:54:33,674 [WARN] ApiManager:304 - Cannot register API 'Wireless:BlueNRG-2' from pack STMicroelectronics.X-CUBE-BLE2.3.3.0: no header file found
2023-09-29 16:54:36,339 [INFO] UtilMem:74 - End LoadConfig() Used Memory: 655793896 Bytes (898629632)
2023-09-29 16:54:36,343 [WARN] ThirdParty:779 - waiting for thirdparty lock release [change project]
2023-09-29 16:54:36,343 [INFO] ThirdParty:781 - entering critical section [change project]
2023-09-29 16:54:36,343 [INFO] ThirdParty:967 - CMSIS Pack Vendor :STMicroelectronics X-CUBE-ISPU 1.1.0
2023-09-29 16:54:36,343 [INFO] ThirdParty:967 - CMSIS Pack Vendor :STMicroelectronics X-CUBE-GNSS1 6.0.0
2023-09-29 16:54:36,343 [INFO] ThirdParty:967 - CMSIS Pack Vendor :STMicroelectronics USB_HOST 2.0.0
2023-09-29 16:54:36,343 [INFO] ThirdParty:967 - CMSIS Pack Vendor :STMicroelectronics X-CUBE-AZRTOS-F4 1.1.0
2023-09-29 16:54:36,343 [INFO] ThirdParty:967 - CMSIS Pack Vendor :STMicroelectronics X-CUBE-BLE1 7.0.0
2023-09-29 16:54:36,343 [INFO] ThirdParty:967 - CMSIS Pack Vendor :STMicroelectronics FP-ATR-SIGFOX1 3.2.0
2023-09-29 16:54:36,344 [INFO] ThirdParty:967 - CMSIS Pack Vendor :wolfSSL I-CUBE-wolfSSL 5.6.3
2023-09-29 16:54:36,344 [INFO] ThirdParty:967 - CMSIS Pack Vendor :STMicroelectronics USB_DEVICE 3.0.0
2023-09-29 16:54:36,344 [INFO] ThirdParty:967 - CMSIS Pack Vendor :STMicroelectronics HAL Drivers 0.0.0
2023-09-29 16:54:36,344 [INFO] ThirdParty:967 - CMSIS Pack Vendor :STMicroelectronics MBEDTLS 2.16.2
2023-09-29 16:54:36,344 [INFO] ThirdParty:967 - CMSIS Pack Vendor :STMicroelectronics X-CUBE-AZRTOS-WB 2.0.0
2023-09-29 16:54:36,344 [INFO] ThirdParty:967 - CMSIS Pack Vendor :STMicroelectronics X-CUBE-TOUCHGFX 4.22.0
2023-09-29 16:54:36,344 [INFO] ThirdParty:967 - CMSIS Pack Vendor :STMicroelectronics X-CUBE-NFC7 1.0.1
2023-09-29 16:54:36,344 [INFO] ThirdParty:967 - CMSIS Pack Vendor :STMicroelectronics MBEDTLS 2.14.1
2023-09-29 16:54:36,344 [INFO] ThirdParty:967 - CMSIS Pack Vendor :STMicroelectronics X-CUBE-AZRTOS-F7 1.1.0
2023-09-29 16:54:36,344 [INFO] ThirdParty:967 - CMSIS Pack Vendor :STMicroelectronics X-CUBE-AZRTOS-L5 2.0.0
2023-09-29 16:54:36,344 [INFO] ThirdParty:967 - CMSIS Pack Vendor :STMicroelectronics X-CUBE-NFC6 3.0.0
2023-09-29 16:54:36,345 [INFO] ThirdParty:967 - CMSIS Pack Vendor :STMicroelectronics X-CUBE-EEPRMA1 4.1.0
2023-09-29 16:54:36,345 [INFO] ThirdParty:967 - CMSIS Pack Vendor :portGmbH I-Cube-SoM-uGOAL 1.1.0
2023-09-29 16:54:36,345 [INFO] ThirdParty:967 - CMSIS Pack Vendor :STMicroelectronics X-CUBE-ALS 1.0.1
2023-09-29 16:54:36,345 [INFO] ThirdParty:967 - CMSIS Pack Vendor :STMicroelectronics USB_DEVICE 2.0.0
2023-09-29 16:54:36,345 [INFO] ThirdParty:967 - CMSIS Pack Vendor :STMicroelectronics X-CUBE-MEMS1 9.6.0
2023-09-29 16:54:36,345 [INFO] ThirdParty:967 - CMSIS Pack Vendor :STMicroelectronics X-CUBE-AZRTOS-WL 2.0.0
2023-09-29 16:54:36,345 [INFO] ThirdParty:967 - CMSIS Pack Vendor :STMicroelectronics X-CUBE-ALGOBUILD 1.3.0
2023-09-29 16:54:36,345 [INFO] ThirdParty:967 - CMSIS Pack Vendor :SEGGER I-CUBE-embOS 1.3.1
2023-09-29 16:54:36,345 [INFO] ThirdParty:967 - CMSIS Pack Vendor :STMicroelectronics FreeRTOS 0.0.1
2023-09-29 16:54:36,345 [INFO] ThirdParty:967 - CMSIS Pack Vendor :STMicroelectronics X-CUBE-AZRTOS-G0 1.1.0
2023-09-29 16:54:36,346 [INFO] ThirdParty:967 - CMSIS Pack Vendor :STMicroelectronics USB_DEVICE 1.0.0
2023-09-29 16:54:36,346 [INFO] ThirdParty:967 - CMSIS Pack Vendor :STMicroelectronics X-CUBE-BLEMGR 2.0.0
2023-09-29 16:54:36,346 [INFO] ThirdParty:967 - CMSIS Pack Vendor :STMicroelectronics X-CUBE-AI 8.1.0
2023-09-29 16:54:36,346 [INFO] ThirdParty:967 - CMSIS Pack Vendor :STMicroelectronics X-CUBE-NFC4 3.0.0
2023-09-29 16:54:36,346 [INFO] ThirdParty:967 - CMSIS Pack Vendor :STMicroelectronics X-CUBE-SUBG2 5.0.0
2023-09-29 16:54:36,346 [INFO] ThirdParty:967 - CMSIS Pack Vendor :STMicroelectronics X-CUBE-AZRTOS-L4 2.0.0
2023-09-29 16:54:36,346 [INFO] ThirdParty:967 - CMSIS Pack Vendor :STMicroelectronics ThreadX 0.0.2
2023-09-29 16:54:36,346 [INFO] ThirdParty:967 - CMSIS Pack Vendor :WES I-CUBE-Cesium 1.3.0
2023-09-29 16:54:36,346 [INFO] ThirdParty:967 - CMSIS Pack Vendor :STMicroelectronics FP-ATR-ASTRA1 2.0.0
2023-09-29 16:54:36,346 [INFO] ThirdParty:967 - CMSIS Pack Vendor :STMicroelectronics lwIP 2.0.3
2023-09-29 16:54:36,346 [INFO] ThirdParty:967 - CMSIS Pack Vendor :STMicroelectronics lwIP 2.1.2
2023-09-29 16:54:36,347 [INFO] ThirdParty:967 - CMSIS Pack Vendor :STMicroelectronics X-CUBE-SFXS2LP1 4.0.0
2023-09-29 16:54:36,347 [INFO] ThirdParty:967 - CMSIS Pack Vendor :STMicroelectronics X-CUBE-BLE2 3.3.0
2023-09-29 16:54:36,347 [INFO] ThirdParty:967 - CMSIS Pack Vendor :STMicroelectronics USB_HOST 1.0.0
2023-09-29 16:54:36,347 [INFO] ThirdParty:967 - CMSIS Pack Vendor :STMicroelectronics X-CUBE-AZRTOS-G4 2.0.0
2023-09-29 16:54:36,347 [INFO] ThirdParty:967 - CMSIS Pack Vendor :STMicroelectronics PDM2PCM 3.1.0
2023-09-29 16:54:36,347 [INFO] ThirdParty:967 - CMSIS Pack Vendor :STMicroelectronics X-CUBE-AZRTOS-H7 3.1.0
2023-09-29 16:54:36,347 [INFO] ThirdParty:967 - CMSIS Pack Vendor :STMicroelectronics PDM2PCM 3.2.0
2023-09-29 16:54:36,347 [INFO] ThirdParty:967 - CMSIS Pack Vendor :STMicroelectronics PDM2PCM 3.3.0
2023-09-29 16:54:36,347 [INFO] ThirdParty:787 - exiting critical section [change project]
2023-09-29 16:54:36,699 [INFO] PinOutPanel:1463 - setPackage(No Configuration,No Configuration)
2023-09-29 16:54:36,701 [INFO] PinOutPanel:1463 - setPackage(STM32F103C6Ux,UFQFPN48)
2023-09-29 16:54:37,330 [INFO] UtilMem:74 - Before build in PCC Used Memory: 753833704 Bytes (898629632)
2023-09-29 16:54:38,337 [INFO] UtilMem:74 - After build in PCC Used Memory: 683670992 Bytes (898629632)
2023-09-29 16:54:38,378 [INFO] IPUIPlugin:74 - create IPUIPlugin
2023-09-29 16:54:38,378 [INFO] IPUIPlugin:74 - create IPUIPlugin
2023-09-29 16:54:38,378 [INFO] IPUIPlugin:74 - create IPUIPlugin
2023-09-29 16:54:38,378 [INFO] IPUIPlugin:74 - create IPUIPlugin
2023-09-29 16:54:38,379 [INFO] IPUIPlugin:74 - create IPUIPlugin
2023-09-29 16:54:38,379 [INFO] IPUIPlugin:74 - create IPUIPlugin
2023-09-29 16:54:38,379 [INFO] IPUIPlugin:74 - create IPUIPlugin
2023-09-29 16:54:38,379 [INFO] IPUIPlugin:74 - create IPUIPlugin
2023-09-29 16:54:38,379 [INFO] IPUIPlugin:74 - create IPUIPlugin
2023-09-29 16:54:38,380 [INFO] IPUIPlugin:74 - create IPUIPlugin
2023-09-29 16:54:38,380 [INFO] IPUIPlugin:74 - create IPUIPlugin
2023-09-29 16:54:38,380 [INFO] IPUIPlugin:74 - create IPUIPlugin
2023-09-29 16:54:38,381 [INFO] IPUIPlugin:74 - create IPUIPlugin
2023-09-29 16:54:38,381 [INFO] IPUIPlugin:74 - create IPUIPlugin
2023-09-29 16:54:38,381 [INFO] IPUIPlugin:74 - create IPUIPlugin
2023-09-29 16:54:38,382 [INFO] IPUIPlugin:74 - create IPUIPlugin
2023-09-29 16:54:38,382 [INFO] IPUIPlugin:74 - create IPUIPlugin
2023-09-29 16:54:38,384 [INFO] IPUIPlugin:74 - create IPUIPlugin
2023-09-29 16:54:38,384 [INFO] IPUIPlugin:74 - create IPUIPlugin
2023-09-29 16:54:38,385 [INFO] IPUIPlugin:74 - create IPUIPlugin
2023-09-29 16:54:38,386 [INFO] IPUIPlugin:74 - create IPUIPlugin
2023-09-29 16:54:38,387 [INFO] IPUIPlugin:74 - create IPUIPlugin
2023-09-29 16:54:38,387 [INFO] IPUIPlugin:74 - create IPUIPlugin
2023-09-29 16:54:38,563 [INFO] OpenFileManager:333 - Restore cursor
2023-09-29 16:54:38,864 [INFO] UtilMem:74 - End SaveConfig() Used Memory: 748575264 Bytes (898629632)
2023-09-29 16:54:38,949 [INFO] UtilMem:74 - End SaveConfig() Used Memory: 761682440 Bytes (898629632)
2023-09-29 16:54:39,517 [INFO] BlockDiagram:2740 - set Specific Code input for plugin: NVIC
2023-09-29 16:54:39,518 [INFO] BlockDiagram:2740 - set Specific Code input for plugin: SYS
2023-09-29 16:54:39,518 [INFO] BlockDiagram:2740 - set Specific Code input for plugin: RCC
2023-09-29 16:54:39,519 [INFO] CodeGenerator:663 - code generatio: config db path: D:\STM32\STM32CubeIDE_1.7.0\STM32CubeIDE\plugins\com.st.stm32cube.common.mx_6.3.0.202107141111\\db\
2023-09-29 16:54:40,060 [INFO] CodeEngine:239 - oldGeneratedFile, D:\STM32_Lab\Lab1\Lab1_1_STM32\MXTmpFiles\license.tmp_save
2023-09-29 16:54:40,555 [INFO] CodeEngine:257 - Generated code: D:\STM32_Lab\Lab1\Lab1_1_STM32\MXTmpFiles\license.tmp
2023-09-29 16:54:40,813 [INFO] CodeEngine:239 - oldGeneratedFile, D:\STM32_Lab\Lab1\Lab1_1_STM32\Core\Src\stm32f1xx_it.c_save
2023-09-29 16:54:40,999 [INFO] CodeEngine:257 - Generated code: D:\STM32_Lab\Lab1\Lab1_1_STM32\Core\Src\stm32f1xx_it.c
2023-09-29 16:54:41,002 [INFO] CodeEngine:239 - oldGeneratedFile, D:\STM32_Lab\Lab1\Lab1_1_STM32\Core\Inc\stm32f1xx_it.h_save
2023-09-29 16:54:41,145 [INFO] CodeEngine:257 - Generated code: D:\STM32_Lab\Lab1\Lab1_1_STM32\Core\Inc\stm32f1xx_it.h
2023-09-29 16:54:41,157 [INFO] CodeEngine:239 - oldGeneratedFile, D:\STM32_Lab\Lab1\Lab1_1_STM32\Core\Src\stm32f1xx_hal_msp.c_save
2023-09-29 16:54:41,341 [INFO] CodeEngine:257 - Generated code: D:\STM32_Lab\Lab1\Lab1_1_STM32\Core\Src\stm32f1xx_hal_msp.c
2023-09-29 16:54:41,345 [INFO] CodeEngine:239 - oldGeneratedFile, D:\STM32_Lab\Lab1\Lab1_1_STM32\MXTmpFiles\system.tmp_save
2023-09-29 16:54:41,423 [INFO] CodeEngine:257 - Generated code: D:\STM32_Lab\Lab1\Lab1_1_STM32\MXTmpFiles\system.tmp
2023-09-29 16:54:41,430 [INFO] CodeEngine:239 - oldGeneratedFile, D:\STM32_Lab\Lab1\Lab1_1_STM32\Core\Inc\stm32f1xx_hal_conf.h_save
2023-09-29 16:54:41,533 [INFO] CodeEngine:257 - Generated code: D:\STM32_Lab\Lab1\Lab1_1_STM32\Core\Inc\stm32f1xx_hal_conf.h
2023-09-29 16:54:41,574 [INFO] CodeEngine:239 - oldGeneratedFile, D:\STM32_Lab\Lab1\Lab1_1_STM32\Core\Inc\main.h_save
2023-09-29 16:54:41,681 [INFO] CodeEngine:257 - Generated code: D:\STM32_Lab\Lab1\Lab1_1_STM32\Core\Inc\main.h
2023-09-29 16:54:41,686 [INFO] CodeEngine:239 - oldGeneratedFile, D:\STM32_Lab\Lab1\Lab1_1_STM32\Core\Src\main.c_save
2023-09-29 16:54:41,841 [INFO] CodeEngine:257 - Generated code: D:\STM32_Lab\Lab1\Lab1_1_STM32\Core\Src\main.c
2023-09-29 16:54:43,519 [INFO] ProjectBuilder:2578 - Time for Copy HAL[1] : 108mS.
2023-09-29 16:54:43,528 [INFO] ProjectBuilder:3622 - Project Generator version: 3.14.1
2023-09-29 16:54:44,421 [INFO] ConfigFileManager:1271 - The Die is : DIE412
2023-09-29 16:54:44,441 [INFO] ApiDbMcu:468 - Load IP Config File for FATFS
2023-09-29 16:54:44,489 [INFO] ApiDbMcu:468 - Load IP Config File for FREERTOS
2023-09-29 16:54:44,530 [INFO] ApiDbMcu:468 - Load IP Config File for USB_DEVICE
2023-09-29 16:54:51,501 [INFO] ProjectBuilder:3789 - Time for Generating toolchain IDE Files: 7973mS.
2023-09-29 16:54:51,502 [INFO] ProjectBuilder:2457 - Time for Copy CMSIS : 0mS.
2023-09-29 16:54:51,504 [INFO] ProjectBuilder:2457 - Time for Copy CMSIS : 0mS.
2023-09-29 16:54:52,535 [INFO] McuFinderGlobals:52 - Set McuFinderConnectedMode to true
2023-09-29 16:54:52,537 [INFO] ApiDb:276 - Save user favorites file C:\Users\Administrator/.stm32cubeide/favorites.mcus.txt: 0 item(s)
2023-09-29 16:54:52,538 [INFO] ApiDb:280 - User favorites MCUs=[]
2023-09-29 16:55:41,244 [INFO] Gpio:254 - dependency for GPIO []
2023-09-29 16:55:46,930 [INFO] Gpio:254 - dependency for GPIO []
2023-09-29 16:58:34,823 [INFO] UtilMem:74 - End SaveConfig() Used Memory: 684789520 Bytes (1073741824)
2023-09-29 16:58:36,650 [INFO] UtilMem:74 - End SaveConfig() Used Memory: 712837712 Bytes (1073741824)
2023-09-29 16:58:39,837 [INFO] UtilMem:74 - End SaveConfig() Used Memory: 684915488 Bytes (1073741824)
2023-09-29 16:58:40,405 [INFO] BlockDiagram:2740 - set Specific Code input for plugin: NVIC
2023-09-29 16:58:40,405 [INFO] BlockDiagram:2740 - set Specific Code input for plugin: SYS
2023-09-29 16:58:40,406 [INFO] BlockDiagram:2740 - set Specific Code input for plugin: GPIO
2023-09-29 16:58:40,406 [INFO] BlockDiagram:2740 - set Specific Code input for plugin: RCC
2023-09-29 16:58:40,406 [INFO] CodeGenerator:663 - code generatio: config db path: D:\STM32\STM32CubeIDE_1.7.0\STM32CubeIDE\plugins\com.st.stm32cube.common.mx_6.3.0.202107141111\\db\
2023-09-29 16:58:40,831 [INFO] CodeEngine:239 - oldGeneratedFile, D:\STM32_Lab\Lab1\Lab1_1_STM32\MXTmpFiles\license.tmp_save
2023-09-29 16:58:40,915 [INFO] CodeEngine:257 - Generated code: D:\STM32_Lab\Lab1\Lab1_1_STM32\MXTmpFiles\license.tmp
2023-09-29 16:58:40,991 [INFO] CodeEngine:239 - oldGeneratedFile, D:\STM32_Lab\Lab1\Lab1_1_STM32\MXTmpFiles\gpio.tmp_save
2023-09-29 16:58:41,074 [INFO] CodeEngine:257 - Generated code: D:\STM32_Lab\Lab1\Lab1_1_STM32\MXTmpFiles\gpio.tmp
2023-09-29 16:58:41,089 [INFO] CodeEngine:239 - oldGeneratedFile, D:\STM32_Lab\Lab1\Lab1_1_STM32\Core\Src\stm32f1xx_it.c_save
2023-09-29 16:58:41,216 [INFO] CodeEngine:257 - Generated code: D:\STM32_Lab\Lab1\Lab1_1_STM32\Core\Src\stm32f1xx_it.c
2023-09-29 16:58:41,220 [INFO] CodeEngine:239 - oldGeneratedFile, D:\STM32_Lab\Lab1\Lab1_1_STM32\Core\Inc\stm32f1xx_it.h_save
2023-09-29 16:58:41,306 [INFO] CodeEngine:257 - Generated code: D:\STM32_Lab\Lab1\Lab1_1_STM32\Core\Inc\stm32f1xx_it.h
2023-09-29 16:58:41,315 [INFO] CodeEngine:239 - oldGeneratedFile, D:\STM32_Lab\Lab1\Lab1_1_STM32\Core\Src\stm32f1xx_hal_msp.c_save
2023-09-29 16:58:41,619 [INFO] CodeEngine:257 - Generated code: D:\STM32_Lab\Lab1\Lab1_1_STM32\Core\Src\stm32f1xx_hal_msp.c
2023-09-29 16:58:41,623 [INFO] CodeEngine:239 - oldGeneratedFile, D:\STM32_Lab\Lab1\Lab1_1_STM32\MXTmpFiles\system.tmp_save
2023-09-29 16:58:41,704 [INFO] CodeEngine:257 - Generated code: D:\STM32_Lab\Lab1\Lab1_1_STM32\MXTmpFiles\system.tmp
2023-09-29 16:58:41,713 [INFO] CodeEngine:239 - oldGeneratedFile, D:\STM32_Lab\Lab1\Lab1_1_STM32\Core\Inc\stm32f1xx_hal_conf.h_save
2023-09-29 16:58:41,839 [INFO] CodeEngine:257 - Generated code: D:\STM32_Lab\Lab1\Lab1_1_STM32\Core\Inc\stm32f1xx_hal_conf.h
2023-09-29 16:58:41,859 [INFO] CodeEngine:239 - oldGeneratedFile, D:\STM32_Lab\Lab1\Lab1_1_STM32\Core\Inc\main.h_save
2023-09-29 16:58:41,960 [INFO] CodeEngine:257 - Generated code: D:\STM32_Lab\Lab1\Lab1_1_STM32\Core\Inc\main.h
2023-09-29 16:58:41,969 [INFO] CodeEngine:239 - oldGeneratedFile, D:\STM32_Lab\Lab1\Lab1_1_STM32\Core\Src\main.c_save
2023-09-29 16:58:42,099 [INFO] CodeEngine:257 - Generated code: D:\STM32_Lab\Lab1\Lab1_1_STM32\Core\Src\main.c
2023-09-29 16:58:43,558 [INFO] ProjectBuilder:2578 - Time for Copy HAL[1] : 97mS.
2023-09-29 16:58:43,562 [INFO] ProjectBuilder:3622 - Project Generator version: 3.14.1
2023-09-29 16:58:44,456 [INFO] ConfigFileManager:1271 - The Die is : DIE412
2023-09-29 16:58:48,132 [INFO] ProjectBuilder:3789 - Time for Generating toolchain IDE Files: 4570mS.
2023-09-29 16:58:48,133 [INFO] ProjectBuilder:2457 - Time for Copy CMSIS : 0mS.
2023-09-29 16:58:48,135 [INFO] ProjectBuilder:2457 - Time for Copy CMSIS : 0mS.
