2023-12-04 16:42:11,932 [INFO] Activator:177 - 


2023-12-04 16:42:11,932 [INFO] Activator:178 - !SESSION log4j initialized
2023-12-04 17:46:32,438 [INFO] McuFinderGlobals:39 - Set McuFinder mode to 2 (CubeIDE integrated)
2023-12-04 17:46:32,834 [INFO] ApplicationProperties:181 - Using Application install path: D:\STM32\STM32CubeIDE_1.7.0\STM32CubeIDE\plugins\com.st.stm32cube.common.mx_6.3.0.202107141111
2023-12-04 17:46:32,854 [INFO] DbMcusXml:74 - Set database path to: D:\STM32\STM32CubeIDE_1.7.0\STM32CubeIDE\plugins\com.st.stm32cube.common.mx_6.3.0.202107141111\\db\/mcu/
2023-12-04 17:46:32,860 [INFO] DbBoardsPdsc:56 - Set plugin database path to: D:\STM32\STM32CubeIDE_1.7.0\STM32CubeIDE\plugins\com.st.stm32cube.common.mx_6.3.0.202107141111\\db\/plugins/boardmanager/
2023-12-04 17:46:32,860 [INFO] DbMcus:258 - Set plugin images path to: D:\STM32\STM32CubeIDE_1.7.0\STM32CubeIDE\plugins\com.st.stm32cube.common.mx_6.3.0.202107141111\\db\/plugins/mcufinder/images/
2023-12-04 17:46:32,861 [INFO] DbBoards:264 - Set plugin images path to: D:\STM32\STM32CubeIDE_1.7.0\STM32CubeIDE\plugins\com.st.stm32cube.common.mx_6.3.0.202107141111\\db\/plugins/mcufinder/images/
2023-12-04 17:46:32,865 [INFO] DbExamples:333 - Set plugin images path to: D:\STM32\STM32CubeIDE_1.7.0\STM32CubeIDE\plugins\com.st.stm32cube.common.mx_6.3.0.202107141111\\db\/plugins/mcufinder/images/
2023-12-04 17:46:32,878 [INFO] DbMcusAds:119 - Set database path to: C:\Users\Administrator\.stmcufinder\plugins\mcufinder//mcu/
2023-12-04 17:46:32,880 [INFO] DbMcusDocs:110 - Set database path to: C:\Users\Administrator\.stmcufinder\plugins\mcufinder//mcu/
2023-12-04 17:46:32,882 [INFO] DbMcusJson:64 - Set database path to: C:\Users\Administrator\.stmcufinder\plugins\mcufinder//mcu/
2023-12-04 17:46:32,883 [INFO] DbBoardsDocs:110 - Set database path to: C:\Users\Administrator\.stmcufinder\plugins\mcufinder//mcu/
2023-12-04 17:46:32,886 [INFO] DbBoardsJson:57 - Set database path to: C:\Users\Administrator\.stmcufinder\plugins\mcufinder//mcu/
2023-12-04 17:46:32,965 [INFO] CrossReferenceDbSqlite:196 - Set database path to: C:\Users\Administrator\.stmcufinder\plugins\mcufinder//mcu/cs/
2023-12-04 17:46:32,974 [INFO] DbExamplesSqlite:767 - Set database path to: C:\Users\Administrator\.stmcufinder\plugins\mcufinder//mcu/
2023-12-04 17:46:33,147 [INFO] RulesReader:57 - Compatibility file has been processed (242 Rules)
2023-12-04 17:46:33,299 [INFO] DbMcusXml:74 - Set database path to: D:\STM32\STM32CubeIDE_1.7.0\STM32CubeIDE\plugins\com.st.stm32cube.common.mx_6.3.0.202107141111\\db\/mcu/
2023-12-04 17:46:33,300 [INFO] DbBoardsPdsc:56 - Set plugin database path to: D:\STM32\STM32CubeIDE_1.7.0\STM32CubeIDE\plugins\com.st.stm32cube.common.mx_6.3.0.202107141111\\db\/plugins/boardmanager/
2023-12-04 17:46:33,301 [INFO] DbMcus:258 - Set plugin images path to: D:\STM32\STM32CubeIDE_1.7.0\STM32CubeIDE\plugins\com.st.stm32cube.common.mx_6.3.0.202107141111\\db\/plugins/mcufinder/images/
2023-12-04 17:46:33,301 [INFO] DbBoards:264 - Set plugin images path to: D:\STM32\STM32CubeIDE_1.7.0\STM32CubeIDE\plugins\com.st.stm32cube.common.mx_6.3.0.202107141111\\db\/plugins/mcufinder/images/
2023-12-04 17:46:33,301 [INFO] DbExamples:333 - Set plugin images path to: D:\STM32\STM32CubeIDE_1.7.0\STM32CubeIDE\plugins\com.st.stm32cube.common.mx_6.3.0.202107141111\\db\/plugins/mcufinder/images/
2023-12-04 17:46:33,301 [WARN] DbFile:35 - Overriding database path with different value: C:\Users\Administrator\.stmcufinder\plugins\mcufinder/ => C:\Users\Administrator\.stmcufinder\plugins\mcufinder
2023-12-04 17:46:33,301 [INFO] DbMcusAds:119 - Set database path to: C:\Users\Administrator\.stmcufinder\plugins\mcufinder//mcu/
2023-12-04 17:46:33,301 [WARN] DbFile:35 - Overriding database path with different value: C:\Users\Administrator\.stmcufinder\plugins\mcufinder/ => C:\Users\Administrator\.stmcufinder\plugins\mcufinder
2023-12-04 17:46:33,302 [INFO] DbMcusDocs:110 - Set database path to: C:\Users\Administrator\.stmcufinder\plugins\mcufinder//mcu/
2023-12-04 17:46:33,302 [WARN] DbFile:35 - Overriding database path with different value: C:\Users\Administrator\.stmcufinder\plugins\mcufinder/ => C:\Users\Administrator\.stmcufinder\plugins\mcufinder
2023-12-04 17:46:33,302 [INFO] DbMcusJson:64 - Set database path to: C:\Users\Administrator\.stmcufinder\plugins\mcufinder//mcu/
2023-12-04 17:46:33,302 [WARN] DbFile:35 - Overriding database path with different value: C:\Users\Administrator\.stmcufinder\plugins\mcufinder/ => C:\Users\Administrator\.stmcufinder\plugins\mcufinder
2023-12-04 17:46:33,303 [INFO] DbBoardsDocs:110 - Set database path to: C:\Users\Administrator\.stmcufinder\plugins\mcufinder//mcu/
2023-12-04 17:46:33,303 [WARN] DbFile:35 - Overriding database path with different value: C:\Users\Administrator\.stmcufinder\plugins\mcufinder/ => C:\Users\Administrator\.stmcufinder\plugins\mcufinder
2023-12-04 17:46:33,303 [INFO] DbBoardsJson:57 - Set database path to: C:\Users\Administrator\.stmcufinder\plugins\mcufinder//mcu/
2023-12-04 17:46:33,303 [WARN] DbFile:35 - Overriding database path with different value: C:\Users\Administrator\.stmcufinder\plugins\mcufinder/ => C:\Users\Administrator\.stmcufinder\plugins\mcufinder
2023-12-04 17:46:33,303 [WARN] DbFile:35 - Overriding database path with different value: C:\Users\Administrator\.stmcufinder\plugins\mcufinder/ => C:\Users\Administrator\.stmcufinder\plugins\mcufinder
2023-12-04 17:46:33,303 [INFO] CrossReferenceDbSqlite:196 - Set database path to: C:\Users\Administrator\.stmcufinder\plugins\mcufinder//mcu/cs/
2023-12-04 17:46:33,304 [WARN] DbFile:35 - Overriding database path with different value: C:\Users\Administrator\.stmcufinder\plugins\mcufinder/ => C:\Users\Administrator\.stmcufinder\plugins\mcufinder
2023-12-04 17:46:33,304 [INFO] DbExamplesSqlite:767 - Set database path to: C:\Users\Administrator\.stmcufinder\plugins\mcufinder//mcu/
2023-12-04 17:46:33,414 [INFO] MainPanel:214 - HeapMemory: 954204160
2023-12-04 17:46:33,568 [INFO] DbMcusXml:74 - Set database path to: D:\STM32\STM32CubeIDE_1.7.0\STM32CubeIDE\plugins\com.st.stm32cube.common.mx_6.3.0.202107141111\\db\/mcu/
2023-12-04 17:46:33,568 [INFO] DbBoardsPdsc:56 - Set plugin database path to: D:\STM32\STM32CubeIDE_1.7.0\STM32CubeIDE\plugins\com.st.stm32cube.common.mx_6.3.0.202107141111\\db\/plugins/boardmanager/
2023-12-04 17:46:33,568 [INFO] DbMcus:258 - Set plugin images path to: D:\STM32\STM32CubeIDE_1.7.0\STM32CubeIDE\plugins\com.st.stm32cube.common.mx_6.3.0.202107141111\\db\/plugins/mcufinder/images/
2023-12-04 17:46:33,568 [INFO] DbBoards:264 - Set plugin images path to: D:\STM32\STM32CubeIDE_1.7.0\STM32CubeIDE\plugins\com.st.stm32cube.common.mx_6.3.0.202107141111\\db\/plugins/mcufinder/images/
2023-12-04 17:46:33,568 [INFO] DbExamples:333 - Set plugin images path to: D:\STM32\STM32CubeIDE_1.7.0\STM32CubeIDE\plugins\com.st.stm32cube.common.mx_6.3.0.202107141111\\db\/plugins/mcufinder/images/
2023-12-04 17:46:33,569 [WARN] DbFile:35 - Overriding database path with different value: C:\Users\Administrator\.stmcufinder\plugins\mcufinder/ => C:\Users\Administrator\.stmcufinder\plugins\mcufinder
2023-12-04 17:46:33,569 [INFO] DbMcusAds:119 - Set database path to: C:\Users\Administrator\.stmcufinder\plugins\mcufinder//mcu/
2023-12-04 17:46:33,569 [WARN] DbFile:35 - Overriding database path with different value: C:\Users\Administrator\.stmcufinder\plugins\mcufinder/ => C:\Users\Administrator\.stmcufinder\plugins\mcufinder
2023-12-04 17:46:33,569 [INFO] DbMcusDocs:110 - Set database path to: C:\Users\Administrator\.stmcufinder\plugins\mcufinder//mcu/
2023-12-04 17:46:33,569 [WARN] DbFile:35 - Overriding database path with different value: C:\Users\Administrator\.stmcufinder\plugins\mcufinder/ => C:\Users\Administrator\.stmcufinder\plugins\mcufinder
2023-12-04 17:46:33,569 [INFO] DbMcusJson:64 - Set database path to: C:\Users\Administrator\.stmcufinder\plugins\mcufinder//mcu/
2023-12-04 17:46:33,570 [WARN] DbFile:35 - Overriding database path with different value: C:\Users\Administrator\.stmcufinder\plugins\mcufinder/ => C:\Users\Administrator\.stmcufinder\plugins\mcufinder
2023-12-04 17:46:33,570 [INFO] DbBoardsDocs:110 - Set database path to: C:\Users\Administrator\.stmcufinder\plugins\mcufinder//mcu/
2023-12-04 17:46:33,570 [WARN] DbFile:35 - Overriding database path with different value: C:\Users\Administrator\.stmcufinder\plugins\mcufinder/ => C:\Users\Administrator\.stmcufinder\plugins\mcufinder
2023-12-04 17:46:33,570 [INFO] DbBoardsJson:57 - Set database path to: C:\Users\Administrator\.stmcufinder\plugins\mcufinder//mcu/
2023-12-04 17:46:33,570 [WARN] DbFile:35 - Overriding database path with different value: C:\Users\Administrator\.stmcufinder\plugins\mcufinder/ => C:\Users\Administrator\.stmcufinder\plugins\mcufinder
2023-12-04 17:46:33,570 [WARN] DbFile:35 - Overriding database path with different value: C:\Users\Administrator\.stmcufinder\plugins\mcufinder/ => C:\Users\Administrator\.stmcufinder\plugins\mcufinder
2023-12-04 17:46:33,570 [INFO] CrossReferenceDbSqlite:196 - Set database path to: C:\Users\Administrator\.stmcufinder\plugins\mcufinder//mcu/cs/
2023-12-04 17:46:33,571 [WARN] DbFile:35 - Overriding database path with different value: C:\Users\Administrator\.stmcufinder\plugins\mcufinder/ => C:\Users\Administrator\.stmcufinder\plugins\mcufinder
2023-12-04 17:46:33,571 [INFO] DbExamplesSqlite:767 - Set database path to: C:\Users\Administrator\.stmcufinder\plugins\mcufinder//mcu/
2023-12-04 17:46:33,599 [INFO] ApplicationProperties:181 - Using Application install path: D:\STM32\STM32CubeIDE_1.7.0\STM32CubeIDE\plugins\com.st.stm32cube.common.mx_6.3.0.202107141111
2023-12-04 17:46:33,600 [INFO] PluginManage:188 - Search for loadable plugins [exclusion list=, ]
2023-12-04 17:46:33,603 [INFO] PluginManage:302 - Check plugin analytics
2023-12-04 17:46:38,462 [INFO] AnalyticsPlugin:257 - Accepted Software Licenses: 
2023-12-04 17:46:38,466 [INFO] AnalyticsPlugin:259 - Accepted CMSIS Pack Licenses: 
2023-12-04 17:46:38,466 [INFO] AnalyticsPlugin:261 - Accepted Firmware Licenses: 
2023-12-04 17:46:38,467 [INFO] PluginManage:352 - Loaded plugin analytics (category:tool,tabindex:-1)
2023-12-04 17:46:38,467 [INFO] PluginManage:302 - Check plugin clock
2023-12-04 17:46:38,490 [INFO] PluginManage:352 - Loaded plugin clock (category:base,tabindex:2)
2023-12-04 17:46:38,490 [INFO] PluginManage:302 - Check plugin ddr
2023-12-04 17:46:38,494 [INFO] PluginManage:352 - Loaded plugin ddr (category:tool,tabindex:6)
2023-12-04 17:46:38,494 [INFO] PluginManage:302 - Check plugin filemanager
2023-12-04 17:46:38,722 [INFO] PluginManage:352 - Loaded plugin filemanager (category:base,tabindex:10)
2023-12-04 17:46:38,723 [INFO] PluginManage:302 - Check plugin ipmanager
2023-12-04 17:46:38,738 [INFO] PluginManage:352 - Loaded plugin ipmanager (category:base,tabindex:5)
2023-12-04 17:46:38,738 [INFO] PluginManage:302 - Check plugin pinoutandconfiguration
2023-12-04 17:46:38,753 [INFO] PluginManage:352 - Loaded plugin pinoutandconfiguration (category:base,tabindex:1)
2023-12-04 17:46:38,753 [INFO] PluginManage:302 - Check plugin pinoutconfig
2023-12-04 17:46:38,811 [INFO] PluginManage:352 - Loaded plugin pinoutconfig (category:base,tabindex:0)
2023-12-04 17:46:38,811 [INFO] PluginManage:302 - Check plugin power
2023-12-04 17:46:38,839 [INFO] PluginManage:352 - Loaded plugin power (category:power,tabindex:4)
2023-12-04 17:46:38,839 [INFO] PluginManage:302 - Check plugin projectmanager
2023-12-04 17:46:38,867 [INFO] PluginManage:352 - Loaded plugin projectmanager (category:projectmanager,tabindex:3)
2023-12-04 17:46:38,867 [INFO] PluginManage:302 - Check plugin thirdparty
2023-12-04 17:46:39,106 [WARN] IntegrityCheckThread:78 - waiting for thirdparty lock release [integrity check]
2023-12-04 17:46:39,109 [INFO] PluginManage:352 - Loaded plugin thirdparty (category:base,tabindex:-1)
2023-12-04 17:46:39,109 [INFO] IntegrityCheckThread:80 - entering critical section [integrity check]
2023-12-04 17:46:39,110 [INFO] PluginManage:302 - Check plugin tools
2023-12-04 17:46:39,110 [INFO] ThirdPartyUpdaterWithRetryManager:66 - Updater plugin not ready yet. [1/15]
2023-12-04 17:46:39,113 [INFO] PluginManage:352 - Loaded plugin tools (category:base,tabindex:7)
2023-12-04 17:46:39,114 [INFO] PluginManage:302 - Check plugin tutovideos
2023-12-04 17:46:39,419 [INFO] PluginManage:352 - Loaded plugin tutovideos (category:base,tabindex:-1)
2023-12-04 17:46:39,419 [INFO] PluginManage:302 - Check plugin updater
2023-12-04 17:46:39,454 [INFO] PluginManage:352 - Loaded plugin updater (category:base,tabindex:12)
2023-12-04 17:46:39,455 [INFO] PluginManage:275 - PluginManage : Loaded plugins [13]
2023-12-04 17:46:39,861 [INFO] PinOutPanel:1463 - setPackage(No Configuration,No Configuration)
2023-12-04 17:46:40,018 [INFO] IPUIPlugin:74 - create IPUIPlugin
2023-12-04 17:46:40,018 [INFO] PluginManager:213 - loadIPPluginJar : add adc
2023-12-04 17:46:40,024 [INFO] IPUIPlugin:74 - create IPUIPlugin
2023-12-04 17:46:40,024 [INFO] PluginManager:213 - loadIPPluginJar : add aes
2023-12-04 17:46:40,030 [INFO] IPUIPlugin:74 - create IPUIPlugin
2023-12-04 17:46:40,031 [INFO] PluginManager:213 - loadIPPluginJar : add can
2023-12-04 17:46:40,033 [INFO] IPUIPlugin:74 - create IPUIPlugin
2023-12-04 17:46:40,033 [INFO] PluginManager:213 - loadIPPluginJar : add comp
2023-12-04 17:46:40,037 [INFO] IPUIPlugin:74 - create IPUIPlugin
2023-12-04 17:46:40,037 [INFO] PluginManager:213 - loadIPPluginJar : add cryp
2023-12-04 17:46:40,042 [INFO] IPUIPlugin:74 - create IPUIPlugin
2023-12-04 17:46:40,043 [INFO] PluginManager:213 - loadIPPluginJar : add dfsdm
2023-12-04 17:46:40,055 [INFO] IPUIPlugin:74 - create IPUIPlugin
2023-12-04 17:46:40,056 [INFO] PluginManager:213 - loadIPPluginJar : add dma
2023-12-04 17:46:40,060 [INFO] IPUIPlugin:74 - create IPUIPlugin
2023-12-04 17:46:40,061 [INFO] PluginManager:213 - loadIPPluginJar : add dma3
2023-12-04 17:46:40,063 [INFO] IPUIPlugin:74 - create IPUIPlugin
2023-12-04 17:46:40,064 [INFO] PluginManager:213 - loadIPPluginJar : add fatfs
2023-12-04 17:46:40,072 [INFO] IPUIPlugin:74 - create IPUIPlugin
2023-12-04 17:46:40,072 [INFO] PluginManager:213 - loadIPPluginJar : add fmc
2023-12-04 17:46:40,086 [INFO] IPUIPlugin:74 - create IPUIPlugin
2023-12-04 17:46:40,086 [INFO] PluginManager:213 - loadIPPluginJar : add freertos
2023-12-04 17:46:40,089 [INFO] IPUIPlugin:74 - create IPUIPlugin
2023-12-04 17:46:40,090 [INFO] PluginManager:213 - loadIPPluginJar : add genericplugin
2023-12-04 17:46:40,094 [INFO] IPUIPlugin:74 - create IPUIPlugin
2023-12-04 17:46:40,094 [INFO] PluginManager:213 - loadIPPluginJar : add gfxmmu
2023-12-04 17:46:40,106 [INFO] IPUIPlugin:74 - create IPUIPlugin
2023-12-04 17:46:40,106 [INFO] PluginManager:213 - loadIPPluginJar : add gic
2023-12-04 17:46:40,112 [INFO] IPUIPlugin:74 - create IPUIPlugin
2023-12-04 17:46:40,112 [INFO] PluginManager:213 - loadIPPluginJar : add gpio
2023-12-04 17:46:40,117 [INFO] IPUIPlugin:74 - create IPUIPlugin
2023-12-04 17:46:40,117 [INFO] PluginManager:213 - loadIPPluginJar : add gtzc
2023-12-04 17:46:40,122 [INFO] IPUIPlugin:74 - create IPUIPlugin
2023-12-04 17:46:40,122 [INFO] PluginManager:213 - loadIPPluginJar : add hash
2023-12-04 17:46:40,127 [INFO] IPUIPlugin:74 - create IPUIPlugin
2023-12-04 17:46:40,127 [INFO] PluginManager:213 - loadIPPluginJar : add i2c
2023-12-04 17:46:40,131 [INFO] IPUIPlugin:74 - create IPUIPlugin
2023-12-04 17:46:40,132 [INFO] PluginManager:213 - loadIPPluginJar : add i2s
2023-12-04 17:46:40,135 [INFO] IPUIPlugin:74 - create IPUIPlugin
2023-12-04 17:46:40,136 [INFO] PluginManager:213 - loadIPPluginJar : add ipddr
2023-12-04 17:46:40,146 [INFO] IPUIPlugin:74 - create IPUIPlugin
2023-12-04 17:46:40,146 [INFO] PluginManager:213 - loadIPPluginJar : add linkedlist
2023-12-04 17:46:40,150 [INFO] IPUIPlugin:74 - create IPUIPlugin
2023-12-04 17:46:40,150 [INFO] PluginManager:213 - loadIPPluginJar : add lorawan
2023-12-04 17:46:40,153 [INFO] IPUIPlugin:74 - create IPUIPlugin
2023-12-04 17:46:40,153 [INFO] PluginManager:213 - loadIPPluginJar : add ltdc
2023-12-04 17:46:40,160 [INFO] IPUIPlugin:74 - create IPUIPlugin
2023-12-04 17:46:40,161 [INFO] PluginManager:213 - loadIPPluginJar : add mdma
2023-12-04 17:46:40,172 [INFO] IPUIPlugin:74 - create IPUIPlugin
2023-12-04 17:46:40,172 [INFO] PluginManager:213 - loadIPPluginJar : add nvic
2023-12-04 17:46:40,183 [INFO] IPUIPlugin:74 - create IPUIPlugin
2023-12-04 17:46:40,183 [INFO] PluginManager:213 - loadIPPluginJar : add opamp
2023-12-04 17:46:40,192 [INFO] IPUIPlugin:74 - create IPUIPlugin
2023-12-04 17:46:40,193 [INFO] PluginManager:213 - loadIPPluginJar : add openamp
2023-12-04 17:46:40,202 [INFO] IPUIPlugin:74 - create IPUIPlugin
2023-12-04 17:46:40,203 [INFO] PluginManager:213 - loadIPPluginJar : add pdm2pcm
2023-12-04 17:46:40,221 [INFO] IPUIPlugin:74 - create IPUIPlugin
2023-12-04 17:46:40,228 [INFO] PluginManager:213 - loadIPPluginJar : add plateformsettings
2023-12-04 17:46:40,233 [INFO] IPUIPlugin:74 - create IPUIPlugin
2023-12-04 17:46:40,233 [INFO] PluginManager:213 - loadIPPluginJar : add quadspi
2023-12-04 17:46:40,245 [INFO] IPUIPlugin:74 - create IPUIPlugin
2023-12-04 17:46:40,246 [INFO] PluginManager:213 - loadIPPluginJar : add resmgrutility
2023-12-04 17:46:40,252 [INFO] IPUIPlugin:74 - create IPUIPlugin
2023-12-04 17:46:40,252 [INFO] PluginManager:213 - loadIPPluginJar : add sai
2023-12-04 17:46:40,258 [INFO] IPUIPlugin:74 - create IPUIPlugin
2023-12-04 17:46:40,258 [INFO] PluginManager:213 - loadIPPluginJar : add spi
2023-12-04 17:46:40,267 [INFO] IPUIPlugin:74 - create IPUIPlugin
2023-12-04 17:46:40,267 [INFO] PluginManager:213 - loadIPPluginJar : add stm32_wpan
2023-12-04 17:46:40,270 [INFO] IPUIPlugin:74 - create IPUIPlugin
2023-12-04 17:46:40,270 [INFO] PluginManager:213 - loadIPPluginJar : add tim
2023-12-04 17:46:40,275 [INFO] IPUIPlugin:74 - create IPUIPlugin
2023-12-04 17:46:40,276 [INFO] PluginManager:213 - loadIPPluginJar : add touchsensing
2023-12-04 17:46:40,279 [INFO] IPUIPlugin:74 - create IPUIPlugin
2023-12-04 17:46:40,279 [INFO] PluginManager:213 - loadIPPluginJar : add tracer_emb
2023-12-04 17:46:40,283 [INFO] IPUIPlugin:74 - create IPUIPlugin
2023-12-04 17:46:40,283 [INFO] PluginManager:213 - loadIPPluginJar : add ts
2023-12-04 17:46:40,286 [INFO] IPUIPlugin:74 - create IPUIPlugin
2023-12-04 17:46:40,287 [INFO] PluginManager:213 - loadIPPluginJar : add tsc
2023-12-04 17:46:40,291 [INFO] IPUIPlugin:74 - create IPUIPlugin
2023-12-04 17:46:40,291 [INFO] PluginManager:213 - loadIPPluginJar : add ucpd
2023-12-04 17:46:40,296 [INFO] IPUIPlugin:74 - create IPUIPlugin
2023-12-04 17:46:40,296 [INFO] PluginManager:213 - loadIPPluginJar : add usart
2023-12-04 17:46:40,302 [INFO] IPUIPlugin:74 - create IPUIPlugin
2023-12-04 17:46:40,302 [INFO] PluginManager:213 - loadIPPluginJar : add usbx
2023-12-04 17:46:40,784 [FATAL] Updater:294 - Updater called before beeing initialized
2023-12-04 17:46:40,937 [FATAL] Updater:294 - Updater called before beeing initialized
2023-12-04 17:46:40,942 [INFO] DbMcusAds:47 - JSON generation date=Tue Mar 07 15:50:55 ICT 2023 (1678179055335)
2023-12-04 17:46:40,942 [FATAL] Updater:294 - Updater called before beeing initialized
2023-12-04 17:46:41,011 [WARN] DetailPanel:314 - Failed to get advertising image, set to default
2023-12-04 17:46:41,213 [FATAL] Updater:294 - Updater called before beeing initialized
2023-12-04 17:46:41,216 [FATAL] Updater:294 - Updater called before beeing initialized
2023-12-04 17:46:41,216 [FATAL] Updater:294 - Updater called before beeing initialized
2023-12-04 17:46:41,216 [WARN] DetailPanel:314 - Failed to get advertising image, set to default
2023-12-04 17:46:41,218 [FATAL] Updater:294 - Updater called before beeing initialized
2023-12-04 17:46:41,290 [ERROR] Updater:1075 - MainUpdater not yet initialized. External WinMGr cannot be set.
2023-12-04 17:46:41,297 [INFO] Updater:1012 - Updater Version found : 6.3.0
2023-12-04 17:46:41,331 [INFO] ApplicationProperties:181 - Using Application install path: D:\STM32\STM32CubeIDE_1.7.0\STM32CubeIDE\plugins\com.st.stm32cube.common.mx_6.3.0.202107141111
2023-12-04 17:46:41,535 [INFO] MainUpdater:2671 - connection check result : 10
2023-12-04 17:46:41,536 [INFO] MainUpdater:3359 - Updater definition file requires update
2023-12-04 17:46:41,538 [INFO] MainUpdater:265 - Updater Check For Update Now.
2023-12-04 17:46:41,539 [INFO] MicroXplorer:478 - Change Database Version : DB.6.0.30
2023-12-04 17:46:41,703 [INFO] ServerAccessManage:362 - Download File updaters.zip
2023-12-04 17:46:41,904 [INFO] FileExtend:235 - Unzip File : updaters.zip
2023-12-04 17:46:41,905 [INFO] FileExtend:250 - Standard Zip Deflate
2023-12-04 17:46:42,111 [WARN] MainUpdater:1122 - Updater busy. Cannot search thirdparties
2023-12-04 17:46:42,111 [INFO] ThirdPartyUpdaterWithRetryManager:92 - Updater plugin is busy. [1/15]
2023-12-04 17:46:43,501 [INFO] ServerAccessManage:362 - Download File PacksControlFlags.xml
2023-12-04 17:46:43,762 [INFO] ServerAccessManage:362 - Download File cubemx.pidx
2023-12-04 17:46:44,796 [INFO] ServerAccessManage:362 - Download File STMicroelectronics.FP-SNS-MOTENVWB1.pdsc
2023-12-04 17:46:45,123 [WARN] MainUpdater:1122 - Updater busy. Cannot search thirdparties
2023-12-04 17:46:45,157 [INFO] ThirdPartyUpdaterWithRetryManager:92 - Updater plugin is busy. [2/15]
2023-12-04 17:46:46,160 [INFO] ServerAccessManage:362 - Download File STMicroelectronics.X-CUBE-ISPU.pdsc
2023-12-04 17:46:48,152 [INFO] ServerAccessManage:362 - Download File STMicroelectronics.X-CUBE-TOF1.pdsc
2023-12-04 17:46:48,246 [WARN] MainUpdater:1122 - Updater busy. Cannot search thirdparties
2023-12-04 17:46:48,246 [INFO] ThirdPartyUpdaterWithRetryManager:92 - Updater plugin is busy. [3/15]
2023-12-04 17:46:50,111 [ERROR] ServerAccessManage:974 - Problem, file not found on Server
2023-12-04 17:46:51,258 [WARN] MainUpdater:1122 - Updater busy. Cannot search thirdparties
2023-12-04 17:46:51,258 [INFO] ThirdPartyUpdaterWithRetryManager:92 - Updater plugin is busy. [4/15]
2023-12-04 17:46:52,259 [ERROR] ServerAccessManage:981 - Problem, Http access forbiden
2023-12-04 17:46:52,259 [ERROR] ServerAccessManage:531 - Problem, Http access forbiden : RoweBots.I-CUBE-UNISONRTOS.pdsc.
2023-12-04 17:46:52,477 [WARN] PopulateThirdPartyThread:100 - Error when creating pack: C:/Users/Administrator/.stm32cubemx/thirdparties/pdsc/STMicroelectronics.FP-SNS-MOTENVWB1.pdsc
2023-12-04 17:46:52,516 [WARN] PackLoader:238 - Cannot read IP mode file for STMicroelectronics.X-CUBE-ISPU.2.0.0
2023-12-04 17:46:52,542 [WARN] PopulateThirdPartyThread:100 - Error when creating pack: C:/Users/Administrator/.stm32cubemx/thirdparties/pdsc/STMicroelectronics.X-CUBE-TOF1.pdsc
2023-12-04 17:46:52,542 [INFO] PopulateThirdPartyThread:60 - Ending populate Thread
2023-12-04 17:46:52,544 [INFO] ThirdParty:967 - CMSIS Pack Vendor :STMicroelectronics X-CUBE-ISPU 2.0.0
2023-12-04 17:46:52,544 [INFO] LoadServerUpdatesThread:339 - End of LoadServerUpdate Thread
2023-12-04 17:46:52,665 [INFO] CheckServerUpdateThread:112 - End of CheckServer Thread
2023-12-04 17:46:52,680 [INFO] MainUpdater:2671 - connection check result : 10
2023-12-04 17:46:52,690 [INFO] McuFinderGlobals:52 - Set McuFinderConnectedMode to true
2023-12-04 17:46:54,080 [INFO] ServerAccessManage:362 - Download File mcusAds.json._tmp_
2023-12-04 17:46:54,197 [INFO] LoadUrlFilesThread:145 - End of LoadUrlFiles Thread
2023-12-04 17:46:54,264 [WARN] MainUpdater:1122 - Updater busy. Cannot search thirdparties
2023-12-04 17:46:54,264 [INFO] ThirdPartyUpdaterWithRetryManager:92 - Updater plugin is busy. [5/15]
2023-12-04 17:46:55,320 [INFO] ServerAccessManage:362 - Download File mcusDocs.json._tmp_
2023-12-04 17:46:56,201 [INFO] LoadUrlFilesThread:145 - End of LoadUrlFiles Thread
2023-12-04 17:46:56,424 [INFO] ServerAccessManage:362 - Download File mcusFeaturesAndDescription.json._tmp_
2023-12-04 17:46:57,273 [WARN] MainUpdater:1122 - Updater busy. Cannot search thirdparties
2023-12-04 17:46:57,273 [INFO] ThirdPartyUpdaterWithRetryManager:92 - Updater plugin is busy. [6/15]
2023-12-04 17:47:00,280 [WARN] MainUpdater:1122 - Updater busy. Cannot search thirdparties
2023-12-04 17:47:00,280 [INFO] ThirdPartyUpdaterWithRetryManager:92 - Updater plugin is busy. [7/15]
2023-12-04 17:47:00,825 [INFO] LoadUrlFilesThread:145 - End of LoadUrlFiles Thread
2023-12-04 17:47:01,061 [INFO] ServerAccessManage:362 - Download File boardsDocs.json._tmp_
2023-12-04 17:47:01,197 [INFO] LoadUrlFilesThread:145 - End of LoadUrlFiles Thread
2023-12-04 17:47:01,404 [INFO] ServerAccessManage:362 - Download File boards.json._tmp_
2023-12-04 17:47:01,807 [INFO] LoadUrlFilesThread:145 - End of LoadUrlFiles Thread
2023-12-04 17:47:02,360 [INFO] ServerAccessManage:362 - Download File cube-finder-db.zip
2023-12-04 17:47:03,284 [WARN] MainUpdater:1122 - Updater busy. Cannot search thirdparties
2023-12-04 17:47:03,284 [INFO] ThirdPartyUpdaterWithRetryManager:92 - Updater plugin is busy. [8/15]
2023-12-04 17:47:06,289 [WARN] MainUpdater:1122 - Updater busy. Cannot search thirdparties
2023-12-04 17:47:06,289 [INFO] ThirdPartyUpdaterWithRetryManager:92 - Updater plugin is busy. [9/15]
2023-12-04 17:47:09,298 [WARN] MainUpdater:1122 - Updater busy. Cannot search thirdparties
2023-12-04 17:47:09,298 [INFO] ThirdPartyUpdaterWithRetryManager:92 - Updater plugin is busy. [10/15]
2023-12-04 17:47:12,309 [WARN] MainUpdater:1122 - Updater busy. Cannot search thirdparties
2023-12-04 17:47:12,309 [INFO] ThirdPartyUpdaterWithRetryManager:92 - Updater plugin is busy. [11/15]
2023-12-04 17:47:15,309 [WARN] MainUpdater:1122 - Updater busy. Cannot search thirdparties
2023-12-04 17:47:15,309 [INFO] ThirdPartyUpdaterWithRetryManager:92 - Updater plugin is busy. [12/15]
2023-12-04 17:47:18,246 [INFO] FileExtend:235 - Unzip File : cube-finder-db.zip
2023-12-04 17:47:18,247 [INFO] FileExtend:250 - Standard Zip Deflate
2023-12-04 17:47:18,311 [WARN] MainUpdater:1122 - Updater busy. Cannot search thirdparties
2023-12-04 17:47:18,311 [INFO] ThirdPartyUpdaterWithRetryManager:92 - Updater plugin is busy. [13/15]
2023-12-04 17:47:20,212 [INFO] LoadUrlFilesThread:145 - End of LoadUrlFiles Thread
2023-12-04 17:47:21,321 [WARN] MainUpdater:1122 - Updater busy. Cannot search thirdparties
2023-12-04 17:47:21,321 [INFO] ThirdPartyUpdaterWithRetryManager:92 - Updater plugin is busy. [14/15]
2023-12-04 17:47:22,026 [INFO] ServerAccessManage:362 - Download File crdb.zip
2023-12-04 17:47:24,336 [WARN] MainUpdater:1122 - Updater busy. Cannot search thirdparties
2023-12-04 17:47:24,336 [INFO] ThirdPartyUpdaterWithRetryManager:92 - Updater plugin is busy. [15/15]
2023-12-04 17:47:24,337 [ERROR] IntegrityCheckThread:124 - Cannot retrieve database content from updater: error -1
2023-12-04 17:47:24,337 [INFO] ThirdParty:915 - Integrity check success = false
2023-12-04 17:47:24,337 [INFO] IntegrityCheckThread:94 - exiting critical section [integrity check]
2023-12-04 17:47:24,337 [INFO] IntegrityCheckThread:97 - End integrity checks thread
2023-12-04 17:47:54,073 [INFO] FileExtend:235 - Unzip File : crdb.zip
2023-12-04 17:47:54,074 [INFO] FileExtend:250 - Standard Zip Deflate
2023-12-04 17:47:54,231 [INFO] LoadUrlFilesThread:145 - End of LoadUrlFiles Thread
2023-12-04 17:47:54,684 [INFO] ServerAccessManage:362 - Download File tutoVideoDB.zip
2023-12-04 17:47:54,745 [INFO] FileExtend:235 - Unzip File : tutoVideoDB.zip
2023-12-04 17:47:54,746 [INFO] FileExtend:250 - Standard Zip Deflate
2023-12-04 17:47:54,871 [INFO] LoadUrlFilesThread:145 - End of LoadUrlFiles Thread
2023-12-04 17:47:54,874 [INFO] DbMcusAds:47 - JSON generation date=Wed Nov 29 17:52:38 ICT 2023 (1701255158764)
2023-12-04 17:47:54,983 [INFO] DbMcusDocs:143 - JSON generation date=Tue Nov 16 23:17:54 ICT 2021 (1637079474)
2023-12-04 17:47:54,984 [INFO] DbMcusXml:100 - Load MCU database from D:\STM32\STM32CubeIDE_1.7.0\STM32CubeIDE\plugins\com.st.stm32cube.common.mx_6.3.0.202107141111\\db\/mcu/families.xml
2023-12-04 17:47:56,749 [INFO] DbMcusJson:93 - JSON generation date=Tue Nov 16 23:17:54 ICT 2021 (1637079474)
2023-12-04 17:47:58,626 [INFO] DbMcus:175 - Found 1951 MCUs (1903 are supported by CubeMX, 1914 are visible in CubeMX)
2023-12-04 17:47:58,627 [INFO] ApiDb:251 - Load user favorites file C:\Users\Administrator/.stm32cubeide/favorites.mcus.txt: 0 item(s)
2023-12-04 17:47:58,627 [INFO] ApiDb:255 - User favorites MCUs=[]
2023-12-04 17:47:58,627 [INFO] DbMcus:187 - Set 0 / 0 favorites MCUs
2023-12-04 17:47:59,592 [INFO] DbMcusDocs:79 - Found 682 MCUs documents
2023-12-04 17:47:59,594 [INFO] ApiDb:276 - Save user favorites file C:\Users\Administrator/.stm32cubeide/favorites.mcus.txt: 0 item(s)
2023-12-04 17:47:59,594 [INFO] ApiDb:280 - User favorites MCUs=[]
2023-12-04 17:47:59,595 [INFO] DbMcusXml:100 - Load MCU database from D:\STM32\STM32CubeIDE_1.7.0\STM32CubeIDE\plugins\com.st.stm32cube.common.mx_6.3.0.202107141111\\db\/mcu/families.xml
2023-12-04 17:48:00,841 [INFO] DbMcusJson:93 - JSON generation date=Tue Nov 16 23:17:54 ICT 2021 (1637079474)
2023-12-04 17:48:01,970 [INFO] DbMcus:175 - Found 1951 MCUs (1903 are supported by CubeMX, 1914 are visible in CubeMX)
2023-12-04 17:48:01,971 [INFO] ApiDb:251 - Load user favorites file C:\Users\Administrator/.stm32cubeide/favorites.mcus.txt: 0 item(s)
2023-12-04 17:48:01,971 [INFO] ApiDb:255 - User favorites MCUs=[]
2023-12-04 17:48:01,971 [INFO] DbMcus:187 - Set 0 / 0 favorites MCUs
2023-12-04 17:48:01,983 [INFO] DbBoardsDocs:143 - JSON generation date=Tue Nov 16 23:17:54 ICT 2021 (1637079474)
2023-12-04 17:48:02,010 [INFO] DbBoardsPdsc:90 - Found 25 items
2023-12-04 17:48:02,013 [INFO] DbBoardsPdsc:90 - Found 9 items
2023-12-04 17:48:02,019 [INFO] DbBoardsPdsc:90 - Found 33 items
2023-12-04 17:48:02,022 [INFO] DbBoardsPdsc:90 - Found 1 items
2023-12-04 17:48:02,031 [INFO] DbBoardsPdsc:90 - Found 48 items
2023-12-04 17:48:02,048 [INFO] DbBoardsPdsc:90 - Found 43 items
2023-12-04 17:48:02,050 [INFO] DbBoardsPdsc:90 - Found 2 items
2023-12-04 17:48:02,053 [INFO] DbBoardsPdsc:90 - Found 5 items
2023-12-04 17:48:02,060 [WARN] DbBoardsPdsc:254 - Board STM32H7B3I-DK: unknown feature type=Audio, name=, username=Audio stereo codec with Headphone Amp (CS42L51-CNZ), n=1
2023-12-04 17:48:02,061 [WARN] DbBoardsPdsc:254 - Board STM32H735G-DK: unknown feature type=Audio, name=, username=Audio stereo codec with Headphone Amp (WM8994ECS/R), n=1
2023-12-04 17:48:02,064 [WARN] DbBoardsPdsc:254 - Board STM32H7B3I-EVAL: unknown feature type=Audio, name=, username=Multi-Channel Audio Codec (CS42L51-CNZ), n=1
2023-12-04 17:48:02,064 [WARN] DbBoardsPdsc:254 - Board STM32H7B3I-EVAL: unknown feature type=Meter, name=, username=Power-metering and Temperature-monitoring with sigma-delta modulators, n=1
2023-12-04 17:48:02,064 [WARN] DbBoardsPdsc:254 - Board STM32H7B3I-EVAL: unknown feature type=Motor, name=, username=Motor Control, n=1
2023-12-04 17:48:02,065 [WARN] DbBoardsPdsc:254 - Board STM32U575I-EV: unknown feature type=joystick, name=, username=4-direction joystick with selection button, n=1
2023-12-04 17:48:02,102 [INFO] DbBoardsJson:86 - JSON generation date=Tue Nov 16 23:17:54 ICT 2021 (1637079474)
2023-12-04 17:48:02,113 [INFO] DbBoards:117 - Found 167 boards (163 are supported by CubeMX)
2023-12-04 17:48:02,117 [INFO] DbBoardsDocs:143 - JSON generation date=Tue Nov 16 23:17:54 ICT 2021 (1637079474)
2023-12-04 17:48:02,123 [INFO] DbBoardsDocs:79 - Found 209 boards documents
2023-12-04 17:48:02,124 [WARN] DbBoards:127 - board B-L475E-IOT01A2 has no document id list !
2023-12-04 17:48:02,126 [WARN] DbBoards:127 - board NUCLEO-H743ZI has no document id list !
2023-12-04 17:48:02,128 [WARN] DbBoards:127 - board NUCLEO-WL55JC2 has no document id list !
2023-12-04 17:48:02,128 [WARN] DbBoards:127 - board P-NUCLEO-WB55-Nucleo has no document id list !
2023-12-04 17:48:02,128 [WARN] DbBoards:127 - board P-NUCLEO-WB55-USBDongle has no document id list !
2023-12-04 17:48:02,129 [WARN] DbBoards:127 - board STEVAL-BFA001V1B has no document id list !
2023-12-04 17:48:02,129 [WARN] DbBoards:127 - board STEVAL-BFA001V2B has no document id list !
2023-12-04 17:48:02,129 [WARN] DbBoards:127 - board STEVAL-IDP005V1 has no document id list !
2023-12-04 17:48:02,129 [WARN] DbBoards:127 - board STEVAL-IDP005V2 has no document id list !
2023-12-04 17:48:02,129 [WARN] DbBoards:127 - board STEVAL-MKSBOX1V1 has no document id list !
2023-12-04 17:48:02,129 [WARN] DbBoards:127 - board STEVAL-STWINKT1 has no document id list !
2023-12-04 17:48:02,129 [WARN] DbBoards:127 - board STEVAL-STWINKT1B has no document id list !
2023-12-04 17:48:02,130 [WARN] DbBoards:127 - board STM32439I-EVAL2 has no document id list !
2023-12-04 17:48:02,131 [WARN] DbBoards:127 - board STM32F401C-DISCO has no document id list !
2023-12-04 17:48:02,132 [WARN] DbBoards:127 - board STM32F769I-DISC1 has no document id list !
2023-12-04 17:48:02,133 [WARN] DbBoards:127 - board STM32G474E-EVAL1 has no document id list !
2023-12-04 17:48:02,133 [WARN] DbBoards:127 - board STM32H743I-EVAL2 has no document id list !
2023-12-04 17:48:02,134 [WARN] DbBoards:127 - board STM32H747I-DISC1 has no document id list !
2023-12-04 17:48:02,134 [WARN] DbBoards:127 - board STM32H753I-EVAL2 has no document id list !
2023-12-04 17:48:02,135 [WARN] DbBoards:127 - board STM32L-DISCOVERY has no document id list !
2023-12-04 17:48:02,354 [ERROR] DbBoards:189 - Image file not found for board B-U585I-IOT02A: D:\STM32\STM32CubeIDE_1.7.0\STM32CubeIDE\plugins\com.st.stm32cube.common.mx_6.3.0.202107141111\\db\/plugins/mcufinder/images/boards/B-U585I-IOT02A_small.jpg
2023-12-04 17:48:02,501 [ERROR] DbBoards:189 - Image file not found for board NUCLEO-F413ZH: D:\STM32\STM32CubeIDE_1.7.0\STM32CubeIDE\plugins\com.st.stm32cube.common.mx_6.3.0.202107141111\\db\/plugins/mcufinder/images/boards/nucleo-f413zh_small.jpg
2023-12-04 17:48:02,799 [ERROR] DbBoards:189 - Image file not found for board NUCLEO-L552ZE-Q: D:\STM32\STM32CubeIDE_1.7.0\STM32CubeIDE\plugins\com.st.stm32cube.common.mx_6.3.0.202107141111\\db\/plugins/mcufinder/images/boards/nucleo_l552ze_q_small.jpg
2023-12-04 17:48:02,800 [ERROR] DbBoards:189 - Image file not found for board NUCLEO-U575ZI-Q: D:\STM32\STM32CubeIDE_1.7.0\STM32CubeIDE\plugins\com.st.stm32cube.common.mx_6.3.0.202107141111\\db\/plugins/mcufinder/images/boards/nucleo-u575zi-q_small.jpg
2023-12-04 17:48:02,800 [ERROR] DbBoards:189 - Image file not found for board NUCLEO-WB15CC: D:\STM32\STM32CubeIDE_1.7.0\STM32CubeIDE\plugins\com.st.stm32cube.common.mx_6.3.0.202107141111\\db\/plugins/mcufinder/images/boards/nucleo-wb15cc_small.jpg
2023-12-04 17:48:02,800 [ERROR] DbBoards:189 - Image file not found for board NUCLEO-WB55RG: D:\STM32\STM32CubeIDE_1.7.0\STM32CubeIDE\plugins\com.st.stm32cube.common.mx_6.3.0.202107141111\\db\/plugins/mcufinder/images/boards/nucleo-wb55rg_small.jpg
2023-12-04 17:48:04,596 [INFO] ApiDb:251 - Load user favorites file C:\Users\Administrator/.stm32cubeide/favorites.boards.txt: 0 item(s)
2023-12-04 17:48:04,597 [INFO] ApiDb:255 - User favorites Boards=[]
2023-12-04 17:48:04,597 [INFO] DbBoards:206 - Set 0 / 0 favorites Boards
2023-12-04 17:48:04,606 [INFO] DbBoardsDocs:79 - Found 418 boards documents
2023-12-04 17:48:04,607 [INFO] ApiDb:276 - Save user favorites file C:\Users\Administrator/.stm32cubeide/favorites.boards.txt: 0 item(s)
2023-12-04 17:48:04,607 [INFO] ApiDb:280 - User favorites Boards=[]
2023-12-04 17:48:04,613 [INFO] DbBoardsPdsc:90 - Found 25 items
2023-12-04 17:48:04,616 [INFO] DbBoardsPdsc:90 - Found 9 items
2023-12-04 17:48:04,623 [INFO] DbBoardsPdsc:90 - Found 33 items
2023-12-04 17:48:04,625 [INFO] DbBoardsPdsc:90 - Found 1 items
2023-12-04 17:48:04,633 [INFO] DbBoardsPdsc:90 - Found 48 items
2023-12-04 17:48:04,645 [INFO] DbBoardsPdsc:90 - Found 43 items
2023-12-04 17:48:04,647 [INFO] DbBoardsPdsc:90 - Found 2 items
2023-12-04 17:48:04,650 [INFO] DbBoardsPdsc:90 - Found 5 items
2023-12-04 17:48:04,655 [WARN] DbBoardsPdsc:254 - Board STM32H7B3I-DK: unknown feature type=Audio, name=, username=Audio stereo codec with Headphone Amp (CS42L51-CNZ), n=1
2023-12-04 17:48:04,656 [WARN] DbBoardsPdsc:254 - Board STM32H735G-DK: unknown feature type=Audio, name=, username=Audio stereo codec with Headphone Amp (WM8994ECS/R), n=1
2023-12-04 17:48:04,660 [WARN] DbBoardsPdsc:254 - Board STM32H7B3I-EVAL: unknown feature type=Audio, name=, username=Multi-Channel Audio Codec (CS42L51-CNZ), n=1
2023-12-04 17:48:04,660 [WARN] DbBoardsPdsc:254 - Board STM32H7B3I-EVAL: unknown feature type=Meter, name=, username=Power-metering and Temperature-monitoring with sigma-delta modulators, n=1
2023-12-04 17:48:04,660 [WARN] DbBoardsPdsc:254 - Board STM32H7B3I-EVAL: unknown feature type=Motor, name=, username=Motor Control, n=1
2023-12-04 17:48:04,662 [WARN] DbBoardsPdsc:254 - Board STM32U575I-EV: unknown feature type=joystick, name=, username=4-direction joystick with selection button, n=1
2023-12-04 17:48:04,691 [INFO] DbBoardsJson:86 - JSON generation date=Tue Nov 16 23:17:54 ICT 2021 (1637079474)
2023-12-04 17:48:04,701 [INFO] DbBoards:117 - Found 167 boards (163 are supported by CubeMX)
2023-12-04 17:48:04,702 [WARN] DbBoards:127 - board B-L475E-IOT01A2 has no document id list !
2023-12-04 17:48:04,703 [WARN] DbBoards:127 - board NUCLEO-H743ZI has no document id list !
2023-12-04 17:48:04,703 [WARN] DbBoards:127 - board NUCLEO-WL55JC2 has no document id list !
2023-12-04 17:48:04,703 [WARN] DbBoards:127 - board P-NUCLEO-WB55-Nucleo has no document id list !
2023-12-04 17:48:04,704 [WARN] DbBoards:127 - board P-NUCLEO-WB55-USBDongle has no document id list !
2023-12-04 17:48:04,704 [WARN] DbBoards:127 - board STEVAL-BFA001V1B has no document id list !
2023-12-04 17:48:04,704 [WARN] DbBoards:127 - board STEVAL-BFA001V2B has no document id list !
2023-12-04 17:48:04,704 [WARN] DbBoards:127 - board STEVAL-IDP005V1 has no document id list !
2023-12-04 17:48:04,704 [WARN] DbBoards:127 - board STEVAL-IDP005V2 has no document id list !
2023-12-04 17:48:04,704 [WARN] DbBoards:127 - board STEVAL-MKSBOX1V1 has no document id list !
2023-12-04 17:48:04,704 [WARN] DbBoards:127 - board STEVAL-STWINKT1 has no document id list !
2023-12-04 17:48:04,704 [WARN] DbBoards:127 - board STEVAL-STWINKT1B has no document id list !
2023-12-04 17:48:04,705 [WARN] DbBoards:127 - board STM32439I-EVAL2 has no document id list !
2023-12-04 17:48:04,705 [WARN] DbBoards:127 - board STM32F401C-DISCO has no document id list !
2023-12-04 17:48:04,705 [WARN] DbBoards:127 - board STM32F769I-DISC1 has no document id list !
2023-12-04 17:48:04,705 [WARN] DbBoards:127 - board STM32G474E-EVAL1 has no document id list !
2023-12-04 17:48:04,706 [WARN] DbBoards:127 - board STM32H743I-EVAL2 has no document id list !
2023-12-04 17:48:04,706 [WARN] DbBoards:127 - board STM32H747I-DISC1 has no document id list !
2023-12-04 17:48:04,706 [WARN] DbBoards:127 - board STM32H753I-EVAL2 has no document id list !
2023-12-04 17:48:04,706 [WARN] DbBoards:127 - board STM32L-DISCOVERY has no document id list !
2023-12-04 17:48:04,889 [ERROR] DbBoards:189 - Image file not found for board B-U585I-IOT02A: D:\STM32\STM32CubeIDE_1.7.0\STM32CubeIDE\plugins\com.st.stm32cube.common.mx_6.3.0.202107141111\\db\/plugins/mcufinder/images/boards/B-U585I-IOT02A_small.jpg
2023-12-04 17:48:05,053 [ERROR] DbBoards:189 - Image file not found for board NUCLEO-F413ZH: D:\STM32\STM32CubeIDE_1.7.0\STM32CubeIDE\plugins\com.st.stm32cube.common.mx_6.3.0.202107141111\\db\/plugins/mcufinder/images/boards/nucleo-f413zh_small.jpg
2023-12-04 17:48:05,357 [ERROR] DbBoards:189 - Image file not found for board NUCLEO-L552ZE-Q: D:\STM32\STM32CubeIDE_1.7.0\STM32CubeIDE\plugins\com.st.stm32cube.common.mx_6.3.0.202107141111\\db\/plugins/mcufinder/images/boards/nucleo_l552ze_q_small.jpg
2023-12-04 17:48:05,358 [ERROR] DbBoards:189 - Image file not found for board NUCLEO-U575ZI-Q: D:\STM32\STM32CubeIDE_1.7.0\STM32CubeIDE\plugins\com.st.stm32cube.common.mx_6.3.0.202107141111\\db\/plugins/mcufinder/images/boards/nucleo-u575zi-q_small.jpg
2023-12-04 17:48:05,358 [ERROR] DbBoards:189 - Image file not found for board NUCLEO-WB15CC: D:\STM32\STM32CubeIDE_1.7.0\STM32CubeIDE\plugins\com.st.stm32cube.common.mx_6.3.0.202107141111\\db\/plugins/mcufinder/images/boards/nucleo-wb15cc_small.jpg
2023-12-04 17:48:05,358 [ERROR] DbBoards:189 - Image file not found for board NUCLEO-WB55RG: D:\STM32\STM32CubeIDE_1.7.0\STM32CubeIDE\plugins\com.st.stm32cube.common.mx_6.3.0.202107141111\\db\/plugins/mcufinder/images/boards/nucleo-wb55rg_small.jpg
2023-12-04 17:48:06,511 [INFO] ApiDb:251 - Load user favorites file C:\Users\Administrator/.stm32cubeide/favorites.boards.txt: 0 item(s)
2023-12-04 17:48:06,511 [INFO] ApiDb:255 - User favorites Boards=[]
2023-12-04 17:48:06,511 [INFO] DbBoards:206 - Set 0 / 0 favorites Boards
2023-12-04 17:48:06,723 [INFO] ServerAccessManage:362 - Download File 
2023-12-04 17:48:06,743 [INFO] LoadUrlFilesThread:172 - End of LoadServerUrlFiles without Thread
2023-12-04 17:48:06,743 [INFO] TargetSelectorAdapter:224 - Refresh data is successful
2023-12-04 17:48:06,880 [INFO] ApiDb:479 - Connected to CubeFinder SQLite database (C:\Users\Administrator\.stmcufinder\plugins\mcufinder\mcu\cube-finder-db.db)
2023-12-04 17:48:08,428 [ERROR] DbExamplesSqlite:446 - Missing JSON key: board_cpn
2023-12-04 17:48:08,428 [ERROR] DbExamplesSqlite:446 - Missing JSON key: board_cpn
2023-12-04 17:48:08,428 [ERROR] DbExamplesSqlite:446 - Missing JSON key: board_cpn
2023-12-04 17:48:08,428 [ERROR] DbExamplesSqlite:446 - Missing JSON key: board_cpn
2023-12-04 17:48:08,524 [INFO] DbExamplesSqlite:411 - Ignored 55 examples not supported by CubeIDE
2023-12-04 17:48:08,524 [INFO] DbExamplesSqlite:412 - Found 7548 examples active
2023-12-04 17:48:08,524 [INFO] DbExamplesSqlite:413 - Found 848 examples obsolete
2023-12-04 17:48:08,524 [INFO] DbExamplesSqlite:414 - Found 0 examples under development
2023-12-04 17:48:08,525 [INFO] DbExamplesSqlite:415 - Found 8 examples not building
2023-12-04 17:48:08,641 [INFO] DbExamplesSqlite:108 - CubeFinder database Data Model version=2.1
2023-12-04 17:48:08,641 [INFO] DbExamplesSqlite:109 - CubeFinder database Configuration version=3.0.39
2023-12-04 17:48:08,642 [INFO] DbExamplesSqlite:110 - CubeFinder database generation date=2023-11-06 (1699269565)
2023-12-04 17:48:08,642 [INFO] DbExamplesSqlite:111 - CubeFinder database FW Pack versions=[FP-ATR-ASTRA1_V2.0.0, FP-SNS-FLIGHT1_V5.0.1, FP-SNS-FLIGHT1_V5.0.2, FP-SNS-MOTENV1_V4.3.1, FP-SNS-MOTENV1_V4.3.2, FP-SNS-MOTENVWB1_V1.3.0, FP-SNS-SMARTAG2_V1.2.0, STM32Cube_FW_C0_V1.1.0, STM32Cube_FW_F4_V1.28.0, STM32Cube_FW_F7_V1.17.0, STM32Cube_FW_G0_V1.6.1, STM32Cube_FW_G4_V1.5.1, STM32Cube_FW_H5_V0.5.1, STM32Cube_FW_H5_V1.1.1, STM32Cube_FW_H5_V1.2.0RC2, STM32Cube_FW_H7_V1.11.0, STM32Cube_FW_L0_V1.12.2, STM32Cube_FW_L5_V1.5.0, STM32Cube_FW_U5_V1.3.0RC4, STM32Cube_FW_U5_V1.4.0, STM32Cube_FW_WBA_V1.0.0RC1, STM32Cube_FW_WBA_V1.1.0RC1, STM32Cube_FW_WBA_V1.2.0, STM32Cube_FW_WBA_V1.2.0RC2, STM32Cube_FW_WB_V1.15.0RC1, STM32Cube_FW_WB_V1.16.0, STM32Cube_FW_WB_V1.16.0RC2, STM32Cube_FW_WB_V1.18.0, STM32Cube_FW_WL_V1.3.0, X-CUBE-ALGOBUILD_V1.3.0, X-CUBE-ALS_V1.0.1, X-CUBE-AZRTOS-F4_V1.1.0, X-CUBE-AZRTOS-F7_V1.1.0, X-CUBE-AZRTOS-G0_V1.1.0, X-CUBE-AZRTOS-G4_V2.0.0, X-CUBE-AZRTOS-H7_V3.1.0, X-CUBE-AZRTOS-L4_V1.0.0, X-CUBE-AZRTOS-L4_V2.0.0, X-CUBE-AZRTOS-L5_V1.1.0, X-CUBE-AZRTOS-WB_V2.0.0, X-CUBE-AZRTOS-WL_V2.0.0, X-CUBE-BLE1_V7.0.0, X-CUBE-BLE2_V3.3.0, X-CUBE-BLEMGR_V2.0.0, X-CUBE-EEPRMA1_V4.1.0, X-CUBE-EEPRMA1_V4.2.0, X-CUBE-FREERTOS_V1.1.0, X-CUBE-GNSS1_V6.0.0, X-CUBE-MEMS1_V10.0.0, X-CUBE-MEMS1_V9.1.0, X-CUBE-MEMS1_V9.4.0, X-CUBE-MEMS1_V9.6.0, X-CUBE-NFC4_V3.0.0, X-CUBE-NFC7_V1.0.1, X-CUBE-SFXS2LP1_V4.0.0, X-CUBE-SUBG2_V5.0.0, X-CUBE-TOF1_V3.3.1]
2023-12-04 17:48:08,645 [INFO] DbExamples:130 - Found 7501 examples
2023-12-04 17:48:10,363 [ERROR] DbExamples:206 - Found 7501 examples with invalid data (board or MCU)
2023-12-04 17:48:10,364 [INFO] DbExamples:222 - Found 79 boards with related examples
2023-12-04 17:48:10,364 [INFO] DbExamples:235 - Found 0 MCUs with related examples
2023-12-04 17:48:10,407 [INFO] ApiDb:242 - User favorites file not found: C:\Users\Administrator/.stm32cubeide/favorites.examples.txt
2023-12-04 17:48:10,408 [INFO] DbExamples:256 - Set 0 / 0 favorites Examples
2023-12-04 17:48:22,930 [INFO] McuFinderGlobals:52 - Set McuFinderConnectedMode to false
2023-12-04 17:48:23,117 [INFO] CrossSelectorPresenter:1330 - Cross Selector saved comparison directory: C:\Users\Administrator\.stmcufinder\plugins\mcufinder\mcu\cs_comparisons_mx
2023-12-04 17:48:23,124 [INFO] MultiScanPanel:197 - Auto-refresh data requested => check proxy status ongoing
2023-12-04 17:48:23,124 [INFO] MultiScanPanel:201 - Proxy status is invalid
2023-12-04 17:48:23,132 [INFO] FinderPluginLoader:87 - Searching for filters in installed packs
2023-12-04 17:48:23,981 [INFO] DetailPanel:309 - Set advertising image to C:/Users/Administrator/STM32Cube/Repository/\en.prom-stm32wl3-mcu-finder.jpg
2023-12-04 17:52:22,521 [INFO] MainUpdater:2671 - connection check result : 10
2023-12-04 17:52:22,521 [INFO] MainUpdater:2671 - connection check result : 10
2023-12-04 17:52:22,569 [INFO] MicroXplorer:448 - Change Database Path : 
2023-12-04 17:52:22,570 [INFO] MicroXplorer:478 - Change Database Version : DB.6.0.30
2023-12-04 17:52:22,570 [WARN] ThirdParty:813 - waiting for thirdparty lock release [close project]
2023-12-04 17:52:22,570 [INFO] ThirdParty:815 - entering critical section [close project]
2023-12-04 17:52:22,572 [INFO] ThirdParty:825 - exiting critical section [close project]
2023-12-04 17:52:22,578 [INFO] PinOutPanel:1463 - setPackage(No Configuration,No Configuration)
2023-12-04 17:52:22,579 [INFO] UtilMem:74 - Begin LoadConfig() Used Memory: 775910096 Bytes (1073741824)
2023-12-04 17:52:22,581 [INFO] MicroXplorer:448 - Change Database Path : 
2023-12-04 17:52:22,581 [INFO] MicroXplorer:478 - Change Database Version : DB.6.0.30
2023-12-04 17:52:22,581 [INFO] OpenFileManager:313 - Change cursor
2023-12-04 17:52:22,599 [WARN] IntegrityCheckThread:78 - waiting for thirdparty lock release [integrity check]
2023-12-04 17:52:22,600 [INFO] IntegrityCheckThread:80 - entering critical section [integrity check]
2023-12-04 17:52:23,015 [ERROR] Engine:463 - C:\Users\Administrator\.stm32cubemx\thirdparties\pdsc\STMicroelectronics.X-CUBE-SMBUS.2.1.0.pdsc: PDSC version is not supported
2023-12-04 17:52:23,061 [WARN] PackLoader:238 - Cannot read IP mode file for STMicroelectronics.X-CUBE-AZRTOS-F7.1.1.0
2023-12-04 17:52:23,074 [ERROR] Engine:463 - C:\Users\Administrator\.stm32cubemx\thirdparties\pdsc\STMicroelectronics.FP-SNS-MOTENV1.4.3.2.pdsc: PDSC version is not supported
2023-12-04 17:52:23,077 [ERROR] Engine:463 - C:\Users\Administrator\.stm32cubemx\thirdparties\pdsc\STMicroelectronics.FP-SNS-FLIGHT1.5.0.2.pdsc: PDSC version is not supported
2023-12-04 17:52:23,082 [ERROR] Engine:463 - C:\Users\Administrator\.stm32cubemx\thirdparties\pdsc\STMicroelectronics.X-CUBE-DISPLAY.3.0.0.pdsc: PDSC version is not supported
2023-12-04 17:52:23,092 [WARN] PackLoader:238 - Cannot read IP mode file for STMicroelectronics.X-CUBE-BLE1.7.0.0
2023-12-04 17:52:23,097 [ERROR] Engine:463 - C:\Users\Administrator\.stm32cubemx\thirdparties\pdsc\emotas.I-CUBE-CANOPEN.1.3.0.pdsc: PDSC version is not supported
2023-12-04 17:52:23,102 [WARN] PackLoader:238 - Cannot read IP mode file for STMicroelectronics.X-CUBE-TOUCHGFX.4.22.0
2023-12-04 17:52:23,106 [WARN] PackLoader:238 - Cannot read IP mode file for STMicroelectronics.X-CUBE-TOUCHGFX.4.22.1
2023-12-04 17:52:23,110 [ERROR] Engine:463 - C:\Users\Administrator\.stm32cubemx\thirdparties\pdsc\STMicroelectronics.FP-SNS-SMARTAG2.1.2.0.pdsc: PDSC version is not supported
2023-12-04 17:52:23,124 [INFO] LogOutputStream:76 - [STDOUT_REDIRECT] 1 : Invalid condition id : UX_CORESTACK_Condition cause : null
2023-12-04 17:52:23,130 [INFO] LogOutputStream:76 - [STDOUT_REDIRECT] 1 : Invalid condition id : UX_CORESTACK_Condition cause : null
2023-12-04 17:52:23,131 [INFO] LogOutputStream:76 - [STDOUT_REDIRECT] 1 : Invalid condition id : UX_CORESTACK_Condition cause : null
2023-12-04 17:52:23,133 [INFO] LogOutputStream:76 - [STDOUT_REDIRECT] 1 : Invalid condition id : UX_CORESTACK_Condition cause : null
2023-12-04 17:52:23,136 [INFO] LogOutputStream:76 - [STDOUT_REDIRECT] 1 : Invalid condition id : UX_CORESTACK_Condition cause : null
2023-12-04 17:52:23,141 [WARN] PackLoader:238 - Cannot read IP mode file for STMicroelectronics.X-CUBE-AZRTOS-WL.2.0.0
2023-12-04 17:52:23,153 [WARN] PackLoader:238 - Cannot read IP mode file for WES.I-CUBE-Cesium.1.3.0
2023-12-04 17:52:23,160 [WARN] PackLoader:238 - Cannot read IP mode file for STMicroelectronics.X-CUBE-BLE2.3.3.0
2023-12-04 17:52:23,170 [WARN] PackLoader:238 - Cannot read IP mode file for STMicroelectronics.X-CUBE-ALGOBUILD.1.3.0
2023-12-04 17:52:23,199 [WARN] PackLoader:238 - Cannot read IP mode file for STMicroelectronics.X-CUBE-AZRTOS-G0.1.1.0
2023-12-04 17:52:23,211 [WARN] PackLoader:238 - Cannot read IP mode file for STMicroelectronics.X-CUBE-NFC4.3.0.0
2023-12-04 17:52:23,218 [ERROR] Engine:463 - C:\Users\Administrator\.stm32cubemx\thirdparties\pdsc\STMicroelectronics.X-CUBE-BLEMGR.3.0.0.pdsc: PDSC version is not supported
2023-12-04 17:52:23,223 [WARN] PackLoader:238 - Cannot read IP mode file for STMicroelectronics.FP-ATR-SIGFOX1.3.2.0
2023-12-04 17:52:23,271 [WARN] PackLoader:238 - Cannot read IP mode file for SEGGER.I-CUBE-embOS.1.3.1
2023-12-04 17:52:23,363 [WARN] PackLoader:238 - Cannot read IP mode file for STMicroelectronics.X-CUBE-GNSS1.6.0.0
2023-12-04 17:52:23,400 [WARN] PackLoader:238 - Cannot read IP mode file for STMicroelectronics.X-CUBE-AZRTOS-F4.1.1.0
2023-12-04 17:52:23,411 [WARN] PackLoader:238 - Cannot read IP mode file for wolfSSL.I-CUBE-wolfSSL.5.6.3
2023-12-04 17:52:23,453 [WARN] PackLoader:238 - Cannot read IP mode file for STMicroelectronics.X-CUBE-AZRTOS-L5.2.0.0
2023-12-04 17:52:23,545 [WARN] PackLoader:238 - Cannot read IP mode file for STMicroelectronics.X-CUBE-MEMS1.9.6.0
2023-12-04 17:52:23,892 [WARN] PackLoader:238 - Cannot read IP mode file for STMicroelectronics.X-CUBE-EEPRMA1.4.2.0
2023-12-04 17:52:23,897 [ERROR] Engine:463 - C:\Users\Administrator\.stm32cubemx\thirdparties\pdsc\ITTIA_DB.I-CUBE-ITTIADB.8.8.0.pdsc: PDSC version is not supported
2023-12-04 17:52:23,909 [WARN] PackLoader:238 - Cannot read IP mode file for STMicroelectronics.X-CUBE-BLEMGR.2.0.0
2023-12-04 17:52:23,941 [WARN] ConditionMgr:437 - getConditionDescription Invalid condition id : UX DEVICE CLASS RTOS Condition cause : null
2023-12-04 17:52:23,941 [WARN] ConditionMgr:437 - getConditionDescription Invalid condition id : UX DEVICE CLASS RTOS Condition cause : null
2023-12-04 17:52:23,950 [WARN] PackLoader:238 - Cannot read IP mode file for STMicroelectronics.X-CUBE-AZRTOS-H7.3.1.0
2023-12-04 17:52:23,952 [WARN] ConditionMgr:1038 - genDependencies : Invalid condition id : UX DEVICE CLASS RTOS Condition cause : null
2023-12-04 17:52:23,953 [WARN] ConditionMgr:1038 - genDependencies : Invalid condition id : UX DEVICE CLASS RTOS Condition cause : null
2023-12-04 17:52:23,955 [WARN] ConditionMgr:1038 - genDependencies : Invalid condition id : UX DEVICE CLASS RTOS Condition cause : null
2023-12-04 17:52:23,956 [WARN] ConditionMgr:1038 - genDependencies : Invalid condition id : UX DEVICE CLASS RTOS Condition cause : null
2023-12-04 17:52:23,956 [WARN] ConditionMgr:1038 - genDependencies : Invalid condition id : UX DEVICE CLASS RTOS Condition cause : null
2023-12-04 17:52:23,965 [WARN] PackLoader:238 - Cannot read IP mode file for STMicroelectronics.X-CUBE-NFC7.1.0.1
2023-12-04 17:52:23,977 [WARN] PackLoader:238 - Cannot read IP mode file for STMicroelectronics.X-CUBE-NFC6.3.0.0
2023-12-04 17:52:23,988 [WARN] PackLoader:238 - Cannot read IP mode file for STMicroelectronics.X-CUBE-EEPRMA1.4.1.0
2023-12-04 17:52:23,994 [WARN] PackLoader:238 - Cannot read IP mode file for STMicroelectronics.X-CUBE-AI.8.1.0
2023-12-04 17:52:24,031 [WARN] ConditionMgr:437 - getConditionDescription Invalid condition id : LAN8742 Phy interface Condition cause : null
2023-12-04 17:52:24,033 [WARN] PackLoader:238 - Cannot read IP mode file for STMicroelectronics.X-CUBE-AZRTOS-L4.2.0.0
2023-12-04 17:52:24,036 [WARN] ConditionMgr:1038 - genDependencies : Invalid condition id : LAN8742 Phy interface Condition cause : null
2023-12-04 17:52:24,037 [WARN] ConditionMgr:1038 - genDependencies : Invalid condition id : LAN8742 Phy interface Condition cause : null
2023-12-04 17:52:24,039 [WARN] ConditionMgr:1038 - genDependencies : Invalid condition id : LAN8742 Phy interface Condition cause : null
2023-12-04 17:52:24,052 [WARN] PackLoader:238 - Cannot read IP mode file for STMicroelectronics.X-CUBE-SFXS2LP1.4.0.0
2023-12-04 17:52:24,060 [WARN] PackLoader:238 - Cannot read IP mode file for STMicroelectronics.X-CUBE-ISPU.1.1.0
2023-12-04 17:52:24,107 [WARN] ConditionMgr:437 - getConditionDescription Invalid condition id : UX DEVICE CLASS RTOS Condition cause : null
2023-12-04 17:52:24,107 [WARN] ConditionMgr:437 - getConditionDescription Invalid condition id : UX DEVICE CLASS RTOS Condition cause : null
2023-12-04 17:52:24,113 [WARN] PackLoader:238 - Cannot read IP mode file for STMicroelectronics.X-CUBE-AZRTOS-WB.2.0.0
2023-12-04 17:52:24,114 [WARN] ConditionMgr:1038 - genDependencies : Invalid condition id : UX DEVICE CLASS RTOS Condition cause : null
2023-12-04 17:52:24,115 [WARN] ConditionMgr:1038 - genDependencies : Invalid condition id : UX DEVICE CLASS RTOS Condition cause : null
2023-12-04 17:52:24,116 [WARN] ConditionMgr:1038 - genDependencies : Invalid condition id : UX DEVICE CLASS RTOS Condition cause : null
2023-12-04 17:52:24,117 [WARN] ConditionMgr:1038 - genDependencies : Invalid condition id : UX DEVICE CLASS RTOS Condition cause : null
2023-12-04 17:52:24,117 [WARN] ConditionMgr:1038 - genDependencies : Invalid condition id : UX DEVICE CLASS RTOS Condition cause : null
2023-12-04 17:52:24,138 [WARN] PackLoader:238 - Cannot read IP mode file for STMicroelectronics.X-CUBE-SUBG2.5.0.0
2023-12-04 17:52:24,162 [ERROR] Engine:463 - C:\Users\Administrator\.stm32cubemx\thirdparties\pdsc\STMicroelectronics.X-CUBE-TOF1.3.3.1.pdsc: PDSC version is not supported
2023-12-04 17:52:24,197 [WARN] PackLoader:238 - Cannot read IP mode file for STMicroelectronics.X-CUBE-AZRTOS-G4.2.0.0
2023-12-04 17:52:24,210 [ERROR] Engine:463 - C:\Users\Administrator\.stm32cubemx\thirdparties\pdsc\Infineon.AIROC-Wi-Fi-Bluetooth-STM32.1.5.1.pdsc: PDSC version is not supported
2023-12-04 17:52:24,214 [ERROR] Engine:463 - C:\Users\Administrator\.stm32cubemx\thirdparties\pdsc\STMicroelectronics.FP-SNS-MOTENVWB1.1.3.0.pdsc: PDSC version is not supported
2023-12-04 17:52:24,217 [ERROR] Engine:463 - C:\Users\Administrator\.stm32cubemx\thirdparties\pdsc\STMicroelectronics.FP-SNS-MOTENVWB1.1.3.1.pdsc: PDSC version is not supported
2023-12-04 17:52:24,221 [WARN] PackLoader:238 - Cannot read IP mode file for STMicroelectronics.X-CUBE-ISPU.2.0.0
2023-12-04 17:52:24,297 [WARN] PackLoader:238 - Cannot read IP mode file for STMicroelectronics.X-CUBE-MEMS1.10.0.0
2023-12-04 17:52:24,637 [ERROR] Engine:463 - C:\Users\Administrator\.stm32cubemx\thirdparties\pdsc\STMicroelectronics.X-CUBE-FREERTOS.1.1.0.pdsc: PDSC version is not supported
2023-12-04 17:52:24,645 [WARN] PackLoader:238 - Cannot read IP mode file for portGmbH.I-Cube-SoM-uGOAL.1.1.0
2023-12-04 17:52:24,655 [WARN] PackLoader:238 - Cannot read IP mode file for STMicroelectronics.X-CUBE-ALS.1.0.1
2023-12-04 17:52:24,661 [WARN] PackLoader:238 - Cannot read IP mode file for STMicroelectronics.FP-ATR-ASTRA1.2.0.0
2023-12-04 17:52:24,670 [ERROR] Engine:463 - C:\Users\Administrator\.stm32cubemx\thirdparties\pdsc\STMicroelectronics.X-CUBE-TOF1.3.4.0.pdsc: PDSC version is not supported
2023-12-04 17:52:24,670 [INFO] ThirdParty:915 - Integrity check success = true
2023-12-04 17:52:24,670 [INFO] IntegrityCheckThread:94 - exiting critical section [integrity check]
2023-12-04 17:52:24,670 [INFO] IntegrityCheckThread:97 - End integrity checks thread
2023-12-04 17:52:25,682 [INFO] Context:592 - Trying to add GPIOservice into a context  which must be forbidden
2023-12-04 17:52:25,970 [INFO] ImportTextPane:167 - (OptionalMessage_ERROR) Unable to find key (Mcu.ThirdPartyNb) in loaded IOC file
2023-12-04 17:52:25,970 [INFO] ImportTextPane:167 - (OptionalMessage_ERROR) Unable to find key (Mcu.PinsNb) in loaded IOC file
2023-12-04 17:52:25,970 [INFO] ImportTextPane:167 - (OptionalMessage_ERROR) Unable to find key (Mcu.IPNb) in loaded IOC file
2023-12-04 17:52:26,034 [WARN] ApiManager:304 - Cannot register API 'Board Extension:GNSS1A1' from pack STMicroelectronics.X-CUBE-GNSS1.6.0.0: no header file found
2023-12-04 17:52:26,035 [WARN] ApiManager:304 - Cannot register API 'Board Support:Custom' from pack STMicroelectronics.X-CUBE-GNSS1.6.0.0: no header file found
2023-12-04 17:52:26,035 [WARN] ApiManager:304 - Cannot register API 'Data Exchange:lib_gnss' from pack STMicroelectronics.X-CUBE-GNSS1.6.0.0: no header file found
2023-12-04 17:52:26,456 [WARN] ApiManager:304 - Cannot register API 'Board Extension:IKS01A3' from pack STMicroelectronics.X-CUBE-MEMS1.9.6.0: no header file found
2023-12-04 17:52:26,457 [WARN] ApiManager:304 - Cannot register API 'Board Extension:IKS01A2' from pack STMicroelectronics.X-CUBE-MEMS1.9.6.0: no header file found
2023-12-04 17:52:26,457 [WARN] ApiManager:304 - Cannot register API 'Board Extension:IKS02A1' from pack STMicroelectronics.X-CUBE-MEMS1.9.6.0: no header file found
2023-12-04 17:52:26,472 [WARN] ApiManager:304 - Cannot register API 'Board Extension:EEPRMA2' from pack STMicroelectronics.X-CUBE-EEPRMA1.4.2.0: no header file found
2023-12-04 17:52:26,473 [WARN] ApiManager:304 - Cannot register API 'Board Extension:PGEEZ1' from pack STMicroelectronics.X-CUBE-EEPRMA1.4.2.0: no header file found
2023-12-04 17:52:26,473 [WARN] ApiManager:304 - Cannot register API 'Board Part:M24' from pack STMicroelectronics.X-CUBE-EEPRMA1.4.2.0: no header file found
2023-12-04 17:52:26,473 [WARN] ApiManager:304 - Cannot register API 'Board Part:M95' from pack STMicroelectronics.X-CUBE-EEPRMA1.4.2.0: no header file found
2023-12-04 17:52:26,474 [WARN] ApiManager:304 - Cannot register API 'Board Part:M95P32' from pack STMicroelectronics.X-CUBE-EEPRMA1.4.2.0: no header file found
2023-12-04 17:52:26,474 [WARN] ApiManager:304 - Cannot register API 'PGEEZ1:SPI' from pack STMicroelectronics.X-CUBE-EEPRMA1.4.2.0: no header file found
2023-12-04 17:52:26,474 [WARN] ApiManager:304 - Cannot register API 'PGEEZ1:QDSPI' from pack STMicroelectronics.X-CUBE-EEPRMA1.4.2.0: no header file found
2023-12-04 17:52:26,477 [INFO] RtosManager:484 - Registered RTOS mode: class=CMSIS, group=RTOS, mode=CMSIS_V1, owner=FREERTOS
2023-12-04 17:52:26,477 [INFO] RtosManager:484 - Registered RTOS mode: class=CMSIS, group=RTOS2, mode=CMSIS_V2, owner=FREERTOS
2023-12-04 17:52:26,478 [INFO] RtosManager:484 - Registered RTOS mode: class=RTOS, group=Core, mode=CMSIS_V1, owner=FREERTOS
2023-12-04 17:52:26,478 [INFO] RtosManager:484 - Registered RTOS mode: class=RTOS, group=Core, mode=CMSIS_V2, owner=FREERTOS
2023-12-04 17:52:26,478 [WARN] ModelIntegratedComponent:181 - Missing modes for component STMicroelectronics:FreeRTOS:0.0.1:STMicroelectronics:RTOS:FreeRTOS:Core:::10.2.0:
2023-12-04 17:52:26,482 [WARN] ApiManager:304 - Cannot register API 'Board Extension:NFC04A1' from pack STMicroelectronics.X-CUBE-NFC4.3.0.0: no header file found
2023-12-04 17:52:26,488 [WARN] ApiManager:304 - Cannot register API 'Board Extension:S2868A1' from pack STMicroelectronics.X-CUBE-SUBG2.5.0.0: no header file found
2023-12-04 17:52:26,488 [WARN] ApiManager:304 - Cannot register API 'Board Extension:S2868A2' from pack STMicroelectronics.X-CUBE-SUBG2.5.0.0: no header file found
2023-12-04 17:52:26,488 [WARN] ApiManager:304 - Cannot register API 'Board Extension:S2915A1' from pack STMicroelectronics.X-CUBE-SUBG2.5.0.0: no header file found
2023-12-04 17:52:26,497 [WARN] ApiManager:304 - Cannot register API 'Wireless:BlueNRG-MS' from pack STMicroelectronics.X-CUBE-BLE1.7.0.0: no header file found
2023-12-04 17:52:26,500 [WARN] ModelIntegratedComponent:60 - No mode defined for component null
2023-12-04 17:52:26,500 [WARN] ModelIntegratedComponent:60 - No mode defined for component null
2023-12-04 17:52:26,501 [WARN] ModelIntegratedComponent:60 - No mode defined for component null
2023-12-04 17:52:26,501 [WARN] ModelIntegratedComponent:60 - No mode defined for component null
2023-12-04 17:52:26,501 [WARN] ModelIntegratedComponent:60 - No mode defined for component null
2023-12-04 17:52:26,501 [WARN] ModelIntegratedComponent:60 - No mode defined for component null
2023-12-04 17:52:26,501 [WARN] ModelIntegratedComponent:60 - No mode defined for component null
2023-12-04 17:52:26,501 [WARN] ModelIntegratedComponent:60 - No mode defined for component null
2023-12-04 17:52:26,501 [WARN] ModelIntegratedComponent:60 - No mode defined for component null
2023-12-04 17:52:26,501 [WARN] ModelIntegratedComponent:60 - No mode defined for component null
2023-12-04 17:52:26,502 [WARN] ModelIntegratedComponent:60 - No mode defined for component null
2023-12-04 17:52:26,502 [WARN] ModelIntegratedComponent:60 - No mode defined for component null
2023-12-04 17:52:26,502 [WARN] ModelIntegratedComponent:60 - No mode defined for component null
2023-12-04 17:52:26,502 [WARN] ModelIntegratedComponent:60 - No mode defined for component null
2023-12-04 17:52:26,502 [WARN] ModelIntegratedComponent:60 - No mode defined for component null
2023-12-04 17:52:26,502 [WARN] ModelIntegratedComponent:60 - No mode defined for component null
2023-12-04 17:52:26,502 [WARN] ModelIntegratedComponent:60 - No mode defined for component null
2023-12-04 17:52:26,502 [WARN] ModelIntegratedComponent:60 - No mode defined for component null
2023-12-04 17:52:26,503 [WARN] ModelIntegratedComponent:60 - No mode defined for component null
2023-12-04 17:52:26,503 [WARN] ModelIntegratedComponent:60 - No mode defined for component null
2023-12-04 17:52:26,503 [WARN] ModelIntegratedComponent:60 - No mode defined for component null
2023-12-04 17:52:26,503 [WARN] ModelIntegratedComponent:60 - No mode defined for component null
2023-12-04 17:52:26,503 [WARN] ModelIntegratedComponent:60 - No mode defined for component null
2023-12-04 17:52:26,503 [WARN] ModelIntegratedComponent:60 - No mode defined for component null
2023-12-04 17:52:26,503 [WARN] ModelIntegratedComponent:60 - No mode defined for component null
2023-12-04 17:52:26,503 [WARN] ModelIntegratedComponent:60 - No mode defined for component null
2023-12-04 17:52:26,504 [WARN] ModelIntegratedComponent:60 - No mode defined for component null
2023-12-04 17:52:26,504 [WARN] ModelIntegratedComponent:60 - No mode defined for component null
2023-12-04 17:52:26,504 [WARN] ModelIntegratedComponent:60 - No mode defined for component null
2023-12-04 17:52:26,504 [WARN] ModelIntegratedComponent:60 - No mode defined for component null
2023-12-04 17:52:26,504 [WARN] ModelIntegratedComponent:60 - No mode defined for component null
2023-12-04 17:52:26,955 [WARN] ApiManager:304 - Cannot register API 'Board Extension:IKS01A3' from pack STMicroelectronics.X-CUBE-MEMS1.10.0.0: no header file found
2023-12-04 17:52:26,955 [WARN] ApiManager:304 - Cannot register API 'Board Extension:IKS02A1' from pack STMicroelectronics.X-CUBE-MEMS1.10.0.0: no header file found
2023-12-04 17:52:26,955 [WARN] ApiManager:304 - Cannot register API 'Board Extension:IKS4A1' from pack STMicroelectronics.X-CUBE-MEMS1.10.0.0: no header file found
2023-12-04 17:52:26,972 [WARN] ApiManager:304 - Cannot register API 'Board Extension:NFC07A1' from pack STMicroelectronics.X-CUBE-NFC7.1.0.1: no header file found
2023-12-04 17:52:26,974 [WARN] ApiManager:304 - Cannot register API 'Board Extension:NFC06A1' from pack STMicroelectronics.X-CUBE-NFC6.3.0.0: no header file found
2023-12-04 17:52:26,974 [WARN] ApiManager:304 - Cannot register API 'Board Extension:NFC08A1' from pack STMicroelectronics.X-CUBE-NFC6.3.0.0: no header file found
2023-12-04 17:52:26,976 [WARN] ApiManager:304 - Cannot register API 'Board Extension:EEPRMA1' from pack STMicroelectronics.X-CUBE-EEPRMA1.4.1.0: no header file found
2023-12-04 17:52:26,976 [WARN] ApiManager:304 - Cannot register API 'Board Extension:EEPRMA2' from pack STMicroelectronics.X-CUBE-EEPRMA1.4.1.0: no header file found
2023-12-04 17:52:26,977 [WARN] ApiManager:304 - Cannot register API 'Board Extension:PGEEZ1' from pack STMicroelectronics.X-CUBE-EEPRMA1.4.1.0: no header file found
2023-12-04 17:52:26,977 [WARN] ApiManager:304 - Cannot register API 'Board Part:M24' from pack STMicroelectronics.X-CUBE-EEPRMA1.4.1.0: no header file found
2023-12-04 17:52:26,977 [WARN] ApiManager:304 - Cannot register API 'Board Part:M95' from pack STMicroelectronics.X-CUBE-EEPRMA1.4.1.0: no header file found
2023-12-04 17:52:26,977 [WARN] ApiManager:304 - Cannot register API 'Board Part:M95P32' from pack STMicroelectronics.X-CUBE-EEPRMA1.4.1.0: no header file found
2023-12-04 17:52:26,977 [WARN] ApiManager:304 - Cannot register API 'PGEEZ1:SPI' from pack STMicroelectronics.X-CUBE-EEPRMA1.4.1.0: no header file found
2023-12-04 17:52:26,977 [WARN] ApiManager:304 - Cannot register API 'PGEEZ1:QDSPI' from pack STMicroelectronics.X-CUBE-EEPRMA1.4.1.0: no header file found
2023-12-04 17:52:26,989 [WARN] ApiManager:304 - Cannot register API 'Board Extension:S2868A1' from pack STMicroelectronics.X-CUBE-SFXS2LP1.4.0.0: no header file found
2023-12-04 17:52:26,989 [WARN] ApiManager:304 - Cannot register API 'Board Extension:S2868A2' from pack STMicroelectronics.X-CUBE-SFXS2LP1.4.0.0: no header file found
2023-12-04 17:52:26,989 [WARN] ApiManager:304 - Cannot register API 'Board Extension:S2915A1' from pack STMicroelectronics.X-CUBE-SFXS2LP1.4.0.0: no header file found
2023-12-04 17:52:26,990 [WARN] ApiManager:304 - Cannot register API 'Wireless:BlueNRG-2' from pack STMicroelectronics.X-CUBE-BLE2.3.3.0: no header file found
2023-12-04 17:52:32,279 [INFO] UtilMem:74 - End LoadConfig() Used Memory: 890502768 Bytes (1073741824)
2023-12-04 17:52:32,284 [WARN] ThirdParty:779 - waiting for thirdparty lock release [change project]
2023-12-04 17:52:32,284 [INFO] ThirdParty:781 - entering critical section [change project]
2023-12-04 17:52:32,284 [INFO] ThirdParty:967 - CMSIS Pack Vendor :STMicroelectronics X-CUBE-ISPU 1.1.0
2023-12-04 17:52:32,284 [INFO] ThirdParty:967 - CMSIS Pack Vendor :STMicroelectronics X-CUBE-GNSS1 6.0.0
2023-12-04 17:52:32,284 [INFO] ThirdParty:967 - CMSIS Pack Vendor :STMicroelectronics USB_HOST 2.0.0
2023-12-04 17:52:32,284 [INFO] ThirdParty:967 - CMSIS Pack Vendor :STMicroelectronics X-CUBE-AZRTOS-F4 1.1.0
2023-12-04 17:52:32,285 [INFO] ThirdParty:967 - CMSIS Pack Vendor :wolfSSL I-CUBE-wolfSSL 5.6.3
2023-12-04 17:52:32,285 [INFO] ThirdParty:967 - CMSIS Pack Vendor :STMicroelectronics USB_DEVICE 3.0.0
2023-12-04 17:52:32,285 [INFO] ThirdParty:967 - CMSIS Pack Vendor :STMicroelectronics X-CUBE-AZRTOS-WB 2.0.0
2023-12-04 17:52:32,285 [INFO] ThirdParty:967 - CMSIS Pack Vendor :STMicroelectronics X-CUBE-AZRTOS-F7 1.1.0
2023-12-04 17:52:32,285 [INFO] ThirdParty:967 - CMSIS Pack Vendor :STMicroelectronics X-CUBE-AZRTOS-L5 2.0.0
2023-12-04 17:52:32,285 [INFO] ThirdParty:967 - CMSIS Pack Vendor :STMicroelectronics USB_DEVICE 2.0.0
2023-12-04 17:52:32,285 [INFO] ThirdParty:967 - CMSIS Pack Vendor :STMicroelectronics X-CUBE-MEMS1 9.6.0
2023-12-04 17:52:32,285 [INFO] ThirdParty:967 - CMSIS Pack Vendor :STMicroelectronics X-CUBE-EEPRMA1 4.2.0
2023-12-04 17:52:32,285 [INFO] ThirdParty:967 - CMSIS Pack Vendor :STMicroelectronics X-CUBE-ALGOBUILD 1.3.0
2023-12-04 17:52:32,285 [INFO] ThirdParty:967 - CMSIS Pack Vendor :STMicroelectronics FreeRTOS 0.0.1
2023-12-04 17:52:32,285 [INFO] ThirdParty:967 - CMSIS Pack Vendor :STMicroelectronics X-CUBE-AZRTOS-G0 1.1.0
2023-12-04 17:52:32,286 [INFO] ThirdParty:967 - CMSIS Pack Vendor :STMicroelectronics X-CUBE-BLEMGR 2.0.0
2023-12-04 17:52:32,286 [INFO] ThirdParty:967 - CMSIS Pack Vendor :STMicroelectronics X-CUBE-NFC4 3.0.0
2023-12-04 17:52:32,286 [INFO] ThirdParty:967 - CMSIS Pack Vendor :STMicroelectronics X-CUBE-SUBG2 5.0.0
2023-12-04 17:52:32,286 [INFO] ThirdParty:967 - CMSIS Pack Vendor :STMicroelectronics lwIP 2.0.3
2023-12-04 17:52:32,286 [INFO] ThirdParty:967 - CMSIS Pack Vendor :STMicroelectronics USB_HOST 1.0.0
2023-12-04 17:52:32,286 [INFO] ThirdParty:967 - CMSIS Pack Vendor :STMicroelectronics X-CUBE-AZRTOS-G4 2.0.0
2023-12-04 17:52:32,286 [INFO] ThirdParty:967 - CMSIS Pack Vendor :STMicroelectronics PDM2PCM 3.1.0
2023-12-04 17:52:32,286 [INFO] ThirdParty:967 - CMSIS Pack Vendor :STMicroelectronics X-CUBE-AZRTOS-H7 3.1.0
2023-12-04 17:52:32,286 [INFO] ThirdParty:967 - CMSIS Pack Vendor :STMicroelectronics PDM2PCM 3.3.0
2023-12-04 17:52:32,286 [INFO] ThirdParty:967 - CMSIS Pack Vendor :STMicroelectronics X-CUBE-BLE1 7.0.0
2023-12-04 17:52:32,286 [INFO] ThirdParty:967 - CMSIS Pack Vendor :STMicroelectronics FP-ATR-SIGFOX1 3.2.0
2023-12-04 17:52:32,287 [INFO] ThirdParty:967 - CMSIS Pack Vendor :STMicroelectronics X-CUBE-ISPU 2.0.0
2023-12-04 17:52:32,287 [INFO] ThirdParty:967 - CMSIS Pack Vendor :STMicroelectronics HAL Drivers 0.0.0
2023-12-04 17:52:32,287 [INFO] ThirdParty:967 - CMSIS Pack Vendor :STMicroelectronics MBEDTLS 2.16.2
2023-12-04 17:52:32,287 [INFO] ThirdParty:967 - CMSIS Pack Vendor :STMicroelectronics X-CUBE-MEMS1 10.0.0
2023-12-04 17:52:32,287 [INFO] ThirdParty:967 - CMSIS Pack Vendor :STMicroelectronics X-CUBE-TOUCHGFX 4.22.0
2023-12-04 17:52:32,287 [INFO] ThirdParty:967 - CMSIS Pack Vendor :STMicroelectronics X-CUBE-NFC7 1.0.1
2023-12-04 17:52:32,287 [INFO] ThirdParty:967 - CMSIS Pack Vendor :STMicroelectronics MBEDTLS 2.14.1
2023-12-04 17:52:32,287 [INFO] ThirdParty:967 - CMSIS Pack Vendor :STMicroelectronics X-CUBE-TOUCHGFX 4.22.1
2023-12-04 17:52:32,287 [INFO] ThirdParty:967 - CMSIS Pack Vendor :STMicroelectronics X-CUBE-NFC6 3.0.0
2023-12-04 17:52:32,287 [INFO] ThirdParty:967 - CMSIS Pack Vendor :STMicroelectronics X-CUBE-EEPRMA1 4.1.0
2023-12-04 17:52:32,288 [INFO] ThirdParty:967 - CMSIS Pack Vendor :portGmbH I-Cube-SoM-uGOAL 1.1.0
2023-12-04 17:52:32,288 [INFO] ThirdParty:967 - CMSIS Pack Vendor :STMicroelectronics X-CUBE-ALS 1.0.1
2023-12-04 17:52:32,288 [INFO] ThirdParty:967 - CMSIS Pack Vendor :STMicroelectronics X-CUBE-AZRTOS-WL 2.0.0
2023-12-04 17:52:32,288 [INFO] ThirdParty:967 - CMSIS Pack Vendor :SEGGER I-CUBE-embOS 1.3.1
2023-12-04 17:52:32,288 [INFO] ThirdParty:967 - CMSIS Pack Vendor :STMicroelectronics USB_DEVICE 1.0.0
2023-12-04 17:52:32,288 [INFO] ThirdParty:967 - CMSIS Pack Vendor :STMicroelectronics X-CUBE-AI 8.1.0
2023-12-04 17:52:32,288 [INFO] ThirdParty:967 - CMSIS Pack Vendor :STMicroelectronics X-CUBE-AZRTOS-L4 2.0.0
2023-12-04 17:52:32,288 [INFO] ThirdParty:967 - CMSIS Pack Vendor :STMicroelectronics ThreadX 0.0.2
2023-12-04 17:52:32,288 [INFO] ThirdParty:967 - CMSIS Pack Vendor :WES I-CUBE-Cesium 1.3.0
2023-12-04 17:52:32,288 [INFO] ThirdParty:967 - CMSIS Pack Vendor :STMicroelectronics FP-ATR-ASTRA1 2.0.0
2023-12-04 17:52:32,288 [INFO] ThirdParty:967 - CMSIS Pack Vendor :STMicroelectronics lwIP 2.1.2
2023-12-04 17:52:32,288 [INFO] ThirdParty:967 - CMSIS Pack Vendor :STMicroelectronics X-CUBE-SFXS2LP1 4.0.0
2023-12-04 17:52:32,288 [INFO] ThirdParty:967 - CMSIS Pack Vendor :STMicroelectronics X-CUBE-BLE2 3.3.0
2023-12-04 17:52:32,289 [INFO] ThirdParty:967 - CMSIS Pack Vendor :STMicroelectronics PDM2PCM 3.2.0
2023-12-04 17:52:32,289 [INFO] ThirdParty:787 - exiting critical section [change project]
2023-12-04 17:52:32,589 [INFO] PinOutPanel:1463 - setPackage(No Configuration,No Configuration)
2023-12-04 17:52:32,591 [INFO] PinOutPanel:1463 - setPackage(STM32F103C6Ux,UFQFPN48)
2023-12-04 17:52:33,200 [INFO] UtilMem:74 - Before build in PCC Used Memory: 765196032 Bytes (1073741824)
2023-12-04 17:52:34,122 [INFO] UtilMem:74 - After build in PCC Used Memory: 844365568 Bytes (1073741824)
2023-12-04 17:52:34,156 [INFO] IPUIPlugin:74 - create IPUIPlugin
2023-12-04 17:52:34,157 [INFO] IPUIPlugin:74 - create IPUIPlugin
2023-12-04 17:52:34,157 [INFO] IPUIPlugin:74 - create IPUIPlugin
2023-12-04 17:52:34,157 [INFO] IPUIPlugin:74 - create IPUIPlugin
2023-12-04 17:52:34,158 [INFO] IPUIPlugin:74 - create IPUIPlugin
2023-12-04 17:52:34,158 [INFO] IPUIPlugin:74 - create IPUIPlugin
2023-12-04 17:52:34,158 [INFO] IPUIPlugin:74 - create IPUIPlugin
2023-12-04 17:52:34,158 [INFO] IPUIPlugin:74 - create IPUIPlugin
2023-12-04 17:52:34,159 [INFO] IPUIPlugin:74 - create IPUIPlugin
2023-12-04 17:52:34,159 [INFO] IPUIPlugin:74 - create IPUIPlugin
2023-12-04 17:52:34,159 [INFO] IPUIPlugin:74 - create IPUIPlugin
2023-12-04 17:52:34,160 [INFO] IPUIPlugin:74 - create IPUIPlugin
2023-12-04 17:52:34,160 [INFO] IPUIPlugin:74 - create IPUIPlugin
2023-12-04 17:52:34,160 [INFO] IPUIPlugin:74 - create IPUIPlugin
2023-12-04 17:52:34,161 [INFO] IPUIPlugin:74 - create IPUIPlugin
2023-12-04 17:52:34,161 [INFO] IPUIPlugin:74 - create IPUIPlugin
2023-12-04 17:52:34,162 [INFO] IPUIPlugin:74 - create IPUIPlugin
2023-12-04 17:52:34,162 [INFO] IPUIPlugin:74 - create IPUIPlugin
2023-12-04 17:52:34,163 [INFO] IPUIPlugin:74 - create IPUIPlugin
2023-12-04 17:52:34,163 [INFO] IPUIPlugin:74 - create IPUIPlugin
2023-12-04 17:52:34,164 [INFO] IPUIPlugin:74 - create IPUIPlugin
2023-12-04 17:52:34,164 [INFO] IPUIPlugin:74 - create IPUIPlugin
2023-12-04 17:52:34,165 [INFO] IPUIPlugin:74 - create IPUIPlugin
2023-12-04 17:52:34,342 [INFO] OpenFileManager:333 - Restore cursor
2023-12-04 17:52:34,738 [INFO] UtilMem:74 - End SaveConfig() Used Memory: 910425856 Bytes (1073741824)
2023-12-04 17:52:34,811 [INFO] UtilMem:74 - End SaveConfig() Used Memory: 923008768 Bytes (1073741824)
2023-12-04 17:52:35,354 [INFO] BlockDiagram:2740 - set Specific Code input for plugin: NVIC
2023-12-04 17:52:35,354 [INFO] BlockDiagram:2740 - set Specific Code input for plugin: SYS
2023-12-04 17:52:35,355 [INFO] BlockDiagram:2740 - set Specific Code input for plugin: RCC
2023-12-04 17:52:35,355 [INFO] CodeGenerator:663 - code generatio: config db path: D:\STM32\STM32CubeIDE_1.7.0\STM32CubeIDE\plugins\com.st.stm32cube.common.mx_6.3.0.202107141111\\db\
2023-12-04 17:52:35,800 [INFO] CodeEngine:239 - oldGeneratedFile, D:\STM32_Lab\Lab5\Lab5_STM32\MXTmpFiles\license.tmp_save
2023-12-04 17:52:36,304 [INFO] CodeEngine:257 - Generated code: D:\STM32_Lab\Lab5\Lab5_STM32\MXTmpFiles\license.tmp
2023-12-04 17:52:36,563 [INFO] CodeEngine:239 - oldGeneratedFile, D:\STM32_Lab\Lab5\Lab5_STM32\Core\Src\stm32f1xx_it.c_save
2023-12-04 17:52:36,777 [INFO] CodeEngine:257 - Generated code: D:\STM32_Lab\Lab5\Lab5_STM32\Core\Src\stm32f1xx_it.c
2023-12-04 17:52:36,780 [INFO] CodeEngine:239 - oldGeneratedFile, D:\STM32_Lab\Lab5\Lab5_STM32\Core\Inc\stm32f1xx_it.h_save
2023-12-04 17:52:36,885 [INFO] CodeEngine:257 - Generated code: D:\STM32_Lab\Lab5\Lab5_STM32\Core\Inc\stm32f1xx_it.h
2023-12-04 17:52:36,901 [INFO] CodeEngine:239 - oldGeneratedFile, D:\STM32_Lab\Lab5\Lab5_STM32\Core\Src\stm32f1xx_hal_msp.c_save
2023-12-04 17:52:37,082 [INFO] CodeEngine:257 - Generated code: D:\STM32_Lab\Lab5\Lab5_STM32\Core\Src\stm32f1xx_hal_msp.c
2023-12-04 17:52:37,085 [INFO] CodeEngine:239 - oldGeneratedFile, D:\STM32_Lab\Lab5\Lab5_STM32\MXTmpFiles\system.tmp_save
2023-12-04 17:52:37,269 [INFO] CodeEngine:257 - Generated code: D:\STM32_Lab\Lab5\Lab5_STM32\MXTmpFiles\system.tmp
2023-12-04 17:52:37,277 [INFO] CodeEngine:239 - oldGeneratedFile, D:\STM32_Lab\Lab5\Lab5_STM32\Core\Inc\stm32f1xx_hal_conf.h_save
2023-12-04 17:52:37,377 [INFO] CodeEngine:257 - Generated code: D:\STM32_Lab\Lab5\Lab5_STM32\Core\Inc\stm32f1xx_hal_conf.h
2023-12-04 17:52:37,428 [INFO] CodeEngine:239 - oldGeneratedFile, D:\STM32_Lab\Lab5\Lab5_STM32\Core\Inc\main.h_save
2023-12-04 17:52:37,561 [INFO] CodeEngine:257 - Generated code: D:\STM32_Lab\Lab5\Lab5_STM32\Core\Inc\main.h
2023-12-04 17:52:37,569 [INFO] CodeEngine:239 - oldGeneratedFile, D:\STM32_Lab\Lab5\Lab5_STM32\Core\Src\main.c_save
2023-12-04 17:52:37,703 [INFO] CodeEngine:257 - Generated code: D:\STM32_Lab\Lab5\Lab5_STM32\Core\Src\main.c
2023-12-04 17:52:39,278 [INFO] ProjectBuilder:2578 - Time for Copy HAL[1] : 135mS.
2023-12-04 17:52:39,285 [INFO] ProjectBuilder:3622 - Project Generator version: 3.14.1
2023-12-04 17:52:40,156 [INFO] ConfigFileManager:1271 - The Die is : DIE412
2023-12-04 17:52:40,182 [INFO] ApiDbMcu:468 - Load IP Config File for FATFS
2023-12-04 17:52:40,230 [INFO] ApiDbMcu:468 - Load IP Config File for FREERTOS
2023-12-04 17:52:40,286 [INFO] ApiDbMcu:468 - Load IP Config File for USB_DEVICE
2023-12-04 17:52:46,765 [INFO] ProjectBuilder:3789 - Time for Generating toolchain IDE Files: 7480mS.
2023-12-04 17:52:46,766 [INFO] ProjectBuilder:2457 - Time for Copy CMSIS : 1mS.
2023-12-04 17:52:46,768 [INFO] ProjectBuilder:2457 - Time for Copy CMSIS : 0mS.
2023-12-04 17:52:48,178 [INFO] McuFinderGlobals:52 - Set McuFinderConnectedMode to true
2023-12-04 17:52:48,180 [INFO] ApiDb:276 - Save user favorites file C:\Users\Administrator/.stm32cubeide/favorites.mcus.txt: 0 item(s)
2023-12-04 17:52:48,180 [INFO] ApiDb:280 - User favorites MCUs=[]
