2023-10-09 08:03:59,238 [INFO] Activator:177 - 


2023-10-09 08:03:59,240 [INFO] Activator:178 - !SESSION log4j initialized
2023-10-09 08:04:17,506 [INFO] McuFinderGlobals:39 - Set McuFinder mode to 2 (CubeIDE integrated)
2023-10-09 08:04:17,725 [INFO] ApplicationProperties:181 - Using Application install path: D:\STM32\STM32CubeIDE_1.7.0\STM32CubeIDE\plugins\com.st.stm32cube.common.mx_6.3.0.202107141111
2023-10-09 08:04:17,742 [INFO] DbMcusXml:74 - Set database path to: D:\STM32\STM32CubeIDE_1.7.0\STM32CubeIDE\plugins\com.st.stm32cube.common.mx_6.3.0.202107141111\\db\/mcu/
2023-10-09 08:04:17,747 [INFO] DbBoardsPdsc:56 - Set plugin database path to: D:\STM32\STM32CubeIDE_1.7.0\STM32CubeIDE\plugins\com.st.stm32cube.common.mx_6.3.0.202107141111\\db\/plugins/boardmanager/
2023-10-09 08:04:17,747 [INFO] DbMcus:258 - Set plugin images path to: D:\STM32\STM32CubeIDE_1.7.0\STM32CubeIDE\plugins\com.st.stm32cube.common.mx_6.3.0.202107141111\\db\/plugins/mcufinder/images/
2023-10-09 08:04:17,747 [INFO] DbBoards:264 - Set plugin images path to: D:\STM32\STM32CubeIDE_1.7.0\STM32CubeIDE\plugins\com.st.stm32cube.common.mx_6.3.0.202107141111\\db\/plugins/mcufinder/images/
2023-10-09 08:04:17,751 [INFO] DbExamples:333 - Set plugin images path to: D:\STM32\STM32CubeIDE_1.7.0\STM32CubeIDE\plugins\com.st.stm32cube.common.mx_6.3.0.202107141111\\db\/plugins/mcufinder/images/
2023-10-09 08:04:17,791 [INFO] DbMcusAds:119 - Set database path to: C:\Users\Administrator\.stmcufinder\plugins\mcufinder//mcu/
2023-10-09 08:04:17,793 [INFO] DbMcusDocs:110 - Set database path to: C:\Users\Administrator\.stmcufinder\plugins\mcufinder//mcu/
2023-10-09 08:04:17,796 [INFO] DbMcusJson:64 - Set database path to: C:\Users\Administrator\.stmcufinder\plugins\mcufinder//mcu/
2023-10-09 08:04:17,797 [INFO] DbBoardsDocs:110 - Set database path to: C:\Users\Administrator\.stmcufinder\plugins\mcufinder//mcu/
2023-10-09 08:04:17,799 [INFO] DbBoardsJson:57 - Set database path to: C:\Users\Administrator\.stmcufinder\plugins\mcufinder//mcu/
2023-10-09 08:04:17,846 [INFO] CrossReferenceDbSqlite:196 - Set database path to: C:\Users\Administrator\.stmcufinder\plugins\mcufinder//mcu/cs/
2023-10-09 08:04:17,850 [INFO] DbExamplesSqlite:767 - Set database path to: C:\Users\Administrator\.stmcufinder\plugins\mcufinder//mcu/
2023-10-09 08:04:17,981 [INFO] RulesReader:57 - Compatibility file has been processed (242 Rules)
2023-10-09 08:04:18,105 [INFO] DbMcusXml:74 - Set database path to: D:\STM32\STM32CubeIDE_1.7.0\STM32CubeIDE\plugins\com.st.stm32cube.common.mx_6.3.0.202107141111\\db\/mcu/
2023-10-09 08:04:18,107 [INFO] DbBoardsPdsc:56 - Set plugin database path to: D:\STM32\STM32CubeIDE_1.7.0\STM32CubeIDE\plugins\com.st.stm32cube.common.mx_6.3.0.202107141111\\db\/plugins/boardmanager/
2023-10-09 08:04:18,107 [INFO] DbMcus:258 - Set plugin images path to: D:\STM32\STM32CubeIDE_1.7.0\STM32CubeIDE\plugins\com.st.stm32cube.common.mx_6.3.0.202107141111\\db\/plugins/mcufinder/images/
2023-10-09 08:04:18,107 [INFO] DbBoards:264 - Set plugin images path to: D:\STM32\STM32CubeIDE_1.7.0\STM32CubeIDE\plugins\com.st.stm32cube.common.mx_6.3.0.202107141111\\db\/plugins/mcufinder/images/
2023-10-09 08:04:18,107 [INFO] DbExamples:333 - Set plugin images path to: D:\STM32\STM32CubeIDE_1.7.0\STM32CubeIDE\plugins\com.st.stm32cube.common.mx_6.3.0.202107141111\\db\/plugins/mcufinder/images/
2023-10-09 08:04:18,107 [WARN] DbFile:35 - Overriding database path with different value: C:\Users\Administrator\.stmcufinder\plugins\mcufinder/ => C:\Users\Administrator\.stmcufinder\plugins\mcufinder
2023-10-09 08:04:18,107 [INFO] DbMcusAds:119 - Set database path to: C:\Users\Administrator\.stmcufinder\plugins\mcufinder//mcu/
2023-10-09 08:04:18,108 [WARN] DbFile:35 - Overriding database path with different value: C:\Users\Administrator\.stmcufinder\plugins\mcufinder/ => C:\Users\Administrator\.stmcufinder\plugins\mcufinder
2023-10-09 08:04:18,108 [INFO] DbMcusDocs:110 - Set database path to: C:\Users\Administrator\.stmcufinder\plugins\mcufinder//mcu/
2023-10-09 08:04:18,108 [WARN] DbFile:35 - Overriding database path with different value: C:\Users\Administrator\.stmcufinder\plugins\mcufinder/ => C:\Users\Administrator\.stmcufinder\plugins\mcufinder
2023-10-09 08:04:18,108 [INFO] DbMcusJson:64 - Set database path to: C:\Users\Administrator\.stmcufinder\plugins\mcufinder//mcu/
2023-10-09 08:04:18,108 [WARN] DbFile:35 - Overriding database path with different value: C:\Users\Administrator\.stmcufinder\plugins\mcufinder/ => C:\Users\Administrator\.stmcufinder\plugins\mcufinder
2023-10-09 08:04:18,108 [INFO] DbBoardsDocs:110 - Set database path to: C:\Users\Administrator\.stmcufinder\plugins\mcufinder//mcu/
2023-10-09 08:04:18,109 [WARN] DbFile:35 - Overriding database path with different value: C:\Users\Administrator\.stmcufinder\plugins\mcufinder/ => C:\Users\Administrator\.stmcufinder\plugins\mcufinder
2023-10-09 08:04:18,109 [INFO] DbBoardsJson:57 - Set database path to: C:\Users\Administrator\.stmcufinder\plugins\mcufinder//mcu/
2023-10-09 08:04:18,109 [WARN] DbFile:35 - Overriding database path with different value: C:\Users\Administrator\.stmcufinder\plugins\mcufinder/ => C:\Users\Administrator\.stmcufinder\plugins\mcufinder
2023-10-09 08:04:18,109 [WARN] DbFile:35 - Overriding database path with different value: C:\Users\Administrator\.stmcufinder\plugins\mcufinder/ => C:\Users\Administrator\.stmcufinder\plugins\mcufinder
2023-10-09 08:04:18,109 [INFO] CrossReferenceDbSqlite:196 - Set database path to: C:\Users\Administrator\.stmcufinder\plugins\mcufinder//mcu/cs/
2023-10-09 08:04:18,109 [WARN] DbFile:35 - Overriding database path with different value: C:\Users\Administrator\.stmcufinder\plugins\mcufinder/ => C:\Users\Administrator\.stmcufinder\plugins\mcufinder
2023-10-09 08:04:18,109 [INFO] DbExamplesSqlite:767 - Set database path to: C:\Users\Administrator\.stmcufinder\plugins\mcufinder//mcu/
2023-10-09 08:04:18,209 [INFO] MainPanel:214 - HeapMemory: 268435456
2023-10-09 08:04:18,356 [INFO] DbMcusXml:74 - Set database path to: D:\STM32\STM32CubeIDE_1.7.0\STM32CubeIDE\plugins\com.st.stm32cube.common.mx_6.3.0.202107141111\\db\/mcu/
2023-10-09 08:04:18,356 [INFO] DbBoardsPdsc:56 - Set plugin database path to: D:\STM32\STM32CubeIDE_1.7.0\STM32CubeIDE\plugins\com.st.stm32cube.common.mx_6.3.0.202107141111\\db\/plugins/boardmanager/
2023-10-09 08:04:18,357 [INFO] DbMcus:258 - Set plugin images path to: D:\STM32\STM32CubeIDE_1.7.0\STM32CubeIDE\plugins\com.st.stm32cube.common.mx_6.3.0.202107141111\\db\/plugins/mcufinder/images/
2023-10-09 08:04:18,357 [INFO] DbBoards:264 - Set plugin images path to: D:\STM32\STM32CubeIDE_1.7.0\STM32CubeIDE\plugins\com.st.stm32cube.common.mx_6.3.0.202107141111\\db\/plugins/mcufinder/images/
2023-10-09 08:04:18,357 [INFO] DbExamples:333 - Set plugin images path to: D:\STM32\STM32CubeIDE_1.7.0\STM32CubeIDE\plugins\com.st.stm32cube.common.mx_6.3.0.202107141111\\db\/plugins/mcufinder/images/
2023-10-09 08:04:18,358 [WARN] DbFile:35 - Overriding database path with different value: C:\Users\Administrator\.stmcufinder\plugins\mcufinder/ => C:\Users\Administrator\.stmcufinder\plugins\mcufinder
2023-10-09 08:04:18,358 [INFO] DbMcusAds:119 - Set database path to: C:\Users\Administrator\.stmcufinder\plugins\mcufinder//mcu/
2023-10-09 08:04:18,358 [WARN] DbFile:35 - Overriding database path with different value: C:\Users\Administrator\.stmcufinder\plugins\mcufinder/ => C:\Users\Administrator\.stmcufinder\plugins\mcufinder
2023-10-09 08:04:18,358 [INFO] DbMcusDocs:110 - Set database path to: C:\Users\Administrator\.stmcufinder\plugins\mcufinder//mcu/
2023-10-09 08:04:18,358 [WARN] DbFile:35 - Overriding database path with different value: C:\Users\Administrator\.stmcufinder\plugins\mcufinder/ => C:\Users\Administrator\.stmcufinder\plugins\mcufinder
2023-10-09 08:04:18,358 [INFO] DbMcusJson:64 - Set database path to: C:\Users\Administrator\.stmcufinder\plugins\mcufinder//mcu/
2023-10-09 08:04:18,359 [WARN] DbFile:35 - Overriding database path with different value: C:\Users\Administrator\.stmcufinder\plugins\mcufinder/ => C:\Users\Administrator\.stmcufinder\plugins\mcufinder
2023-10-09 08:04:18,359 [INFO] DbBoardsDocs:110 - Set database path to: C:\Users\Administrator\.stmcufinder\plugins\mcufinder//mcu/
2023-10-09 08:04:18,359 [WARN] DbFile:35 - Overriding database path with different value: C:\Users\Administrator\.stmcufinder\plugins\mcufinder/ => C:\Users\Administrator\.stmcufinder\plugins\mcufinder
2023-10-09 08:04:18,359 [INFO] DbBoardsJson:57 - Set database path to: C:\Users\Administrator\.stmcufinder\plugins\mcufinder//mcu/
2023-10-09 08:04:18,359 [WARN] DbFile:35 - Overriding database path with different value: C:\Users\Administrator\.stmcufinder\plugins\mcufinder/ => C:\Users\Administrator\.stmcufinder\plugins\mcufinder
2023-10-09 08:04:18,359 [WARN] DbFile:35 - Overriding database path with different value: C:\Users\Administrator\.stmcufinder\plugins\mcufinder/ => C:\Users\Administrator\.stmcufinder\plugins\mcufinder
2023-10-09 08:04:18,359 [INFO] CrossReferenceDbSqlite:196 - Set database path to: C:\Users\Administrator\.stmcufinder\plugins\mcufinder//mcu/cs/
2023-10-09 08:04:18,360 [WARN] DbFile:35 - Overriding database path with different value: C:\Users\Administrator\.stmcufinder\plugins\mcufinder/ => C:\Users\Administrator\.stmcufinder\plugins\mcufinder
2023-10-09 08:04:18,360 [INFO] DbExamplesSqlite:767 - Set database path to: C:\Users\Administrator\.stmcufinder\plugins\mcufinder//mcu/
2023-10-09 08:04:18,385 [INFO] ApplicationProperties:181 - Using Application install path: D:\STM32\STM32CubeIDE_1.7.0\STM32CubeIDE\plugins\com.st.stm32cube.common.mx_6.3.0.202107141111
2023-10-09 08:04:18,386 [INFO] PluginManage:188 - Search for loadable plugins [exclusion list=, ]
2023-10-09 08:04:18,387 [INFO] PluginManage:302 - Check plugin analytics
2023-10-09 08:04:18,586 [INFO] AnalyticsPlugin:257 - Accepted Software Licenses: 
2023-10-09 08:04:18,587 [INFO] AnalyticsPlugin:259 - Accepted CMSIS Pack Licenses: 
2023-10-09 08:04:18,587 [INFO] AnalyticsPlugin:261 - Accepted Firmware Licenses: 
2023-10-09 08:04:18,588 [INFO] PluginManage:352 - Loaded plugin analytics (category:tool,tabindex:-1)
2023-10-09 08:04:18,588 [INFO] PluginManage:302 - Check plugin clock
2023-10-09 08:04:18,605 [INFO] PluginManage:352 - Loaded plugin clock (category:base,tabindex:2)
2023-10-09 08:04:18,605 [INFO] PluginManage:302 - Check plugin ddr
2023-10-09 08:04:18,609 [INFO] PluginManage:352 - Loaded plugin ddr (category:tool,tabindex:6)
2023-10-09 08:04:18,609 [INFO] PluginManage:302 - Check plugin filemanager
2023-10-09 08:04:18,778 [INFO] PluginManage:352 - Loaded plugin filemanager (category:base,tabindex:10)
2023-10-09 08:04:18,778 [INFO] PluginManage:302 - Check plugin ipmanager
2023-10-09 08:04:18,789 [INFO] PluginManage:352 - Loaded plugin ipmanager (category:base,tabindex:5)
2023-10-09 08:04:18,789 [INFO] PluginManage:302 - Check plugin pinoutandconfiguration
2023-10-09 08:04:18,803 [INFO] PluginManage:352 - Loaded plugin pinoutandconfiguration (category:base,tabindex:1)
2023-10-09 08:04:18,803 [INFO] PluginManage:302 - Check plugin pinoutconfig
2023-10-09 08:04:18,842 [INFO] PluginManage:352 - Loaded plugin pinoutconfig (category:base,tabindex:0)
2023-10-09 08:04:18,842 [INFO] PluginManage:302 - Check plugin power
2023-10-09 08:04:18,859 [INFO] PluginManage:352 - Loaded plugin power (category:power,tabindex:4)
2023-10-09 08:04:18,860 [INFO] PluginManage:302 - Check plugin projectmanager
2023-10-09 08:04:18,880 [INFO] PluginManage:352 - Loaded plugin projectmanager (category:projectmanager,tabindex:3)
2023-10-09 08:04:18,880 [INFO] PluginManage:302 - Check plugin thirdparty
2023-10-09 08:04:19,063 [WARN] IntegrityCheckThread:78 - waiting for thirdparty lock release [integrity check]
2023-10-09 08:04:19,064 [INFO] PluginManage:352 - Loaded plugin thirdparty (category:base,tabindex:-1)
2023-10-09 08:04:19,064 [INFO] IntegrityCheckThread:80 - entering critical section [integrity check]
2023-10-09 08:04:19,064 [INFO] PluginManage:302 - Check plugin tools
2023-10-09 08:04:19,064 [INFO] ThirdPartyUpdaterWithRetryManager:66 - Updater plugin not ready yet. [1/15]
2023-10-09 08:04:19,066 [INFO] PluginManage:352 - Loaded plugin tools (category:base,tabindex:7)
2023-10-09 08:04:19,067 [INFO] PluginManage:302 - Check plugin tutovideos
2023-10-09 08:04:19,454 [INFO] PluginManage:352 - Loaded plugin tutovideos (category:base,tabindex:-1)
2023-10-09 08:04:19,454 [INFO] PluginManage:302 - Check plugin updater
2023-10-09 08:04:19,468 [INFO] PluginManage:352 - Loaded plugin updater (category:base,tabindex:12)
2023-10-09 08:04:19,469 [INFO] PluginManage:275 - PluginManage : Loaded plugins [13]
2023-10-09 08:04:19,702 [INFO] PinOutPanel:1463 - setPackage(No Configuration,No Configuration)
2023-10-09 08:04:19,818 [INFO] IPUIPlugin:74 - create IPUIPlugin
2023-10-09 08:04:19,819 [INFO] PluginManager:213 - loadIPPluginJar : add adc
2023-10-09 08:04:19,822 [INFO] IPUIPlugin:74 - create IPUIPlugin
2023-10-09 08:04:19,823 [INFO] PluginManager:213 - loadIPPluginJar : add aes
2023-10-09 08:04:19,827 [INFO] IPUIPlugin:74 - create IPUIPlugin
2023-10-09 08:04:19,827 [INFO] PluginManager:213 - loadIPPluginJar : add can
2023-10-09 08:04:19,829 [INFO] IPUIPlugin:74 - create IPUIPlugin
2023-10-09 08:04:19,830 [INFO] PluginManager:213 - loadIPPluginJar : add comp
2023-10-09 08:04:19,834 [INFO] IPUIPlugin:74 - create IPUIPlugin
2023-10-09 08:04:19,834 [INFO] PluginManager:213 - loadIPPluginJar : add cryp
2023-10-09 08:04:19,838 [INFO] IPUIPlugin:74 - create IPUIPlugin
2023-10-09 08:04:19,838 [INFO] PluginManager:213 - loadIPPluginJar : add dfsdm
2023-10-09 08:04:19,845 [INFO] IPUIPlugin:74 - create IPUIPlugin
2023-10-09 08:04:19,846 [INFO] PluginManager:213 - loadIPPluginJar : add dma
2023-10-09 08:04:19,850 [INFO] IPUIPlugin:74 - create IPUIPlugin
2023-10-09 08:04:19,850 [INFO] PluginManager:213 - loadIPPluginJar : add dma3
2023-10-09 08:04:19,853 [INFO] IPUIPlugin:74 - create IPUIPlugin
2023-10-09 08:04:19,853 [INFO] PluginManager:213 - loadIPPluginJar : add fatfs
2023-10-09 08:04:19,859 [INFO] IPUIPlugin:74 - create IPUIPlugin
2023-10-09 08:04:19,859 [INFO] PluginManager:213 - loadIPPluginJar : add fmc
2023-10-09 08:04:19,868 [INFO] IPUIPlugin:74 - create IPUIPlugin
2023-10-09 08:04:19,868 [INFO] PluginManager:213 - loadIPPluginJar : add freertos
2023-10-09 08:04:19,871 [INFO] IPUIPlugin:74 - create IPUIPlugin
2023-10-09 08:04:19,871 [INFO] PluginManager:213 - loadIPPluginJar : add genericplugin
2023-10-09 08:04:19,875 [INFO] IPUIPlugin:74 - create IPUIPlugin
2023-10-09 08:04:19,875 [INFO] PluginManager:213 - loadIPPluginJar : add gfxmmu
2023-10-09 08:04:19,883 [INFO] IPUIPlugin:74 - create IPUIPlugin
2023-10-09 08:04:19,883 [INFO] PluginManager:213 - loadIPPluginJar : add gic
2023-10-09 08:04:19,889 [INFO] IPUIPlugin:74 - create IPUIPlugin
2023-10-09 08:04:19,889 [INFO] PluginManager:213 - loadIPPluginJar : add gpio
2023-10-09 08:04:19,893 [INFO] IPUIPlugin:74 - create IPUIPlugin
2023-10-09 08:04:19,893 [INFO] PluginManager:213 - loadIPPluginJar : add gtzc
2023-10-09 08:04:19,897 [INFO] IPUIPlugin:74 - create IPUIPlugin
2023-10-09 08:04:19,897 [INFO] PluginManager:213 - loadIPPluginJar : add hash
2023-10-09 08:04:19,900 [INFO] IPUIPlugin:74 - create IPUIPlugin
2023-10-09 08:04:19,901 [INFO] PluginManager:213 - loadIPPluginJar : add i2c
2023-10-09 08:04:19,905 [INFO] IPUIPlugin:74 - create IPUIPlugin
2023-10-09 08:04:19,905 [INFO] PluginManager:213 - loadIPPluginJar : add i2s
2023-10-09 08:04:19,911 [INFO] IPUIPlugin:74 - create IPUIPlugin
2023-10-09 08:04:19,911 [INFO] PluginManager:213 - loadIPPluginJar : add ipddr
2023-10-09 08:04:19,920 [INFO] IPUIPlugin:74 - create IPUIPlugin
2023-10-09 08:04:19,920 [INFO] PluginManager:213 - loadIPPluginJar : add linkedlist
2023-10-09 08:04:19,924 [INFO] IPUIPlugin:74 - create IPUIPlugin
2023-10-09 08:04:19,924 [INFO] PluginManager:213 - loadIPPluginJar : add lorawan
2023-10-09 08:04:19,927 [INFO] IPUIPlugin:74 - create IPUIPlugin
2023-10-09 08:04:19,927 [INFO] PluginManager:213 - loadIPPluginJar : add ltdc
2023-10-09 08:04:19,934 [INFO] IPUIPlugin:74 - create IPUIPlugin
2023-10-09 08:04:19,934 [INFO] PluginManager:213 - loadIPPluginJar : add mdma
2023-10-09 08:04:19,940 [INFO] IPUIPlugin:74 - create IPUIPlugin
2023-10-09 08:04:19,940 [INFO] PluginManager:213 - loadIPPluginJar : add nvic
2023-10-09 08:04:19,945 [INFO] IPUIPlugin:74 - create IPUIPlugin
2023-10-09 08:04:19,945 [INFO] PluginManager:213 - loadIPPluginJar : add opamp
2023-10-09 08:04:19,948 [INFO] IPUIPlugin:74 - create IPUIPlugin
2023-10-09 08:04:19,949 [INFO] PluginManager:213 - loadIPPluginJar : add openamp
2023-10-09 08:04:19,954 [INFO] IPUIPlugin:74 - create IPUIPlugin
2023-10-09 08:04:19,954 [INFO] PluginManager:213 - loadIPPluginJar : add pdm2pcm
2023-10-09 08:04:19,962 [INFO] IPUIPlugin:74 - create IPUIPlugin
2023-10-09 08:04:19,967 [INFO] PluginManager:213 - loadIPPluginJar : add plateformsettings
2023-10-09 08:04:19,972 [INFO] IPUIPlugin:74 - create IPUIPlugin
2023-10-09 08:04:19,972 [INFO] PluginManager:213 - loadIPPluginJar : add quadspi
2023-10-09 08:04:19,980 [INFO] IPUIPlugin:74 - create IPUIPlugin
2023-10-09 08:04:19,981 [INFO] PluginManager:213 - loadIPPluginJar : add resmgrutility
2023-10-09 08:04:19,985 [INFO] IPUIPlugin:74 - create IPUIPlugin
2023-10-09 08:04:19,986 [INFO] PluginManager:213 - loadIPPluginJar : add sai
2023-10-09 08:04:19,989 [INFO] IPUIPlugin:74 - create IPUIPlugin
2023-10-09 08:04:19,989 [INFO] PluginManager:213 - loadIPPluginJar : add spi
2023-10-09 08:04:19,995 [INFO] IPUIPlugin:74 - create IPUIPlugin
2023-10-09 08:04:19,995 [INFO] PluginManager:213 - loadIPPluginJar : add stm32_wpan
2023-10-09 08:04:19,999 [INFO] IPUIPlugin:74 - create IPUIPlugin
2023-10-09 08:04:19,999 [INFO] PluginManager:213 - loadIPPluginJar : add tim
2023-10-09 08:04:20,003 [INFO] IPUIPlugin:74 - create IPUIPlugin
2023-10-09 08:04:20,003 [INFO] PluginManager:213 - loadIPPluginJar : add touchsensing
2023-10-09 08:04:20,006 [INFO] IPUIPlugin:74 - create IPUIPlugin
2023-10-09 08:04:20,006 [INFO] PluginManager:213 - loadIPPluginJar : add tracer_emb
2023-10-09 08:04:20,010 [INFO] IPUIPlugin:74 - create IPUIPlugin
2023-10-09 08:04:20,010 [INFO] PluginManager:213 - loadIPPluginJar : add ts
2023-10-09 08:04:20,013 [INFO] IPUIPlugin:74 - create IPUIPlugin
2023-10-09 08:04:20,013 [INFO] PluginManager:213 - loadIPPluginJar : add tsc
2023-10-09 08:04:20,016 [INFO] IPUIPlugin:74 - create IPUIPlugin
2023-10-09 08:04:20,017 [INFO] PluginManager:213 - loadIPPluginJar : add ucpd
2023-10-09 08:04:20,020 [INFO] IPUIPlugin:74 - create IPUIPlugin
2023-10-09 08:04:20,021 [INFO] PluginManager:213 - loadIPPluginJar : add usart
2023-10-09 08:04:20,025 [INFO] IPUIPlugin:74 - create IPUIPlugin
2023-10-09 08:04:20,025 [INFO] PluginManager:213 - loadIPPluginJar : add usbx
2023-10-09 08:04:20,497 [FATAL] Updater:294 - Updater called before beeing initialized
2023-10-09 08:04:20,646 [FATAL] Updater:294 - Updater called before beeing initialized
2023-10-09 08:04:20,652 [INFO] DbMcusAds:47 - JSON generation date=Tue Mar 07 15:50:55 ICT 2023 (1678179055114)
2023-10-09 08:04:20,652 [FATAL] Updater:294 - Updater called before beeing initialized
2023-10-09 08:04:20,716 [WARN] DetailPanel:314 - Failed to get advertising image, set to default
2023-10-09 08:04:20,842 [FATAL] Updater:294 - Updater called before beeing initialized
2023-10-09 08:04:20,846 [FATAL] Updater:294 - Updater called before beeing initialized
2023-10-09 08:04:20,846 [FATAL] Updater:294 - Updater called before beeing initialized
2023-10-09 08:04:20,846 [WARN] DetailPanel:314 - Failed to get advertising image, set to default
2023-10-09 08:04:20,848 [FATAL] Updater:294 - Updater called before beeing initialized
2023-10-09 08:04:20,912 [ERROR] Updater:1075 - MainUpdater not yet initialized. External WinMGr cannot be set.
2023-10-09 08:04:20,915 [INFO] Updater:1012 - Updater Version found : 6.3.0
2023-10-09 08:04:20,949 [INFO] ApplicationProperties:181 - Using Application install path: D:\STM32\STM32CubeIDE_1.7.0\STM32CubeIDE\plugins\com.st.stm32cube.common.mx_6.3.0.202107141111
2023-10-09 08:04:21,191 [INFO] MainUpdater:2671 - connection check result : 10
2023-10-09 08:04:21,192 [INFO] MainUpdater:265 - Updater Check For Update Now.
2023-10-09 08:04:21,192 [INFO] MicroXplorer:478 - Change Database Version : DB.6.0.30
2023-10-09 08:04:21,396 [INFO] CheckServerUpdateThread:112 - End of CheckServer Thread
2023-10-09 08:04:21,425 [INFO] MainUpdater:2671 - connection check result : 10
2023-10-09 08:04:21,430 [INFO] McuFinderGlobals:52 - Set McuFinderConnectedMode to true
2023-10-09 08:04:21,628 [INFO] ServerAccessManage:362 - Download File mcusAds.json._tmp_
2023-10-09 08:04:21,748 [INFO] LoadUrlFilesThread:145 - End of LoadUrlFiles Thread
2023-10-09 08:04:22,069 [WARN] MainUpdater:1122 - Updater busy. Cannot search thirdparties
2023-10-09 08:04:22,070 [INFO] ThirdPartyUpdaterWithRetryManager:92 - Updater plugin is busy. [1/15]
2023-10-09 08:04:22,589 [INFO] ServerAccessManage:362 - Download File mcusDocs.json._tmp_
2023-10-09 08:04:23,548 [INFO] LoadUrlFilesThread:145 - End of LoadUrlFiles Thread
2023-10-09 08:04:23,753 [INFO] ServerAccessManage:362 - Download File mcusFeaturesAndDescription.json._tmp_
2023-10-09 08:04:25,080 [WARN] MainUpdater:1122 - Updater busy. Cannot search thirdparties
2023-10-09 08:04:25,080 [INFO] ThirdPartyUpdaterWithRetryManager:92 - Updater plugin is busy. [2/15]
2023-10-09 08:04:25,335 [INFO] LoadUrlFilesThread:145 - End of LoadUrlFiles Thread
2023-10-09 08:04:25,528 [INFO] ServerAccessManage:362 - Download File boardsDocs.json._tmp_
2023-10-09 08:04:25,685 [INFO] LoadUrlFilesThread:145 - End of LoadUrlFiles Thread
2023-10-09 08:04:25,937 [INFO] ServerAccessManage:362 - Download File boards.json._tmp_
2023-10-09 08:04:26,181 [INFO] LoadUrlFilesThread:145 - End of LoadUrlFiles Thread
2023-10-09 08:04:26,437 [INFO] ServerAccessManage:362 - Download File cube-finder-db.zip
2023-10-09 08:04:28,095 [WARN] MainUpdater:1122 - Updater busy. Cannot search thirdparties
2023-10-09 08:04:28,095 [INFO] ThirdPartyUpdaterWithRetryManager:92 - Updater plugin is busy. [3/15]
2023-10-09 08:04:31,102 [WARN] MainUpdater:1122 - Updater busy. Cannot search thirdparties
2023-10-09 08:04:31,102 [INFO] ThirdPartyUpdaterWithRetryManager:92 - Updater plugin is busy. [4/15]
2023-10-09 08:04:32,700 [INFO] FileExtend:235 - Unzip File : cube-finder-db.zip
2023-10-09 08:04:32,701 [INFO] FileExtend:250 - Standard Zip Deflate
2023-10-09 08:04:33,985 [INFO] LoadUrlFilesThread:145 - End of LoadUrlFiles Thread
2023-10-09 08:04:34,115 [WARN] MainUpdater:1122 - Updater busy. Cannot search thirdparties
2023-10-09 08:04:34,115 [INFO] ThirdPartyUpdaterWithRetryManager:92 - Updater plugin is busy. [5/15]
2023-10-09 08:04:35,313 [INFO] ServerAccessManage:362 - Download File crdb.zip
2023-10-09 08:04:37,118 [INFO] FileExtend:235 - Unzip File : crdb.zip
2023-10-09 08:04:37,119 [INFO] FileExtend:250 - Standard Zip Deflate
2023-10-09 08:04:37,119 [WARN] MainUpdater:1122 - Updater busy. Cannot search thirdparties
2023-10-09 08:04:37,120 [INFO] ThirdPartyUpdaterWithRetryManager:92 - Updater plugin is busy. [6/15]
2023-10-09 08:04:37,280 [INFO] LoadUrlFilesThread:145 - End of LoadUrlFiles Thread
2023-10-09 08:04:37,452 [INFO] ServerAccessManage:362 - Download File tutoVideoDB.zip
2023-10-09 08:04:37,479 [INFO] FileExtend:235 - Unzip File : tutoVideoDB.zip
2023-10-09 08:04:37,479 [INFO] FileExtend:250 - Standard Zip Deflate
2023-10-09 08:04:37,593 [INFO] LoadUrlFilesThread:145 - End of LoadUrlFiles Thread
2023-10-09 08:04:37,595 [INFO] DbMcusAds:47 - JSON generation date=Tue Mar 07 15:50:55 ICT 2023 (1678179055114)
2023-10-09 08:04:37,635 [INFO] DbMcusDocs:143 - JSON generation date=Tue Nov 16 23:17:54 ICT 2021 (1637079474)
2023-10-09 08:04:37,637 [INFO] DbMcusXml:100 - Load MCU database from D:\STM32\STM32CubeIDE_1.7.0\STM32CubeIDE\plugins\com.st.stm32cube.common.mx_6.3.0.202107141111\\db\/mcu/families.xml
2023-10-09 08:04:40,218 [INFO] DbMcusJson:93 - JSON generation date=Tue Nov 16 23:17:54 ICT 2021 (1637079474)
2023-10-09 08:04:40,629 [ERROR] Engine:463 - C:\Users\Administrator\.stm32cubemx\thirdparties\pdsc\STMicroelectronics.X-CUBE-SMBUS.2.1.0.pdsc: PDSC version is not supported
2023-10-09 08:04:40,847 [WARN] PackLoader:238 - Cannot read IP mode file for STMicroelectronics.X-CUBE-AZRTOS-F7.1.1.0
2023-10-09 08:04:40,933 [ERROR] Engine:463 - C:\Users\Administrator\.stm32cubemx\thirdparties\pdsc\STMicroelectronics.FP-SNS-MOTENV1.4.3.2.pdsc: PDSC version is not supported
2023-10-09 08:04:40,938 [ERROR] Engine:463 - C:\Users\Administrator\.stm32cubemx\thirdparties\pdsc\STMicroelectronics.FP-SNS-FLIGHT1.5.0.2.pdsc: PDSC version is not supported
2023-10-09 08:04:40,948 [ERROR] Engine:463 - C:\Users\Administrator\.stm32cubemx\thirdparties\pdsc\STMicroelectronics.X-CUBE-DISPLAY.3.0.0.pdsc: PDSC version is not supported
2023-10-09 08:04:40,965 [WARN] PackLoader:238 - Cannot read IP mode file for STMicroelectronics.X-CUBE-BLE1.7.0.0
2023-10-09 08:04:40,973 [ERROR] Engine:463 - C:\Users\Administrator\.stm32cubemx\thirdparties\pdsc\emotas.I-CUBE-CANOPEN.1.3.0.pdsc: PDSC version is not supported
2023-10-09 08:04:40,981 [WARN] PackLoader:238 - Cannot read IP mode file for STMicroelectronics.X-CUBE-TOUCHGFX.4.22.0
2023-10-09 08:04:40,987 [WARN] PackLoader:238 - Cannot read IP mode file for STMicroelectronics.X-CUBE-TOUCHGFX.4.22.1
2023-10-09 08:04:40,993 [ERROR] Engine:463 - C:\Users\Administrator\.stm32cubemx\thirdparties\pdsc\STMicroelectronics.FP-SNS-SMARTAG2.1.2.0.pdsc: PDSC version is not supported
2023-10-09 08:04:41,059 [INFO] LogOutputStream:76 - [STDOUT_REDIRECT] 1 : Invalid condition id : UX_CORESTACK_Condition cause : null
2023-10-09 08:04:41,063 [INFO] LogOutputStream:76 - [STDOUT_REDIRECT] 1 : Invalid condition id : UX_CORESTACK_Condition cause : null
2023-10-09 08:04:41,067 [INFO] LogOutputStream:76 - [STDOUT_REDIRECT] 1 : Invalid condition id : UX_CORESTACK_Condition cause : null
2023-10-09 08:04:41,070 [INFO] LogOutputStream:76 - [STDOUT_REDIRECT] 1 : Invalid condition id : UX_CORESTACK_Condition cause : null
2023-10-09 08:04:41,073 [INFO] LogOutputStream:76 - [STDOUT_REDIRECT] 1 : Invalid condition id : UX_CORESTACK_Condition cause : null
2023-10-09 08:04:41,089 [WARN] PackLoader:238 - Cannot read IP mode file for STMicroelectronics.X-CUBE-AZRTOS-WL.2.0.0
2023-10-09 08:04:41,127 [WARN] PackLoader:238 - Cannot read IP mode file for WES.I-CUBE-Cesium.1.3.0
2023-10-09 08:04:41,140 [WARN] PackLoader:238 - Cannot read IP mode file for STMicroelectronics.X-CUBE-BLE2.3.3.0
2023-10-09 08:04:41,162 [WARN] PackLoader:238 - Cannot read IP mode file for STMicroelectronics.X-CUBE-ALGOBUILD.1.3.0
2023-10-09 08:04:41,221 [WARN] PackLoader:238 - Cannot read IP mode file for STMicroelectronics.X-CUBE-AZRTOS-G0.1.1.0
2023-10-09 08:04:41,258 [WARN] PackLoader:238 - Cannot read IP mode file for STMicroelectronics.X-CUBE-NFC4.3.0.0
2023-10-09 08:04:41,272 [WARN] PackLoader:238 - Cannot read IP mode file for STMicroelectronics.FP-ATR-SIGFOX1.3.2.0
2023-10-09 08:04:41,421 [WARN] PackLoader:238 - Cannot read IP mode file for SEGGER.I-CUBE-embOS.1.3.1
2023-10-09 08:04:41,737 [WARN] PackLoader:238 - Cannot read IP mode file for STMicroelectronics.X-CUBE-GNSS1.6.0.0
2023-10-09 08:04:41,833 [WARN] PackLoader:238 - Cannot read IP mode file for STMicroelectronics.X-CUBE-AZRTOS-F4.1.1.0
2023-10-09 08:04:41,852 [WARN] PackLoader:238 - Cannot read IP mode file for wolfSSL.I-CUBE-wolfSSL.5.6.3
2023-10-09 08:04:41,964 [WARN] PackLoader:238 - Cannot read IP mode file for STMicroelectronics.X-CUBE-AZRTOS-L5.2.0.0
2023-10-09 08:04:42,150 [WARN] PackLoader:238 - Cannot read IP mode file for STMicroelectronics.X-CUBE-MEMS1.9.6.0
2023-10-09 08:04:43,150 [INFO] DbMcus:175 - Found 1951 MCUs (1903 are supported by CubeMX, 1914 are visible in CubeMX)
2023-10-09 08:04:43,153 [INFO] ApiDb:251 - Load user favorites file C:\Users\Administrator/.stm32cubeide/favorites.mcus.txt: 0 item(s)
2023-10-09 08:04:43,153 [INFO] ApiDb:255 - User favorites MCUs=[]
2023-10-09 08:04:43,153 [INFO] DbMcus:187 - Set 0 / 0 favorites MCUs
2023-10-09 08:04:43,435 [ERROR] Engine:463 - C:\Users\Administrator\.stm32cubemx\thirdparties\pdsc\ITTIA_DB.I-CUBE-ITTIADB.8.8.0.pdsc: PDSC version is not supported
2023-10-09 08:04:43,476 [WARN] PackLoader:238 - Cannot read IP mode file for STMicroelectronics.X-CUBE-BLEMGR.2.0.0
2023-10-09 08:04:43,574 [WARN] ConditionMgr:437 - getConditionDescription Invalid condition id : UX DEVICE CLASS RTOS Condition cause : null
2023-10-09 08:04:43,574 [WARN] ConditionMgr:437 - getConditionDescription Invalid condition id : UX DEVICE CLASS RTOS Condition cause : null
2023-10-09 08:04:43,592 [WARN] PackLoader:238 - Cannot read IP mode file for STMicroelectronics.X-CUBE-AZRTOS-H7.3.1.0
2023-10-09 08:04:43,596 [WARN] ConditionMgr:1038 - genDependencies : Invalid condition id : UX DEVICE CLASS RTOS Condition cause : null
2023-10-09 08:04:43,596 [WARN] ConditionMgr:1038 - genDependencies : Invalid condition id : UX DEVICE CLASS RTOS Condition cause : null
2023-10-09 08:04:43,599 [WARN] ConditionMgr:1038 - genDependencies : Invalid condition id : UX DEVICE CLASS RTOS Condition cause : null
2023-10-09 08:04:43,601 [WARN] ConditionMgr:1038 - genDependencies : Invalid condition id : UX DEVICE CLASS RTOS Condition cause : null
2023-10-09 08:04:43,601 [WARN] ConditionMgr:1038 - genDependencies : Invalid condition id : UX DEVICE CLASS RTOS Condition cause : null
2023-10-09 08:04:43,626 [WARN] PackLoader:238 - Cannot read IP mode file for STMicroelectronics.X-CUBE-NFC7.1.0.1
2023-10-09 08:04:43,658 [WARN] PackLoader:238 - Cannot read IP mode file for STMicroelectronics.X-CUBE-NFC6.3.0.0
2023-10-09 08:04:43,702 [WARN] PackLoader:238 - Cannot read IP mode file for STMicroelectronics.X-CUBE-EEPRMA1.4.1.0
2023-10-09 08:04:43,734 [WARN] PackLoader:238 - Cannot read IP mode file for STMicroelectronics.X-CUBE-AI.8.1.0
2023-10-09 08:04:43,878 [WARN] ConditionMgr:437 - getConditionDescription Invalid condition id : LAN8742 Phy interface Condition cause : null
2023-10-09 08:04:43,886 [WARN] PackLoader:238 - Cannot read IP mode file for STMicroelectronics.X-CUBE-AZRTOS-L4.2.0.0
2023-10-09 08:04:43,907 [WARN] ConditionMgr:1038 - genDependencies : Invalid condition id : LAN8742 Phy interface Condition cause : null
2023-10-09 08:04:43,909 [WARN] ConditionMgr:1038 - genDependencies : Invalid condition id : LAN8742 Phy interface Condition cause : null
2023-10-09 08:04:43,915 [WARN] ConditionMgr:1038 - genDependencies : Invalid condition id : LAN8742 Phy interface Condition cause : null
2023-10-09 08:04:43,960 [WARN] PackLoader:238 - Cannot read IP mode file for STMicroelectronics.X-CUBE-SFXS2LP1.4.0.0
2023-10-09 08:04:43,996 [WARN] PackLoader:238 - Cannot read IP mode file for STMicroelectronics.X-CUBE-ISPU.1.1.0
2023-10-09 08:04:44,108 [WARN] ConditionMgr:437 - getConditionDescription Invalid condition id : UX DEVICE CLASS RTOS Condition cause : null
2023-10-09 08:04:44,111 [WARN] ConditionMgr:437 - getConditionDescription Invalid condition id : UX DEVICE CLASS RTOS Condition cause : null
2023-10-09 08:04:44,129 [WARN] PackLoader:238 - Cannot read IP mode file for STMicroelectronics.X-CUBE-AZRTOS-WB.2.0.0
2023-10-09 08:04:44,135 [WARN] ConditionMgr:1038 - genDependencies : Invalid condition id : UX DEVICE CLASS RTOS Condition cause : null
2023-10-09 08:04:44,136 [WARN] ConditionMgr:1038 - genDependencies : Invalid condition id : UX DEVICE CLASS RTOS Condition cause : null
2023-10-09 08:04:44,137 [WARN] ConditionMgr:1038 - genDependencies : Invalid condition id : UX DEVICE CLASS RTOS Condition cause : null
2023-10-09 08:04:44,138 [WARN] ConditionMgr:1038 - genDependencies : Invalid condition id : UX DEVICE CLASS RTOS Condition cause : null
2023-10-09 08:04:44,139 [WARN] ConditionMgr:1038 - genDependencies : Invalid condition id : UX DEVICE CLASS RTOS Condition cause : null
2023-10-09 08:04:44,207 [WARN] PackLoader:238 - Cannot read IP mode file for STMicroelectronics.X-CUBE-SUBG2.5.0.0
2023-10-09 08:04:44,257 [ERROR] Engine:463 - C:\Users\Administrator\.stm32cubemx\thirdparties\pdsc\STMicroelectronics.X-CUBE-TOF1.3.3.1.pdsc: PDSC version is not supported
2023-10-09 08:04:44,419 [WARN] PackLoader:238 - Cannot read IP mode file for STMicroelectronics.X-CUBE-AZRTOS-G4.2.0.0
2023-10-09 08:04:44,459 [ERROR] Engine:463 - C:\Users\Administrator\.stm32cubemx\thirdparties\pdsc\STMicroelectronics.X-CUBE-FREERTOS.1.1.0.pdsc: PDSC version is not supported
2023-10-09 08:04:44,697 [WARN] PackLoader:238 - Cannot read IP mode file for portGmbH.I-Cube-SoM-uGOAL.1.1.0
2023-10-09 08:04:44,764 [WARN] PackLoader:238 - Cannot read IP mode file for STMicroelectronics.X-CUBE-ALS.1.0.1
2023-10-09 08:04:44,795 [WARN] PackLoader:238 - Cannot read IP mode file for STMicroelectronics.FP-ATR-ASTRA1.2.0.0
2023-10-09 08:04:44,796 [INFO] ThirdParty:915 - Integrity check success = true
2023-10-09 08:04:44,797 [INFO] IntegrityCheckThread:94 - exiting critical section [integrity check]
2023-10-09 08:04:44,797 [INFO] IntegrityCheckThread:97 - End integrity checks thread
2023-10-09 08:04:45,733 [INFO] DbMcusDocs:79 - Found 682 MCUs documents
2023-10-09 08:04:45,740 [INFO] ApiDb:276 - Save user favorites file C:\Users\Administrator/.stm32cubeide/favorites.mcus.txt: 0 item(s)
2023-10-09 08:04:45,745 [INFO] ApiDb:280 - User favorites MCUs=[]
2023-10-09 08:04:45,746 [INFO] DbMcusXml:100 - Load MCU database from D:\STM32\STM32CubeIDE_1.7.0\STM32CubeIDE\plugins\com.st.stm32cube.common.mx_6.3.0.202107141111\\db\/mcu/families.xml
2023-10-09 08:04:51,357 [INFO] DbMcusJson:93 - JSON generation date=Tue Nov 16 23:17:54 ICT 2021 (1637079474)
2023-10-09 08:04:56,484 [INFO] DbMcus:175 - Found 1951 MCUs (1903 are supported by CubeMX, 1914 are visible in CubeMX)
2023-10-09 08:04:56,485 [INFO] ApiDb:251 - Load user favorites file C:\Users\Administrator/.stm32cubeide/favorites.mcus.txt: 0 item(s)
2023-10-09 08:04:56,486 [INFO] ApiDb:255 - User favorites MCUs=[]
2023-10-09 08:04:56,486 [INFO] DbMcus:187 - Set 0 / 0 favorites MCUs
2023-10-09 08:04:56,550 [INFO] DbBoardsDocs:143 - JSON generation date=Tue Nov 16 23:17:54 ICT 2021 (1637079474)
2023-10-09 08:04:56,617 [INFO] DbBoardsPdsc:90 - Found 25 items
2023-10-09 08:04:56,624 [INFO] DbBoardsPdsc:90 - Found 9 items
2023-10-09 08:04:56,642 [INFO] DbBoardsPdsc:90 - Found 33 items
2023-10-09 08:04:56,649 [INFO] DbBoardsPdsc:90 - Found 1 items
2023-10-09 08:04:56,696 [INFO] DbBoardsPdsc:90 - Found 48 items
2023-10-09 08:04:56,726 [INFO] DbBoardsPdsc:90 - Found 43 items
2023-10-09 08:04:56,730 [INFO] DbBoardsPdsc:90 - Found 2 items
2023-10-09 08:04:56,734 [INFO] DbBoardsPdsc:90 - Found 5 items
2023-10-09 08:04:56,749 [WARN] DbBoardsPdsc:254 - Board STM32H7B3I-DK: unknown feature type=Audio, name=, username=Audio stereo codec with Headphone Amp (CS42L51-CNZ), n=1
2023-10-09 08:04:56,750 [WARN] DbBoardsPdsc:254 - Board STM32H735G-DK: unknown feature type=Audio, name=, username=Audio stereo codec with Headphone Amp (WM8994ECS/R), n=1
2023-10-09 08:04:56,755 [WARN] DbBoardsPdsc:254 - Board STM32H7B3I-EVAL: unknown feature type=Audio, name=, username=Multi-Channel Audio Codec (CS42L51-CNZ), n=1
2023-10-09 08:04:56,756 [WARN] DbBoardsPdsc:254 - Board STM32H7B3I-EVAL: unknown feature type=Meter, name=, username=Power-metering and Temperature-monitoring with sigma-delta modulators, n=1
2023-10-09 08:04:56,756 [WARN] DbBoardsPdsc:254 - Board STM32H7B3I-EVAL: unknown feature type=Motor, name=, username=Motor Control, n=1
2023-10-09 08:04:56,758 [WARN] DbBoardsPdsc:254 - Board STM32U575I-EV: unknown feature type=joystick, name=, username=4-direction joystick with selection button, n=1
2023-10-09 08:04:56,845 [INFO] DbBoardsJson:86 - JSON generation date=Tue Nov 16 23:17:54 ICT 2021 (1637079474)
2023-10-09 08:04:56,874 [INFO] DbBoards:117 - Found 167 boards (163 are supported by CubeMX)
2023-10-09 08:04:56,891 [INFO] DbBoardsDocs:143 - JSON generation date=Tue Nov 16 23:17:54 ICT 2021 (1637079474)
2023-10-09 08:04:56,917 [INFO] DbBoardsDocs:79 - Found 209 boards documents
2023-10-09 08:04:56,921 [WARN] DbBoards:127 - board B-L475E-IOT01A2 has no document id list !
2023-10-09 08:04:56,924 [WARN] DbBoards:127 - board NUCLEO-H743ZI has no document id list !
2023-10-09 08:04:56,933 [WARN] DbBoards:127 - board NUCLEO-WL55JC2 has no document id list !
2023-10-09 08:04:56,933 [WARN] DbBoards:127 - board P-NUCLEO-WB55-Nucleo has no document id list !
2023-10-09 08:04:56,933 [WARN] DbBoards:127 - board P-NUCLEO-WB55-USBDongle has no document id list !
2023-10-09 08:04:56,934 [WARN] DbBoards:127 - board STEVAL-BFA001V1B has no document id list !
2023-10-09 08:04:56,935 [WARN] DbBoards:127 - board STEVAL-BFA001V2B has no document id list !
2023-10-09 08:04:56,935 [WARN] DbBoards:127 - board STEVAL-IDP005V1 has no document id list !
2023-10-09 08:04:56,935 [WARN] DbBoards:127 - board STEVAL-IDP005V2 has no document id list !
2023-10-09 08:04:56,935 [WARN] DbBoards:127 - board STEVAL-MKSBOX1V1 has no document id list !
2023-10-09 08:04:56,936 [WARN] DbBoards:127 - board STEVAL-STWINKT1 has no document id list !
2023-10-09 08:04:56,936 [WARN] DbBoards:127 - board STEVAL-STWINKT1B has no document id list !
2023-10-09 08:04:56,936 [WARN] DbBoards:127 - board STM32439I-EVAL2 has no document id list !
2023-10-09 08:04:56,938 [WARN] DbBoards:127 - board STM32F401C-DISCO has no document id list !
2023-10-09 08:04:56,939 [WARN] DbBoards:127 - board STM32F769I-DISC1 has no document id list !
2023-10-09 08:04:56,941 [WARN] DbBoards:127 - board STM32G474E-EVAL1 has no document id list !
2023-10-09 08:04:56,941 [WARN] DbBoards:127 - board STM32H743I-EVAL2 has no document id list !
2023-10-09 08:04:56,942 [WARN] DbBoards:127 - board STM32H747I-DISC1 has no document id list !
2023-10-09 08:04:56,942 [WARN] DbBoards:127 - board STM32H753I-EVAL2 has no document id list !
2023-10-09 08:04:56,946 [WARN] DbBoards:127 - board STM32L-DISCOVERY has no document id list !
2023-10-09 08:04:57,370 [ERROR] DbBoards:189 - Image file not found for board B-U585I-IOT02A: D:\STM32\STM32CubeIDE_1.7.0\STM32CubeIDE\plugins\com.st.stm32cube.common.mx_6.3.0.202107141111\\db\/plugins/mcufinder/images/boards/B-U585I-IOT02A_small.jpg
2023-10-09 08:04:57,617 [ERROR] DbBoards:189 - Image file not found for board NUCLEO-F413ZH: D:\STM32\STM32CubeIDE_1.7.0\STM32CubeIDE\plugins\com.st.stm32cube.common.mx_6.3.0.202107141111\\db\/plugins/mcufinder/images/boards/nucleo-f413zh_small.jpg
2023-10-09 08:04:58,098 [ERROR] DbBoards:189 - Image file not found for board NUCLEO-L552ZE-Q: D:\STM32\STM32CubeIDE_1.7.0\STM32CubeIDE\plugins\com.st.stm32cube.common.mx_6.3.0.202107141111\\db\/plugins/mcufinder/images/boards/nucleo_l552ze_q_small.jpg
2023-10-09 08:04:58,099 [ERROR] DbBoards:189 - Image file not found for board NUCLEO-U575ZI-Q: D:\STM32\STM32CubeIDE_1.7.0\STM32CubeIDE\plugins\com.st.stm32cube.common.mx_6.3.0.202107141111\\db\/plugins/mcufinder/images/boards/nucleo-u575zi-q_small.jpg
2023-10-09 08:04:58,099 [ERROR] DbBoards:189 - Image file not found for board NUCLEO-WB15CC: D:\STM32\STM32CubeIDE_1.7.0\STM32CubeIDE\plugins\com.st.stm32cube.common.mx_6.3.0.202107141111\\db\/plugins/mcufinder/images/boards/nucleo-wb15cc_small.jpg
2023-10-09 08:04:58,099 [ERROR] DbBoards:189 - Image file not found for board NUCLEO-WB55RG: D:\STM32\STM32CubeIDE_1.7.0\STM32CubeIDE\plugins\com.st.stm32cube.common.mx_6.3.0.202107141111\\db\/plugins/mcufinder/images/boards/nucleo-wb55rg_small.jpg
2023-10-09 08:05:00,783 [INFO] ApiDb:251 - Load user favorites file C:\Users\Administrator/.stm32cubeide/favorites.boards.txt: 0 item(s)
2023-10-09 08:05:00,783 [INFO] ApiDb:255 - User favorites Boards=[]
2023-10-09 08:05:00,783 [INFO] DbBoards:206 - Set 0 / 0 favorites Boards
2023-10-09 08:05:00,789 [INFO] DbBoardsDocs:79 - Found 418 boards documents
2023-10-09 08:05:00,790 [INFO] ApiDb:276 - Save user favorites file C:\Users\Administrator/.stm32cubeide/favorites.boards.txt: 0 item(s)
2023-10-09 08:05:00,790 [INFO] ApiDb:280 - User favorites Boards=[]
2023-10-09 08:05:00,794 [INFO] DbBoardsPdsc:90 - Found 25 items
2023-10-09 08:05:00,797 [INFO] DbBoardsPdsc:90 - Found 9 items
2023-10-09 08:05:00,802 [INFO] DbBoardsPdsc:90 - Found 33 items
2023-10-09 08:05:00,804 [INFO] DbBoardsPdsc:90 - Found 1 items
2023-10-09 08:05:00,812 [INFO] DbBoardsPdsc:90 - Found 48 items
2023-10-09 08:05:00,823 [INFO] DbBoardsPdsc:90 - Found 43 items
2023-10-09 08:05:00,825 [INFO] DbBoardsPdsc:90 - Found 2 items
2023-10-09 08:05:00,827 [INFO] DbBoardsPdsc:90 - Found 5 items
2023-10-09 08:05:00,832 [WARN] DbBoardsPdsc:254 - Board STM32H7B3I-DK: unknown feature type=Audio, name=, username=Audio stereo codec with Headphone Amp (CS42L51-CNZ), n=1
2023-10-09 08:05:00,833 [WARN] DbBoardsPdsc:254 - Board STM32H735G-DK: unknown feature type=Audio, name=, username=Audio stereo codec with Headphone Amp (WM8994ECS/R), n=1
2023-10-09 08:05:00,836 [WARN] DbBoardsPdsc:254 - Board STM32H7B3I-EVAL: unknown feature type=Audio, name=, username=Multi-Channel Audio Codec (CS42L51-CNZ), n=1
2023-10-09 08:05:00,837 [WARN] DbBoardsPdsc:254 - Board STM32H7B3I-EVAL: unknown feature type=Meter, name=, username=Power-metering and Temperature-monitoring with sigma-delta modulators, n=1
2023-10-09 08:05:00,837 [WARN] DbBoardsPdsc:254 - Board STM32H7B3I-EVAL: unknown feature type=Motor, name=, username=Motor Control, n=1
2023-10-09 08:05:00,838 [WARN] DbBoardsPdsc:254 - Board STM32U575I-EV: unknown feature type=joystick, name=, username=4-direction joystick with selection button, n=1
2023-10-09 08:05:00,873 [INFO] DbBoardsJson:86 - JSON generation date=Tue Nov 16 23:17:54 ICT 2021 (1637079474)
2023-10-09 08:05:00,883 [INFO] DbBoards:117 - Found 167 boards (163 are supported by CubeMX)
2023-10-09 08:05:00,884 [WARN] DbBoards:127 - board B-L475E-IOT01A2 has no document id list !
2023-10-09 08:05:00,887 [WARN] DbBoards:127 - board NUCLEO-H743ZI has no document id list !
2023-10-09 08:05:00,888 [WARN] DbBoards:127 - board NUCLEO-WL55JC2 has no document id list !
2023-10-09 08:05:00,888 [WARN] DbBoards:127 - board P-NUCLEO-WB55-Nucleo has no document id list !
2023-10-09 08:05:00,888 [WARN] DbBoards:127 - board P-NUCLEO-WB55-USBDongle has no document id list !
2023-10-09 08:05:00,888 [WARN] DbBoards:127 - board STEVAL-BFA001V1B has no document id list !
2023-10-09 08:05:00,889 [WARN] DbBoards:127 - board STEVAL-BFA001V2B has no document id list !
2023-10-09 08:05:00,889 [WARN] DbBoards:127 - board STEVAL-IDP005V1 has no document id list !
2023-10-09 08:05:00,889 [WARN] DbBoards:127 - board STEVAL-IDP005V2 has no document id list !
2023-10-09 08:05:00,889 [WARN] DbBoards:127 - board STEVAL-MKSBOX1V1 has no document id list !
2023-10-09 08:05:00,889 [WARN] DbBoards:127 - board STEVAL-STWINKT1 has no document id list !
2023-10-09 08:05:00,889 [WARN] DbBoards:127 - board STEVAL-STWINKT1B has no document id list !
2023-10-09 08:05:00,889 [WARN] DbBoards:127 - board STM32439I-EVAL2 has no document id list !
2023-10-09 08:05:00,890 [WARN] DbBoards:127 - board STM32F401C-DISCO has no document id list !
2023-10-09 08:05:00,890 [WARN] DbBoards:127 - board STM32F769I-DISC1 has no document id list !
2023-10-09 08:05:00,890 [WARN] DbBoards:127 - board STM32G474E-EVAL1 has no document id list !
2023-10-09 08:05:00,891 [WARN] DbBoards:127 - board STM32H743I-EVAL2 has no document id list !
2023-10-09 08:05:00,891 [WARN] DbBoards:127 - board STM32H747I-DISC1 has no document id list !
2023-10-09 08:05:00,891 [WARN] DbBoards:127 - board STM32H753I-EVAL2 has no document id list !
2023-10-09 08:05:00,891 [WARN] DbBoards:127 - board STM32L-DISCOVERY has no document id list !
2023-10-09 08:05:01,065 [ERROR] DbBoards:189 - Image file not found for board B-U585I-IOT02A: D:\STM32\STM32CubeIDE_1.7.0\STM32CubeIDE\plugins\com.st.stm32cube.common.mx_6.3.0.202107141111\\db\/plugins/mcufinder/images/boards/B-U585I-IOT02A_small.jpg
2023-10-09 08:05:01,224 [ERROR] DbBoards:189 - Image file not found for board NUCLEO-F413ZH: D:\STM32\STM32CubeIDE_1.7.0\STM32CubeIDE\plugins\com.st.stm32cube.common.mx_6.3.0.202107141111\\db\/plugins/mcufinder/images/boards/nucleo-f413zh_small.jpg
2023-10-09 08:05:01,631 [ERROR] DbBoards:189 - Image file not found for board NUCLEO-L552ZE-Q: D:\STM32\STM32CubeIDE_1.7.0\STM32CubeIDE\plugins\com.st.stm32cube.common.mx_6.3.0.202107141111\\db\/plugins/mcufinder/images/boards/nucleo_l552ze_q_small.jpg
2023-10-09 08:05:01,631 [ERROR] DbBoards:189 - Image file not found for board NUCLEO-U575ZI-Q: D:\STM32\STM32CubeIDE_1.7.0\STM32CubeIDE\plugins\com.st.stm32cube.common.mx_6.3.0.202107141111\\db\/plugins/mcufinder/images/boards/nucleo-u575zi-q_small.jpg
2023-10-09 08:05:01,631 [ERROR] DbBoards:189 - Image file not found for board NUCLEO-WB15CC: D:\STM32\STM32CubeIDE_1.7.0\STM32CubeIDE\plugins\com.st.stm32cube.common.mx_6.3.0.202107141111\\db\/plugins/mcufinder/images/boards/nucleo-wb15cc_small.jpg
2023-10-09 08:05:01,632 [ERROR] DbBoards:189 - Image file not found for board NUCLEO-WB55RG: D:\STM32\STM32CubeIDE_1.7.0\STM32CubeIDE\plugins\com.st.stm32cube.common.mx_6.3.0.202107141111\\db\/plugins/mcufinder/images/boards/nucleo-wb55rg_small.jpg
2023-10-09 08:05:03,431 [INFO] ApiDb:251 - Load user favorites file C:\Users\Administrator/.stm32cubeide/favorites.boards.txt: 0 item(s)
2023-10-09 08:05:03,431 [INFO] ApiDb:255 - User favorites Boards=[]
2023-10-09 08:05:03,431 [INFO] DbBoards:206 - Set 0 / 0 favorites Boards
2023-10-09 08:05:03,451 [INFO] LoadUrlFilesThread:172 - End of LoadServerUrlFiles without Thread
2023-10-09 08:05:03,452 [INFO] TargetSelectorAdapter:224 - Refresh data is successful
2023-10-09 08:05:03,578 [INFO] ApiDb:479 - Connected to CubeFinder SQLite database (C:\Users\Administrator\.stmcufinder\plugins\mcufinder\mcu\cube-finder-db.db)
2023-10-09 08:05:07,041 [INFO] DbExamplesSqlite:411 - Ignored 27 examples not supported by CubeIDE
2023-10-09 08:05:07,042 [INFO] DbExamplesSqlite:412 - Found 7231 examples active
2023-10-09 08:05:07,042 [INFO] DbExamplesSqlite:413 - Found 677 examples obsolete
2023-10-09 08:05:07,042 [INFO] DbExamplesSqlite:414 - Found 0 examples under development
2023-10-09 08:05:07,042 [INFO] DbExamplesSqlite:415 - Found 74 examples not building
2023-10-09 08:05:07,236 [INFO] DbExamplesSqlite:108 - CubeFinder database Data Model version=2.1
2023-10-09 08:05:07,236 [INFO] DbExamplesSqlite:109 - CubeFinder database Configuration version=3.0.37
2023-10-09 08:05:07,236 [INFO] DbExamplesSqlite:110 - CubeFinder database generation date=2023-08-09 (1691586011)
2023-10-09 08:05:07,236 [INFO] DbExamplesSqlite:111 - CubeFinder database FW Pack versions=[FP-ATR-ASTRA1_V2.0.0, FP-SNS-FLIGHT1_V5.0.1, FP-SNS-FLIGHT1_V5.0.2, FP-SNS-MOTENV1_V4.3.1, FP-SNS-MOTENV1_V4.3.2, STM32Cube_FW_C0_V1.1.0, STM32Cube_FW_F4_V1.27.1, STM32Cube_FW_F7_V1.17.0, STM32Cube_FW_G0_V1.6.1, STM32Cube_FW_G4_V1.5.1, STM32Cube_FW_H5_V0.5.1, STM32Cube_FW_H5_V1.1.0, STM32Cube_FW_H7_V1.11.0, STM32Cube_FW_L0_V1.12.2, STM32Cube_FW_L5_V1.5.0, STM32Cube_FW_U5_V1.3.0, STM32Cube_FW_U5_V1.3.0RC4, STM32Cube_FW_WBA_V1.0.0RC1, STM32Cube_FW_WBA_V1.1.0, STM32Cube_FW_WBA_V1.1.0RC1, STM32Cube_FW_WB_V1.15.0RC1, STM32Cube_FW_WB_V1.16.0, STM32Cube_FW_WB_V1.16.0RC2, STM32Cube_FW_WB_V1.17.0, STM32Cube_FW_WL_V1.3.0, X-CUBE-ALGOBUILD_V1.3.0, X-CUBE-ALS_V1.0.1, X-CUBE-AZRTOS-F4_V1.1.0, X-CUBE-AZRTOS-F7_V1.1.0, X-CUBE-AZRTOS-G0_V1.1.0, X-CUBE-AZRTOS-G4_V2.0.0, X-CUBE-AZRTOS-H7_V3.1.0, X-CUBE-AZRTOS-L4_V1.0.0, X-CUBE-AZRTOS-L4_V2.0.0, X-CUBE-AZRTOS-L5_V1.1.0, X-CUBE-AZRTOS-WB_V1.1.0, X-CUBE-AZRTOS-WL_V2.0.0, X-CUBE-BLE1_V7.0.0, X-CUBE-BLE2_V3.3.0, X-CUBE-BLEMGR_V2.0.0, X-CUBE-EEPRMA1_V4.1.0, X-CUBE-FREERTOS_V1.1.0, X-CUBE-GNSS1_V6.0.0, X-CUBE-MEMS1_V9.1.0, X-CUBE-MEMS1_V9.4.0, X-CUBE-MEMS1_V9.6.0, X-CUBE-NFC4_V3.0.0, X-CUBE-NFC7_V1.0.0, X-CUBE-SFXS2LP1_V4.0.0, X-CUBE-SUBG2_V5.0.0, X-CUBE-TOF1_V3.3.1]
2023-10-09 08:05:07,238 [INFO] DbExamples:130 - Found 7278 examples
2023-10-09 08:05:09,300 [ERROR] DbExamples:206 - Found 7278 examples with invalid data (board or MCU)
2023-10-09 08:05:09,301 [INFO] DbExamples:222 - Found 79 boards with related examples
2023-10-09 08:05:09,302 [INFO] DbExamples:235 - Found 0 MCUs with related examples
2023-10-09 08:05:09,340 [INFO] ApiDb:242 - User favorites file not found: C:\Users\Administrator/.stm32cubeide/favorites.examples.txt
2023-10-09 08:05:09,341 [INFO] DbExamples:256 - Set 0 / 0 favorites Examples
2023-10-09 08:05:09,913 [INFO] McuFinderGlobals:52 - Set McuFinderConnectedMode to false
2023-10-09 08:05:10,089 [INFO] CrossSelectorPresenter:1330 - Cross Selector saved comparison directory: C:\Users\Administrator\.stmcufinder\plugins\mcufinder\mcu\cs_comparisons_mx
2023-10-09 08:05:10,097 [INFO] MultiScanPanel:197 - Auto-refresh data requested => check proxy status ongoing
2023-10-09 08:05:10,097 [INFO] MultiScanPanel:201 - Proxy status is invalid
2023-10-09 08:05:10,100 [INFO] FinderPluginLoader:87 - Searching for filters in installed packs
2023-10-09 08:05:11,241 [INFO] DetailPanel:309 - Set advertising image to C:/Users/Administrator/STM32Cube/Repository/\en.prom-stm32h5-mcu-finder.jpg
2023-10-09 08:59:56,944 [INFO] MainUpdater:2671 - connection check result : 10
2023-10-09 08:59:56,947 [INFO] MainUpdater:2671 - connection check result : 10
2023-10-09 08:59:57,029 [INFO] MicroXplorer:448 - Change Database Path : 
2023-10-09 08:59:57,030 [INFO] MicroXplorer:478 - Change Database Version : DB.6.0.30
2023-10-09 08:59:57,030 [WARN] ThirdParty:813 - waiting for thirdparty lock release [close project]
2023-10-09 08:59:57,031 [INFO] ThirdParty:815 - entering critical section [close project]
2023-10-09 08:59:57,036 [INFO] ThirdParty:825 - exiting critical section [close project]
2023-10-09 08:59:57,051 [INFO] PinOutPanel:1463 - setPackage(No Configuration,No Configuration)
2023-10-09 08:59:57,055 [INFO] UtilMem:74 - Begin LoadConfig() Used Memory: 645735088 Bytes (879755264)
2023-10-09 08:59:57,059 [INFO] MicroXplorer:448 - Change Database Path : 
2023-10-09 08:59:57,059 [INFO] MicroXplorer:478 - Change Database Version : DB.6.0.30
2023-10-09 08:59:57,059 [INFO] OpenFileManager:313 - Change cursor
2023-10-09 08:59:58,183 [INFO] Context:592 - Trying to add GPIOservice into a context  which must be forbidden
2023-10-09 08:59:58,565 [INFO] ImportTextPane:167 - (OptionalMessage_ERROR) Unable to find key (Mcu.ThirdPartyNb) in loaded IOC file
2023-10-09 08:59:58,565 [INFO] ImportTextPane:167 - (OptionalMessage_ERROR) Unable to find key (Mcu.PinsNb) in loaded IOC file
2023-10-09 08:59:58,565 [INFO] ImportTextPane:167 - (OptionalMessage_ERROR) Unable to find key (Mcu.IPNb) in loaded IOC file
2023-10-09 08:59:58,646 [WARN] ApiManager:304 - Cannot register API 'Board Extension:GNSS1A1' from pack STMicroelectronics.X-CUBE-GNSS1.6.0.0: no header file found
2023-10-09 08:59:58,646 [WARN] ApiManager:304 - Cannot register API 'Board Support:Custom' from pack STMicroelectronics.X-CUBE-GNSS1.6.0.0: no header file found
2023-10-09 08:59:58,646 [WARN] ApiManager:304 - Cannot register API 'Data Exchange:lib_gnss' from pack STMicroelectronics.X-CUBE-GNSS1.6.0.0: no header file found
2023-10-09 08:59:58,656 [WARN] ApiManager:304 - Cannot register API 'Wireless:BlueNRG-MS' from pack STMicroelectronics.X-CUBE-BLE1.7.0.0: no header file found
2023-10-09 08:59:58,662 [WARN] ModelIntegratedComponent:60 - No mode defined for component null
2023-10-09 08:59:58,662 [WARN] ModelIntegratedComponent:60 - No mode defined for component null
2023-10-09 08:59:58,662 [WARN] ModelIntegratedComponent:60 - No mode defined for component null
2023-10-09 08:59:58,662 [WARN] ModelIntegratedComponent:60 - No mode defined for component null
2023-10-09 08:59:58,663 [WARN] ModelIntegratedComponent:60 - No mode defined for component null
2023-10-09 08:59:58,663 [WARN] ModelIntegratedComponent:60 - No mode defined for component null
2023-10-09 08:59:58,663 [WARN] ModelIntegratedComponent:60 - No mode defined for component null
2023-10-09 08:59:58,663 [WARN] ModelIntegratedComponent:60 - No mode defined for component null
2023-10-09 08:59:58,663 [WARN] ModelIntegratedComponent:60 - No mode defined for component null
2023-10-09 08:59:58,663 [WARN] ModelIntegratedComponent:60 - No mode defined for component null
2023-10-09 08:59:58,663 [WARN] ModelIntegratedComponent:60 - No mode defined for component null
2023-10-09 08:59:58,663 [WARN] ModelIntegratedComponent:60 - No mode defined for component null
2023-10-09 08:59:58,663 [WARN] ModelIntegratedComponent:60 - No mode defined for component null
2023-10-09 08:59:58,664 [WARN] ModelIntegratedComponent:60 - No mode defined for component null
2023-10-09 08:59:58,664 [WARN] ModelIntegratedComponent:60 - No mode defined for component null
2023-10-09 08:59:58,664 [WARN] ModelIntegratedComponent:60 - No mode defined for component null
2023-10-09 08:59:58,664 [WARN] ModelIntegratedComponent:60 - No mode defined for component null
2023-10-09 08:59:58,664 [WARN] ModelIntegratedComponent:60 - No mode defined for component null
2023-10-09 08:59:58,664 [WARN] ModelIntegratedComponent:60 - No mode defined for component null
2023-10-09 08:59:58,664 [WARN] ModelIntegratedComponent:60 - No mode defined for component null
2023-10-09 08:59:58,664 [WARN] ModelIntegratedComponent:60 - No mode defined for component null
2023-10-09 08:59:58,665 [WARN] ModelIntegratedComponent:60 - No mode defined for component null
2023-10-09 08:59:58,665 [WARN] ModelIntegratedComponent:60 - No mode defined for component null
2023-10-09 08:59:58,665 [WARN] ModelIntegratedComponent:60 - No mode defined for component null
2023-10-09 08:59:58,665 [WARN] ModelIntegratedComponent:60 - No mode defined for component null
2023-10-09 08:59:58,665 [WARN] ModelIntegratedComponent:60 - No mode defined for component null
2023-10-09 08:59:58,665 [WARN] ModelIntegratedComponent:60 - No mode defined for component null
2023-10-09 08:59:58,665 [WARN] ModelIntegratedComponent:60 - No mode defined for component null
2023-10-09 08:59:58,665 [WARN] ModelIntegratedComponent:60 - No mode defined for component null
2023-10-09 08:59:58,665 [WARN] ModelIntegratedComponent:60 - No mode defined for component null
2023-10-09 08:59:58,666 [WARN] ModelIntegratedComponent:60 - No mode defined for component null
2023-10-09 08:59:58,672 [WARN] ApiManager:304 - Cannot register API 'Board Extension:NFC07A1' from pack STMicroelectronics.X-CUBE-NFC7.1.0.1: no header file found
2023-10-09 08:59:58,685 [WARN] ApiManager:304 - Cannot register API 'Board Extension:NFC06A1' from pack STMicroelectronics.X-CUBE-NFC6.3.0.0: no header file found
2023-10-09 08:59:58,686 [WARN] ApiManager:304 - Cannot register API 'Board Extension:NFC08A1' from pack STMicroelectronics.X-CUBE-NFC6.3.0.0: no header file found
2023-10-09 08:59:58,688 [WARN] ApiManager:304 - Cannot register API 'Board Extension:EEPRMA1' from pack STMicroelectronics.X-CUBE-EEPRMA1.4.1.0: no header file found
2023-10-09 08:59:58,688 [WARN] ApiManager:304 - Cannot register API 'Board Extension:EEPRMA2' from pack STMicroelectronics.X-CUBE-EEPRMA1.4.1.0: no header file found
2023-10-09 08:59:58,689 [WARN] ApiManager:304 - Cannot register API 'Board Extension:PGEEZ1' from pack STMicroelectronics.X-CUBE-EEPRMA1.4.1.0: no header file found
2023-10-09 08:59:58,689 [WARN] ApiManager:304 - Cannot register API 'Board Part:M24' from pack STMicroelectronics.X-CUBE-EEPRMA1.4.1.0: no header file found
2023-10-09 08:59:58,689 [WARN] ApiManager:304 - Cannot register API 'Board Part:M95' from pack STMicroelectronics.X-CUBE-EEPRMA1.4.1.0: no header file found
2023-10-09 08:59:58,689 [WARN] ApiManager:304 - Cannot register API 'Board Part:M95P32' from pack STMicroelectronics.X-CUBE-EEPRMA1.4.1.0: no header file found
2023-10-09 08:59:58,689 [WARN] ApiManager:304 - Cannot register API 'PGEEZ1:SPI' from pack STMicroelectronics.X-CUBE-EEPRMA1.4.1.0: no header file found
2023-10-09 08:59:58,689 [WARN] ApiManager:304 - Cannot register API 'PGEEZ1:QDSPI' from pack STMicroelectronics.X-CUBE-EEPRMA1.4.1.0: no header file found
2023-10-09 08:59:59,316 [WARN] ApiManager:304 - Cannot register API 'Board Extension:IKS01A3' from pack STMicroelectronics.X-CUBE-MEMS1.9.6.0: no header file found
2023-10-09 08:59:59,316 [WARN] ApiManager:304 - Cannot register API 'Board Extension:IKS01A2' from pack STMicroelectronics.X-CUBE-MEMS1.9.6.0: no header file found
2023-10-09 08:59:59,316 [WARN] ApiManager:304 - Cannot register API 'Board Extension:IKS02A1' from pack STMicroelectronics.X-CUBE-MEMS1.9.6.0: no header file found
2023-10-09 08:59:59,345 [INFO] RtosManager:484 - Registered RTOS mode: class=CMSIS, group=RTOS, mode=CMSIS_V1, owner=FREERTOS
2023-10-09 08:59:59,345 [INFO] RtosManager:484 - Registered RTOS mode: class=CMSIS, group=RTOS2, mode=CMSIS_V2, owner=FREERTOS
2023-10-09 08:59:59,345 [INFO] RtosManager:484 - Registered RTOS mode: class=RTOS, group=Core, mode=CMSIS_V1, owner=FREERTOS
2023-10-09 08:59:59,345 [INFO] RtosManager:484 - Registered RTOS mode: class=RTOS, group=Core, mode=CMSIS_V2, owner=FREERTOS
2023-10-09 08:59:59,346 [WARN] ModelIntegratedComponent:181 - Missing modes for component STMicroelectronics:FreeRTOS:0.0.1:STMicroelectronics:RTOS:FreeRTOS:Core:::10.2.0:
2023-10-09 08:59:59,350 [WARN] ApiManager:304 - Cannot register API 'Board Extension:NFC04A1' from pack STMicroelectronics.X-CUBE-NFC4.3.0.0: no header file found
2023-10-09 08:59:59,356 [WARN] ApiManager:304 - Cannot register API 'Board Extension:S2868A1' from pack STMicroelectronics.X-CUBE-SUBG2.5.0.0: no header file found
2023-10-09 08:59:59,357 [WARN] ApiManager:304 - Cannot register API 'Board Extension:S2868A2' from pack STMicroelectronics.X-CUBE-SUBG2.5.0.0: no header file found
2023-10-09 08:59:59,357 [WARN] ApiManager:304 - Cannot register API 'Board Extension:S2915A1' from pack STMicroelectronics.X-CUBE-SUBG2.5.0.0: no header file found
2023-10-09 08:59:59,364 [WARN] ApiManager:304 - Cannot register API 'Board Extension:S2868A1' from pack STMicroelectronics.X-CUBE-SFXS2LP1.4.0.0: no header file found
2023-10-09 08:59:59,365 [WARN] ApiManager:304 - Cannot register API 'Board Extension:S2868A2' from pack STMicroelectronics.X-CUBE-SFXS2LP1.4.0.0: no header file found
2023-10-09 08:59:59,365 [WARN] ApiManager:304 - Cannot register API 'Board Extension:S2915A1' from pack STMicroelectronics.X-CUBE-SFXS2LP1.4.0.0: no header file found
2023-10-09 08:59:59,367 [WARN] ApiManager:304 - Cannot register API 'Wireless:BlueNRG-2' from pack STMicroelectronics.X-CUBE-BLE2.3.3.0: no header file found
2023-10-09 09:00:02,387 [INFO] UtilMem:74 - End LoadConfig() Used Memory: 738166160 Bytes (888143872)
2023-10-09 09:00:02,392 [WARN] ThirdParty:779 - waiting for thirdparty lock release [change project]
2023-10-09 09:00:02,392 [INFO] ThirdParty:781 - entering critical section [change project]
2023-10-09 09:00:02,392 [INFO] ThirdParty:967 - CMSIS Pack Vendor :STMicroelectronics X-CUBE-ISPU 1.1.0
2023-10-09 09:00:02,392 [INFO] ThirdParty:967 - CMSIS Pack Vendor :STMicroelectronics X-CUBE-GNSS1 6.0.0
2023-10-09 09:00:02,392 [INFO] ThirdParty:967 - CMSIS Pack Vendor :STMicroelectronics USB_HOST 2.0.0
2023-10-09 09:00:02,392 [INFO] ThirdParty:967 - CMSIS Pack Vendor :STMicroelectronics X-CUBE-AZRTOS-F4 1.1.0
2023-10-09 09:00:02,393 [INFO] ThirdParty:967 - CMSIS Pack Vendor :STMicroelectronics X-CUBE-BLE1 7.0.0
2023-10-09 09:00:02,393 [INFO] ThirdParty:967 - CMSIS Pack Vendor :STMicroelectronics FP-ATR-SIGFOX1 3.2.0
2023-10-09 09:00:02,393 [INFO] ThirdParty:967 - CMSIS Pack Vendor :wolfSSL I-CUBE-wolfSSL 5.6.3
2023-10-09 09:00:02,393 [INFO] ThirdParty:967 - CMSIS Pack Vendor :STMicroelectronics USB_DEVICE 3.0.0
2023-10-09 09:00:02,393 [INFO] ThirdParty:967 - CMSIS Pack Vendor :STMicroelectronics HAL Drivers 0.0.0
2023-10-09 09:00:02,393 [INFO] ThirdParty:967 - CMSIS Pack Vendor :STMicroelectronics MBEDTLS 2.16.2
2023-10-09 09:00:02,393 [INFO] ThirdParty:967 - CMSIS Pack Vendor :STMicroelectronics X-CUBE-AZRTOS-WB 2.0.0
2023-10-09 09:00:02,393 [INFO] ThirdParty:967 - CMSIS Pack Vendor :STMicroelectronics X-CUBE-TOUCHGFX 4.22.0
2023-10-09 09:00:02,393 [INFO] ThirdParty:967 - CMSIS Pack Vendor :STMicroelectronics X-CUBE-NFC7 1.0.1
2023-10-09 09:00:02,393 [INFO] ThirdParty:967 - CMSIS Pack Vendor :STMicroelectronics MBEDTLS 2.14.1
2023-10-09 09:00:02,393 [INFO] ThirdParty:967 - CMSIS Pack Vendor :STMicroelectronics X-CUBE-TOUCHGFX 4.22.1
2023-10-09 09:00:02,394 [INFO] ThirdParty:967 - CMSIS Pack Vendor :STMicroelectronics X-CUBE-AZRTOS-F7 1.1.0
2023-10-09 09:00:02,394 [INFO] ThirdParty:967 - CMSIS Pack Vendor :STMicroelectronics X-CUBE-AZRTOS-L5 2.0.0
2023-10-09 09:00:02,394 [INFO] ThirdParty:967 - CMSIS Pack Vendor :STMicroelectronics X-CUBE-NFC6 3.0.0
2023-10-09 09:00:02,394 [INFO] ThirdParty:967 - CMSIS Pack Vendor :STMicroelectronics X-CUBE-EEPRMA1 4.1.0
2023-10-09 09:00:02,394 [INFO] ThirdParty:967 - CMSIS Pack Vendor :portGmbH I-Cube-SoM-uGOAL 1.1.0
2023-10-09 09:00:02,394 [INFO] ThirdParty:967 - CMSIS Pack Vendor :STMicroelectronics X-CUBE-ALS 1.0.1
2023-10-09 09:00:02,394 [INFO] ThirdParty:967 - CMSIS Pack Vendor :STMicroelectronics USB_DEVICE 2.0.0
2023-10-09 09:00:02,394 [INFO] ThirdParty:967 - CMSIS Pack Vendor :STMicroelectronics X-CUBE-MEMS1 9.6.0
2023-10-09 09:00:02,394 [INFO] ThirdParty:967 - CMSIS Pack Vendor :STMicroelectronics X-CUBE-AZRTOS-WL 2.0.0
2023-10-09 09:00:02,394 [INFO] ThirdParty:967 - CMSIS Pack Vendor :STMicroelectronics X-CUBE-ALGOBUILD 1.3.0
2023-10-09 09:00:02,395 [INFO] ThirdParty:967 - CMSIS Pack Vendor :SEGGER I-CUBE-embOS 1.3.1
2023-10-09 09:00:02,395 [INFO] ThirdParty:967 - CMSIS Pack Vendor :STMicroelectronics FreeRTOS 0.0.1
2023-10-09 09:00:02,395 [INFO] ThirdParty:967 - CMSIS Pack Vendor :STMicroelectronics X-CUBE-AZRTOS-G0 1.1.0
2023-10-09 09:00:02,395 [INFO] ThirdParty:967 - CMSIS Pack Vendor :STMicroelectronics USB_DEVICE 1.0.0
2023-10-09 09:00:02,395 [INFO] ThirdParty:967 - CMSIS Pack Vendor :STMicroelectronics X-CUBE-BLEMGR 2.0.0
2023-10-09 09:00:02,395 [INFO] ThirdParty:967 - CMSIS Pack Vendor :STMicroelectronics X-CUBE-AI 8.1.0
2023-10-09 09:00:02,395 [INFO] ThirdParty:967 - CMSIS Pack Vendor :STMicroelectronics X-CUBE-NFC4 3.0.0
2023-10-09 09:00:02,395 [INFO] ThirdParty:967 - CMSIS Pack Vendor :STMicroelectronics X-CUBE-SUBG2 5.0.0
2023-10-09 09:00:02,395 [INFO] ThirdParty:967 - CMSIS Pack Vendor :STMicroelectronics X-CUBE-AZRTOS-L4 2.0.0
2023-10-09 09:00:02,395 [INFO] ThirdParty:967 - CMSIS Pack Vendor :STMicroelectronics ThreadX 0.0.2
2023-10-09 09:00:02,395 [INFO] ThirdParty:967 - CMSIS Pack Vendor :WES I-CUBE-Cesium 1.3.0
2023-10-09 09:00:02,396 [INFO] ThirdParty:967 - CMSIS Pack Vendor :STMicroelectronics FP-ATR-ASTRA1 2.0.0
2023-10-09 09:00:02,396 [INFO] ThirdParty:967 - CMSIS Pack Vendor :STMicroelectronics lwIP 2.0.3
2023-10-09 09:00:02,396 [INFO] ThirdParty:967 - CMSIS Pack Vendor :STMicroelectronics lwIP 2.1.2
2023-10-09 09:00:02,396 [INFO] ThirdParty:967 - CMSIS Pack Vendor :STMicroelectronics X-CUBE-SFXS2LP1 4.0.0
2023-10-09 09:00:02,396 [INFO] ThirdParty:967 - CMSIS Pack Vendor :STMicroelectronics X-CUBE-BLE2 3.3.0
2023-10-09 09:00:02,396 [INFO] ThirdParty:967 - CMSIS Pack Vendor :STMicroelectronics USB_HOST 1.0.0
2023-10-09 09:00:02,396 [INFO] ThirdParty:967 - CMSIS Pack Vendor :STMicroelectronics X-CUBE-AZRTOS-G4 2.0.0
2023-10-09 09:00:02,396 [INFO] ThirdParty:967 - CMSIS Pack Vendor :STMicroelectronics PDM2PCM 3.1.0
2023-10-09 09:00:02,396 [INFO] ThirdParty:967 - CMSIS Pack Vendor :STMicroelectronics X-CUBE-AZRTOS-H7 3.1.0
2023-10-09 09:00:02,396 [INFO] ThirdParty:967 - CMSIS Pack Vendor :STMicroelectronics PDM2PCM 3.2.0
2023-10-09 09:00:02,396 [INFO] ThirdParty:967 - CMSIS Pack Vendor :STMicroelectronics PDM2PCM 3.3.0
2023-10-09 09:00:02,397 [INFO] ThirdParty:787 - exiting critical section [change project]
2023-10-09 09:00:02,744 [INFO] PinOutPanel:1463 - setPackage(No Configuration,No Configuration)
2023-10-09 09:00:02,747 [INFO] PinOutPanel:1463 - setPackage(STM32F103C6Ux,UFQFPN48)
2023-10-09 09:00:03,392 [INFO] UtilMem:74 - Before build in PCC Used Memory: 661830528 Bytes (888143872)
2023-10-09 09:00:04,368 [INFO] UtilMem:74 - After build in PCC Used Memory: 740995968 Bytes (888143872)
2023-10-09 09:00:04,405 [INFO] IPUIPlugin:74 - create IPUIPlugin
2023-10-09 09:00:04,406 [INFO] IPUIPlugin:74 - create IPUIPlugin
2023-10-09 09:00:04,406 [INFO] IPUIPlugin:74 - create IPUIPlugin
2023-10-09 09:00:04,406 [INFO] IPUIPlugin:74 - create IPUIPlugin
2023-10-09 09:00:04,407 [INFO] IPUIPlugin:74 - create IPUIPlugin
2023-10-09 09:00:04,407 [INFO] IPUIPlugin:74 - create IPUIPlugin
2023-10-09 09:00:04,407 [INFO] IPUIPlugin:74 - create IPUIPlugin
2023-10-09 09:00:04,408 [INFO] IPUIPlugin:74 - create IPUIPlugin
2023-10-09 09:00:04,408 [INFO] IPUIPlugin:74 - create IPUIPlugin
2023-10-09 09:00:04,409 [INFO] IPUIPlugin:74 - create IPUIPlugin
2023-10-09 09:00:04,409 [INFO] IPUIPlugin:74 - create IPUIPlugin
2023-10-09 09:00:04,410 [INFO] IPUIPlugin:74 - create IPUIPlugin
2023-10-09 09:00:04,411 [INFO] IPUIPlugin:74 - create IPUIPlugin
2023-10-09 09:00:04,412 [INFO] IPUIPlugin:74 - create IPUIPlugin
2023-10-09 09:00:04,413 [INFO] IPUIPlugin:74 - create IPUIPlugin
2023-10-09 09:00:04,413 [INFO] IPUIPlugin:74 - create IPUIPlugin
2023-10-09 09:00:04,414 [INFO] IPUIPlugin:74 - create IPUIPlugin
2023-10-09 09:00:04,414 [INFO] IPUIPlugin:74 - create IPUIPlugin
2023-10-09 09:00:04,415 [INFO] IPUIPlugin:74 - create IPUIPlugin
2023-10-09 09:00:04,415 [INFO] IPUIPlugin:74 - create IPUIPlugin
2023-10-09 09:00:04,416 [INFO] IPUIPlugin:74 - create IPUIPlugin
2023-10-09 09:00:04,417 [INFO] IPUIPlugin:74 - create IPUIPlugin
2023-10-09 09:00:04,417 [INFO] IPUIPlugin:74 - create IPUIPlugin
2023-10-09 09:00:04,598 [INFO] OpenFileManager:333 - Restore cursor
2023-10-09 09:00:05,024 [INFO] UtilMem:74 - End SaveConfig() Used Memory: 694633968 Bytes (888143872)
2023-10-09 09:00:05,101 [INFO] UtilMem:74 - End SaveConfig() Used Memory: 707216880 Bytes (888143872)
2023-10-09 09:00:05,712 [INFO] BlockDiagram:2740 - set Specific Code input for plugin: NVIC
2023-10-09 09:00:05,712 [INFO] BlockDiagram:2740 - set Specific Code input for plugin: SYS
2023-10-09 09:00:05,713 [INFO] BlockDiagram:2740 - set Specific Code input for plugin: RCC
2023-10-09 09:00:05,714 [INFO] CodeGenerator:663 - code generatio: config db path: D:\STM32\STM32CubeIDE_1.7.0\STM32CubeIDE\plugins\com.st.stm32cube.common.mx_6.3.0.202107141111\\db\
2023-10-09 09:00:06,577 [INFO] CodeEngine:239 - oldGeneratedFile, D:\STM32_Lab\Lab2\Lab2_1_STM32\MXTmpFiles\license.tmp_save
2023-10-09 09:00:07,183 [INFO] CodeEngine:257 - Generated code: D:\STM32_Lab\Lab2\Lab2_1_STM32\MXTmpFiles\license.tmp
2023-10-09 09:00:07,338 [INFO] CodeEngine:239 - oldGeneratedFile, D:\STM32_Lab\Lab2\Lab2_1_STM32\Core\Src\stm32f1xx_it.c_save
2023-10-09 09:00:07,544 [INFO] CodeEngine:257 - Generated code: D:\STM32_Lab\Lab2\Lab2_1_STM32\Core\Src\stm32f1xx_it.c
2023-10-09 09:00:07,547 [INFO] CodeEngine:239 - oldGeneratedFile, D:\STM32_Lab\Lab2\Lab2_1_STM32\Core\Inc\stm32f1xx_it.h_save
2023-10-09 09:00:07,645 [INFO] CodeEngine:257 - Generated code: D:\STM32_Lab\Lab2\Lab2_1_STM32\Core\Inc\stm32f1xx_it.h
2023-10-09 09:00:07,657 [INFO] CodeEngine:239 - oldGeneratedFile, D:\STM32_Lab\Lab2\Lab2_1_STM32\Core\Src\stm32f1xx_hal_msp.c_save
2023-10-09 09:00:07,852 [INFO] CodeEngine:257 - Generated code: D:\STM32_Lab\Lab2\Lab2_1_STM32\Core\Src\stm32f1xx_hal_msp.c
2023-10-09 09:00:07,854 [INFO] CodeEngine:239 - oldGeneratedFile, D:\STM32_Lab\Lab2\Lab2_1_STM32\MXTmpFiles\system.tmp_save
2023-10-09 09:00:07,972 [INFO] CodeEngine:257 - Generated code: D:\STM32_Lab\Lab2\Lab2_1_STM32\MXTmpFiles\system.tmp
2023-10-09 09:00:07,981 [INFO] CodeEngine:239 - oldGeneratedFile, D:\STM32_Lab\Lab2\Lab2_1_STM32\Core\Inc\stm32f1xx_hal_conf.h_save
2023-10-09 09:00:08,083 [INFO] CodeEngine:257 - Generated code: D:\STM32_Lab\Lab2\Lab2_1_STM32\Core\Inc\stm32f1xx_hal_conf.h
2023-10-09 09:00:08,125 [INFO] CodeEngine:239 - oldGeneratedFile, D:\STM32_Lab\Lab2\Lab2_1_STM32\Core\Inc\main.h_save
2023-10-09 09:00:08,252 [INFO] CodeEngine:257 - Generated code: D:\STM32_Lab\Lab2\Lab2_1_STM32\Core\Inc\main.h
2023-10-09 09:00:08,258 [INFO] CodeEngine:239 - oldGeneratedFile, D:\STM32_Lab\Lab2\Lab2_1_STM32\Core\Src\main.c_save
2023-10-09 09:00:08,406 [INFO] CodeEngine:257 - Generated code: D:\STM32_Lab\Lab2\Lab2_1_STM32\Core\Src\main.c
2023-10-09 09:00:09,961 [INFO] ProjectBuilder:2578 - Time for Copy HAL[1] : 152mS.
2023-10-09 09:00:09,969 [INFO] ProjectBuilder:3622 - Project Generator version: 3.14.1
2023-10-09 09:00:11,004 [INFO] ConfigFileManager:1271 - The Die is : DIE412
2023-10-09 09:00:11,029 [INFO] ApiDbMcu:468 - Load IP Config File for FATFS
2023-10-09 09:00:11,081 [INFO] ApiDbMcu:468 - Load IP Config File for FREERTOS
2023-10-09 09:00:11,120 [INFO] ApiDbMcu:468 - Load IP Config File for USB_DEVICE
2023-10-09 09:00:21,289 [INFO] ProjectBuilder:3789 - Time for Generating toolchain IDE Files: 11320mS.
2023-10-09 09:00:21,290 [INFO] ProjectBuilder:2457 - Time for Copy CMSIS : 0mS.
2023-10-09 09:00:21,294 [INFO] ProjectBuilder:2457 - Time for Copy CMSIS : 0mS.
2023-10-09 09:00:22,084 [INFO] McuFinderGlobals:52 - Set McuFinderConnectedMode to true
2023-10-09 09:00:22,088 [INFO] ApiDb:276 - Save user favorites file C:\Users\Administrator/.stm32cubeide/favorites.mcus.txt: 0 item(s)
2023-10-09 09:00:22,089 [INFO] ApiDb:280 - User favorites MCUs=[]
2023-10-09 09:07:50,970 [INFO] NvicIntPanel:96 - NVIC parent = com.st.microxplorer.plugins.ip.nvic.MultiNvicIntPanel[,0,0,450x155,layout=javax.swing.BoxLayout,alignmentX=0.0,alignmentY=0.0,border=,flags=9,maximumSize=,minimumSize=,preferredSize=]
2023-10-09 09:07:53,645 [INFO] NvicIntPanel:96 - NVIC parent = com.st.microxplorer.plugins.ip.nvic.MultiNvicIntPanel[,0,0,0x0,invalid,layout=javax.swing.BoxLayout,alignmentX=0.0,alignmentY=0.0,border=,flags=9,maximumSize=,minimumSize=,preferredSize=]
2023-10-09 09:07:57,346 [INFO] UtilMem:74 - End SaveConfig() Used Memory: 746115464 Bytes (1073741824)
2023-10-09 09:07:59,252 [INFO] UtilMem:74 - End SaveConfig() Used Memory: 777698944 Bytes (1073741824)
2023-10-09 09:08:02,748 [INFO] UtilMem:74 - End SaveConfig() Used Memory: 687584256 Bytes (1073741824)
2023-10-09 09:08:03,327 [INFO] BlockDiagram:2740 - set Specific Code input for plugin: NVIC
2023-10-09 09:08:03,327 [INFO] BlockDiagram:2740 - set Specific Code input for plugin: SYS
2023-10-09 09:08:03,327 [INFO] BlockDiagram:2740 - set Specific Code input for plugin: GPIO
2023-10-09 09:08:03,327 [INFO] BlockDiagram:2740 - set Specific Code input for plugin: RCC
2023-10-09 09:08:03,327 [INFO] BlockDiagram:2740 - set Specific Code input for plugin: TIM1_8F1
2023-10-09 09:08:03,328 [INFO] CodeGenerator:663 - code generatio: config db path: D:\STM32\STM32CubeIDE_1.7.0\STM32CubeIDE\plugins\com.st.stm32cube.common.mx_6.3.0.202107141111\\db\
2023-10-09 09:08:03,906 [INFO] CodeEngine:239 - oldGeneratedFile, D:\STM32_Lab\Lab2\Lab2_1_STM32\MXTmpFiles\license.tmp_save
2023-10-09 09:08:04,010 [INFO] CodeEngine:257 - Generated code: D:\STM32_Lab\Lab2\Lab2_1_STM32\MXTmpFiles\license.tmp
2023-10-09 09:08:04,086 [INFO] CodeEngine:239 - oldGeneratedFile, D:\STM32_Lab\Lab2\Lab2_1_STM32\MXTmpFiles\gpio.tmp_save
2023-10-09 09:08:04,195 [INFO] CodeEngine:257 - Generated code: D:\STM32_Lab\Lab2\Lab2_1_STM32\MXTmpFiles\gpio.tmp
2023-10-09 09:08:04,454 [INFO] CodeEngine:239 - oldGeneratedFile, D:\STM32_Lab\Lab2\Lab2_1_STM32\Core\Src\stm32f1xx_it.c_save
2023-10-09 09:08:04,698 [INFO] CodeEngine:257 - Generated code: D:\STM32_Lab\Lab2\Lab2_1_STM32\Core\Src\stm32f1xx_it.c
2023-10-09 09:08:04,703 [INFO] CodeEngine:239 - oldGeneratedFile, D:\STM32_Lab\Lab2\Lab2_1_STM32\Core\Inc\stm32f1xx_it.h_save
2023-10-09 09:08:04,820 [INFO] CodeEngine:257 - Generated code: D:\STM32_Lab\Lab2\Lab2_1_STM32\Core\Inc\stm32f1xx_it.h
2023-10-09 09:08:04,831 [INFO] CodeEngine:239 - oldGeneratedFile, D:\STM32_Lab\Lab2\Lab2_1_STM32\Core\Src\stm32f1xx_hal_msp.c_save
2023-10-09 09:08:04,994 [INFO] CodeEngine:257 - Generated code: D:\STM32_Lab\Lab2\Lab2_1_STM32\Core\Src\stm32f1xx_hal_msp.c
2023-10-09 09:08:04,998 [INFO] CodeEngine:239 - oldGeneratedFile, D:\STM32_Lab\Lab2\Lab2_1_STM32\MXTmpFiles\system.tmp_save
2023-10-09 09:08:05,085 [INFO] CodeEngine:257 - Generated code: D:\STM32_Lab\Lab2\Lab2_1_STM32\MXTmpFiles\system.tmp
2023-10-09 09:08:05,092 [INFO] CodeEngine:239 - oldGeneratedFile, D:\STM32_Lab\Lab2\Lab2_1_STM32\Core\Inc\stm32f1xx_hal_conf.h_save
2023-10-09 09:08:05,202 [INFO] CodeEngine:257 - Generated code: D:\STM32_Lab\Lab2\Lab2_1_STM32\Core\Inc\stm32f1xx_hal_conf.h
2023-10-09 09:08:05,220 [WARN] IPConfigManager:3148 - IP not found : TIM
2023-10-09 09:08:05,221 [WARN] CodeGenerator:3268 - IP not found : null
2023-10-09 09:08:05,229 [INFO] CodeEngine:239 - oldGeneratedFile, D:\STM32_Lab\Lab2\Lab2_1_STM32\Core\Inc\main.h_save
2023-10-09 09:08:05,334 [INFO] CodeEngine:257 - Generated code: D:\STM32_Lab\Lab2\Lab2_1_STM32\Core\Inc\main.h
2023-10-09 09:08:05,344 [INFO] CodeEngine:239 - oldGeneratedFile, D:\STM32_Lab\Lab2\Lab2_1_STM32\Core\Src\main.c_save
2023-10-09 09:08:05,539 [INFO] CodeEngine:257 - Generated code: D:\STM32_Lab\Lab2\Lab2_1_STM32\Core\Src\main.c
2023-10-09 09:08:07,130 [INFO] ProjectBuilder:2578 - Time for Copy HAL[1] : 141mS.
2023-10-09 09:08:07,135 [INFO] ProjectBuilder:3622 - Project Generator version: 3.14.1
2023-10-09 09:08:08,142 [INFO] ConfigFileManager:1271 - The Die is : DIE412
2023-10-09 09:08:12,358 [INFO] ProjectBuilder:3789 - Time for Generating toolchain IDE Files: 5223mS.
2023-10-09 09:08:12,359 [INFO] ProjectBuilder:2457 - Time for Copy CMSIS : 1mS.
2023-10-09 09:08:12,361 [INFO] ProjectBuilder:2457 - Time for Copy CMSIS : 0mS.
